{"C:\\Users\\herma\\source\\repository\\electrical-website\\agent\\gates\\sensitive-content-gate.ts": {"path":"C:\\Users\\herma\\source\\repository\\electrical-website\\agent\\gates\\sensitive-content-gate.ts","statementMap":{"0":{"start":{"line":20,"column":4},"end":{"line":22,"column":null}},"1":{"start":{"line":23,"column":4},"end":{"line":23,"column":null}},"2":{"start":{"line":24,"column":4},"end":{"line":24,"column":null}},"3":{"start":{"line":25,"column":4},"end":{"line":25,"column":null}},"4":{"start":{"line":31,"column":10},"end":{"line":35,"column":null}},"5":{"start":{"line":32,"column":18},"end":{"line":35,"column":null}},"6":{"start":{"line":38,"column":4},"end":{"line":39,"column":null}},"7":{"start":{"line":39,"column":6},"end":{"line":39,"column":null}},"8":{"start":{"line":42,"column":4},"end":{"line":46,"column":null}},"9":{"start":{"line":50,"column":4},"end":{"line":68,"column":null}},"10":{"start":{"line":51,"column":6},"end":{"line":51,"column":null}},"11":{"start":{"line":52,"column":6},"end":{"line":52,"column":null}},"12":{"start":{"line":54,"column":6},"end":{"line":55,"column":null}},"13":{"start":{"line":55,"column":8},"end":{"line":55,"column":null}},"14":{"start":{"line":58,"column":6},"end":{"line":68,"column":null}}},"fnMap":{"0":{"name":"(anonymous_0)","decl":{"start":{"line":16,"column":2},"end":{"line":16,"column":null}},"loc":{"start":{"line":19,"column":4},"end":{"line":25,"column":null}},"line":19},"1":{"name":"(anonymous_1)","decl":{"start":{"line":30,"column":2},"end":{"line":30,"column":11}},"loc":{"start":{"line":30,"column":62},"end":{"line":46,"column":null}},"line":30},"2":{"name":"(anonymous_2)","decl":{"start":{"line":31,"column":53},"end":{"line":31,"column":null}},"loc":{"start":{"line":32,"column":18},"end":{"line":35,"column":null}},"line":32},"3":{"name":"(anonymous_3)","decl":{"start":{"line":49,"column":2},"end":{"line":49,"column":15}},"loc":{"start":{"line":49,"column":78},"end":{"line":68,"column":null}},"line":49}},"branchMap":{"0":{"loc":{"start":{"line":38,"column":4},"end":{"line":39,"column":null}},"type":"if","locations":[{"start":{"line":38,"column":4},"end":{"line":39,"column":null}},{"start":{},"end":{}}],"line":38},"1":{"loc":{"start":{"line":54,"column":6},"end":{"line":55,"column":null}},"type":"if","locations":[{"start":{"line":54,"column":6},"end":{"line":55,"column":null}},{"start":{},"end":{}}],"line":54}},"s":{"0":2,"1":2,"2":2,"3":2,"4":3,"5":3,"6":3,"7":1,"8":2,"9":0,"10":0,"11":0,"12":0,"13":0,"14":0},"f":{"0":2,"1":3,"2":3,"3":0},"b":{"0":[1,2],"1":[0,0]},"meta":{"lastBranch":2,"lastFunction":4,"lastStatement":15,"seen":{"f:16:2:16:Infinity":0,"s:20:4:22:Infinity":0,"s:23:4:23:Infinity":1,"s:24:4:24:Infinity":2,"s:25:4:25:Infinity":3,"f:30:2:30:11":1,"s:31:10:35:Infinity":4,"f:31:53:31:Infinity":2,"s:32:18:35:Infinity":5,"b:38:4:39:Infinity:undefined:undefined:undefined:undefined":0,"s:38:4:39:Infinity":6,"s:39:6:39:Infinity":7,"s:42:4:46:Infinity":8,"f:49:2:49:15":3,"s:50:4:68:Infinity":9,"s:51:6:51:Infinity":10,"s:52:6:52:Infinity":11,"b:54:6:55:Infinity:undefined:undefined:undefined:undefined":1,"s:54:6:55:Infinity":12,"s:55:8:55:Infinity":13,"s:58:6:68:Infinity":14}}}
,"C:\\Users\\herma\\source\\repository\\electrical-website\\agent\\security\\sensitive-content.ts": {"path":"C:\\Users\\herma\\source\\repository\\electrical-website\\agent\\security\\sensitive-content.ts","statementMap":{"0":{"start":{"line":3,"column":25},"end":{"line":10,"column":2}},"1":{"start":{"line":12,"column":32},"end":{"line":19,"column":null}},"2":{"start":{"line":22,"column":2},"end":{"line":22,"column":null}},"3":{"start":{"line":24,"column":30},"end":{"line":30,"column":null}},"4":{"start":{"line":33,"column":2},"end":{"line":33,"column":null}},"5":{"start":{"line":37,"column":2},"end":{"line":37,"column":null}},"6":{"start":{"line":37,"column":51},"end":{"line":37,"column":77}},"7":{"start":{"line":41,"column":18},"end":{"line":42,"column":null}},"8":{"start":{"line":44,"column":2},"end":{"line":44,"column":null}},"9":{"start":{"line":48,"column":2},"end":{"line":48,"column":null}},"10":{"start":{"line":56,"column":22},"end":{"line":56,"column":null}},"11":{"start":{"line":57,"column":20},"end":{"line":57,"column":null}},"12":{"start":{"line":59,"column":2},"end":{"line":68,"column":null}},"13":{"start":{"line":64,"column":4},"end":{"line":68,"column":null}},"14":{"start":{"line":71,"column":2},"end":{"line":76,"column":null}},"15":{"start":{"line":72,"column":4},"end":{"line":76,"column":null}},"16":{"start":{"line":79,"column":2},"end":{"line":86,"column":null}},"17":{"start":{"line":80,"column":4},"end":{"line":86,"column":null}},"18":{"start":{"line":81,"column":6},"end":{"line":85,"column":null}},"19":{"start":{"line":86,"column":6},"end":{"line":86,"column":null}},"20":{"start":{"line":90,"column":2},"end":{"line":100,"column":null}},"21":{"start":{"line":96,"column":4},"end":{"line":100,"column":null}},"22":{"start":{"line":111,"column":2},"end":{"line":112,"column":null}},"23":{"start":{"line":112,"column":4},"end":{"line":112,"column":null}},"24":{"start":{"line":115,"column":2},"end":{"line":117,"column":null}},"25":{"start":{"line":116,"column":4},"end":{"line":116,"column":null}},"26":{"start":{"line":117,"column":4},"end":{"line":117,"column":null}},"27":{"start":{"line":120,"column":2},"end":{"line":124,"column":null}},"28":{"start":{"line":121,"column":4},"end":{"line":123,"column":null}},"29":{"start":{"line":122,"column":6},"end":{"line":122,"column":null}},"30":{"start":{"line":124,"column":4},"end":{"line":124,"column":null}},"31":{"start":{"line":127,"column":2},"end":{"line":128,"column":null}},"32":{"start":{"line":128,"column":4},"end":{"line":128,"column":null}},"33":{"start":{"line":131,"column":2},"end":{"line":132,"column":null}},"34":{"start":{"line":132,"column":4},"end":{"line":132,"column":null}},"35":{"start":{"line":134,"column":2},"end":{"line":134,"column":null}},"36":{"start":{"line":136,"column":2},"end":{"line":137,"column":null}},"37":{"start":{"line":137,"column":4},"end":{"line":137,"column":null}},"38":{"start":{"line":142,"column":36},"end":{"line":142,"column":38}},"39":{"start":{"line":143,"column":15},"end":{"line":143,"column":36}},"40":{"start":{"line":144,"column":2},"end":{"line":144,"column":null}},"41":{"start":{"line":145,"column":2},"end":{"line":145,"column":null}},"42":{"start":{"line":149,"column":2},"end":{"line":149,"column":null}}},"fnMap":{"0":{"name":"isPlainObject","decl":{"start":{"line":32,"column":9},"end":{"line":32,"column":23}},"loc":{"start":{"line":32,"column":73},"end":{"line":33,"column":null}},"line":32},"1":{"name":"looksLikeSensitivePath","decl":{"start":{"line":36,"column":9},"end":{"line":36,"column":32}},"loc":{"start":{"line":36,"column":56},"end":{"line":37,"column":null}},"line":36},"2":{"name":"(anonymous_2)","decl":{"start":{"line":37,"column":33},"end":{"line":37,"column":39}},"loc":{"start":{"line":37,"column":51},"end":{"line":37,"column":77}},"line":37},"3":{"name":"countEnvAssignments","decl":{"start":{"line":40,"column":9},"end":{"line":40,"column":29}},"loc":{"start":{"line":40,"column":52},"end":{"line":44,"column":null}},"line":40},"4":{"name":"looksLikeVariableNameOnly","decl":{"start":{"line":47,"column":9},"end":{"line":47,"column":35}},"loc":{"start":{"line":47,"column":59},"end":{"line":48,"column":null}},"line":47},"5":{"name":"inspectString","decl":{"start":{"line":51,"column":9},"end":{"line":51,"column":null}},"loc":{"start":{"line":55,"column":8},"end":{"line":100,"column":null}},"line":55},"6":{"name":"inspectValue","decl":{"start":{"line":104,"column":9},"end":{"line":104,"column":null}},"loc":{"start":{"line":110,"column":8},"end":{"line":137,"column":null}},"line":110},"7":{"name":"(anonymous_7)","decl":{"start":{"line":121,"column":10},"end":{"line":121,"column":19}},"loc":{"start":{"line":121,"column":35},"end":{"line":123,"column":null}},"line":121},"8":{"name":"inspectForSensitiveContent","decl":{"start":{"line":141,"column":16},"end":{"line":141,"column":43}},"loc":{"start":{"line":141,"column":78},"end":{"line":145,"column":null}},"line":141},"9":{"name":"hasSensitiveContent","decl":{"start":{"line":148,"column":16},"end":{"line":148,"column":36}},"loc":{"start":{"line":148,"column":61},"end":{"line":149,"column":null}},"line":148}},"branchMap":{"0":{"loc":{"start":{"line":33,"column":9},"end":{"line":33,"column":77}},"type":"binary-expr","locations":[{"start":{"line":33,"column":9},"end":{"line":33,"column":38}},{"start":{"line":33,"column":38},"end":{"line":33,"column":56}},{"start":{"line":33,"column":56},"end":{"line":33,"column":77}}],"line":33},"1":{"loc":{"start":{"line":44,"column":9},"end":{"line":44,"column":null}},"type":"binary-expr","locations":[{"start":{"line":44,"column":9},"end":{"line":44,"column":28}},{"start":{"line":44,"column":28},"end":{"line":44,"column":null}}],"line":44},"2":{"loc":{"start":{"line":57,"column":20},"end":{"line":57,"column":null}},"type":"cond-expr","locations":[{"start":{"line":57,"column":54},"end":{"line":57,"column":68}},{"start":{"line":57,"column":68},"end":{"line":57,"column":null}}],"line":57},"3":{"loc":{"start":{"line":59,"column":2},"end":{"line":68,"column":null}},"type":"if","locations":[{"start":{"line":59,"column":2},"end":{"line":68,"column":null}},{"start":{},"end":{}}],"line":59},"4":{"loc":{"start":{"line":60,"column":4},"end":{"line":62,"column":33}},"type":"binary-expr","locations":[{"start":{"line":60,"column":4},"end":{"line":60,"column":null}},{"start":{"line":61,"column":4},"end":{"line":61,"column":35}},{"start":{"line":62,"column":4},"end":{"line":62,"column":33}}],"line":60},"5":{"loc":{"start":{"line":71,"column":2},"end":{"line":76,"column":null}},"type":"if","locations":[{"start":{"line":71,"column":2},"end":{"line":76,"column":null}},{"start":{},"end":{}}],"line":71},"6":{"loc":{"start":{"line":80,"column":4},"end":{"line":86,"column":null}},"type":"if","locations":[{"start":{"line":80,"column":4},"end":{"line":86,"column":null}},{"start":{},"end":{}}],"line":80},"7":{"loc":{"start":{"line":90,"column":2},"end":{"line":100,"column":null}},"type":"if","locations":[{"start":{"line":90,"column":2},"end":{"line":100,"column":null}},{"start":{},"end":{}}],"line":90},"8":{"loc":{"start":{"line":91,"column":4},"end":{"line":94,"column":37}},"type":"binary-expr","locations":[{"start":{"line":91,"column":4},"end":{"line":91,"column":null}},{"start":{"line":92,"column":4},"end":{"line":92,"column":35}},{"start":{"line":93,"column":4},"end":{"line":93,"column":null}},{"start":{"line":94,"column":4},"end":{"line":94,"column":37}}],"line":91},"9":{"loc":{"start":{"line":111,"column":2},"end":{"line":112,"column":null}},"type":"if","locations":[{"start":{"line":111,"column":2},"end":{"line":112,"column":null}},{"start":{},"end":{}}],"line":111},"10":{"loc":{"start":{"line":115,"column":2},"end":{"line":117,"column":null}},"type":"if","locations":[{"start":{"line":115,"column":2},"end":{"line":117,"column":null}},{"start":{},"end":{}}],"line":115},"11":{"loc":{"start":{"line":120,"column":2},"end":{"line":124,"column":null}},"type":"if","locations":[{"start":{"line":120,"column":2},"end":{"line":124,"column":null}},{"start":{},"end":{}}],"line":120},"12":{"loc":{"start":{"line":127,"column":2},"end":{"line":128,"column":null}},"type":"if","locations":[{"start":{"line":127,"column":2},"end":{"line":128,"column":null}},{"start":{},"end":{}}],"line":127},"13":{"loc":{"start":{"line":131,"column":2},"end":{"line":132,"column":null}},"type":"if","locations":[{"start":{"line":131,"column":2},"end":{"line":132,"column":null}},{"start":{},"end":{}}],"line":131}},"s":{"0":1,"1":1,"2":1,"3":1,"4":4,"5":1,"6":1,"7":6,"8":6,"9":1,"10":6,"11":6,"12":6,"13":1,"14":6,"15":1,"16":6,"17":27,"18":1,"19":1,"20":6,"21":1,"22":11,"23":0,"24":11,"25":6,"26":6,"27":5,"28":1,"29":3,"30":1,"31":4,"32":0,"33":4,"34":0,"35":4,"36":4,"37":4,"38":4,"39":4,"40":4,"41":4,"42":0},"f":{"0":4,"1":1,"2":1,"3":6,"4":1,"5":6,"6":11,"7":3,"8":4,"9":0},"b":{"0":[4,4,4],"1":[6,5],"2":[3,3],"3":[1,5],"4":[6,3,1],"5":[1,5],"6":[1,26],"7":[1,5],"8":[6,3,1,1],"9":[0,11],"10":[6,5],"11":[1,4],"12":[0,4],"13":[0,4]},"meta":{"lastBranch":14,"lastFunction":10,"lastStatement":43,"seen":{"s:3:25:10:2":0,"s:12:32:19:Infinity":1,"s:22:2:22:Infinity":2,"s:24:30:30:Infinity":3,"f:32:9:32:23":0,"s:33:2:33:Infinity":4,"b:33:9:33:38:33:38:33:56:33:56:33:77":0,"f:36:9:36:32":1,"s:37:2:37:Infinity":5,"f:37:33:37:39":2,"s:37:51:37:77":6,"f:40:9:40:29":3,"s:41:18:42:Infinity":7,"s:44:2:44:Infinity":8,"b:44:9:44:28:44:28:44:Infinity":1,"f:47:9:47:35":4,"s:48:2:48:Infinity":9,"f:51:9:51:Infinity":5,"s:56:22:56:Infinity":10,"s:57:20:57:Infinity":11,"b:57:54:57:68:57:68:57:Infinity":2,"b:59:2:68:Infinity:undefined:undefined:undefined:undefined":3,"s:59:2:68:Infinity":12,"b:60:4:60:Infinity:61:4:61:35:62:4:62:33":4,"s:64:4:68:Infinity":13,"b:71:2:76:Infinity:undefined:undefined:undefined:undefined":5,"s:71:2:76:Infinity":14,"s:72:4:76:Infinity":15,"s:79:2:86:Infinity":16,"b:80:4:86:Infinity:undefined:undefined:undefined:undefined":6,"s:80:4:86:Infinity":17,"s:81:6:85:Infinity":18,"s:86:6:86:Infinity":19,"b:90:2:100:Infinity:undefined:undefined:undefined:undefined":7,"s:90:2:100:Infinity":20,"b:91:4:91:Infinity:92:4:92:35:93:4:93:Infinity:94:4:94:37":8,"s:96:4:100:Infinity":21,"f:104:9:104:Infinity":6,"b:111:2:112:Infinity:undefined:undefined:undefined:undefined":9,"s:111:2:112:Infinity":22,"s:112:4:112:Infinity":23,"b:115:2:117:Infinity:undefined:undefined:undefined:undefined":10,"s:115:2:117:Infinity":24,"s:116:4:116:Infinity":25,"s:117:4:117:Infinity":26,"b:120:2:124:Infinity:undefined:undefined:undefined:undefined":11,"s:120:2:124:Infinity":27,"s:121:4:123:Infinity":28,"f:121:10:121:19":7,"s:122:6:122:Infinity":29,"s:124:4:124:Infinity":30,"b:127:2:128:Infinity:undefined:undefined:undefined:undefined":12,"s:127:2:128:Infinity":31,"s:128:4:128:Infinity":32,"b:131:2:132:Infinity:undefined:undefined:undefined:undefined":13,"s:131:2:132:Infinity":33,"s:132:4:132:Infinity":34,"s:134:2:134:Infinity":35,"s:136:2:137:Infinity":36,"s:137:4:137:Infinity":37,"f:141:16:141:43":8,"s:142:36:142:38":38,"s:143:15:143:36":39,"s:144:2:144:Infinity":40,"s:145:2:145:Infinity":41,"f:148:16:148:36":9,"s:149:2:149:Infinity":42}}}
,"C:\\Users\\herma\\source\\repository\\electrical-website\\app\\env.ts": {"path":"C:\\Users\\herma\\source\\repository\\electrical-website\\app\\env.ts","statementMap":{"0":{"start":{"line":4,"column":13},"end":{"line":86,"column":2}},"1":{"start":{"line":25,"column":8},"end":{"line":25,"column":67}},"2":{"start":{"line":25,"column":39},"end":{"line":25,"column":66}},"3":{"start":{"line":30,"column":28},"end":{"line":30,"column":45}}},"fnMap":{"0":{"name":"(anonymous_0)","decl":{"start":{"line":24,"column":7},"end":{"line":24,"column":18}},"loc":{"start":{"line":25,"column":8},"end":{"line":25,"column":67}},"line":25},"1":{"name":"(anonymous_1)","decl":{"start":{"line":25,"column":23},"end":{"line":25,"column":28}},"loc":{"start":{"line":25,"column":39},"end":{"line":25,"column":66}},"line":25},"2":{"name":"(anonymous_2)","decl":{"start":{"line":30,"column":7},"end":{"line":30,"column":18}},"loc":{"start":{"line":30,"column":28},"end":{"line":30,"column":45}},"line":30}},"branchMap":{"0":{"loc":{"start":{"line":63,"column":26},"end":{"line":63,"column":null}},"type":"binary-expr","locations":[{"start":{"line":63,"column":26},"end":{"line":63,"column":62}},{"start":{"line":63,"column":62},"end":{"line":63,"column":null}}],"line":63},"1":{"loc":{"start":{"line":64,"column":17},"end":{"line":64,"column":null}},"type":"binary-expr","locations":[{"start":{"line":64,"column":17},"end":{"line":64,"column":44}},{"start":{"line":64,"column":44},"end":{"line":64,"column":null}}],"line":64},"2":{"loc":{"start":{"line":67,"column":6},"end":{"line":67,"column":null}},"type":"binary-expr","locations":[{"start":{"line":67,"column":6},"end":{"line":67,"column":37}},{"start":{"line":67,"column":37},"end":{"line":67,"column":null}}],"line":67},"3":{"loc":{"start":{"line":69,"column":6},"end":{"line":69,"column":null}},"type":"binary-expr","locations":[{"start":{"line":69,"column":6},"end":{"line":69,"column":39}},{"start":{"line":69,"column":39},"end":{"line":69,"column":null}}],"line":69},"4":{"loc":{"start":{"line":71,"column":6},"end":{"line":72,"column":null}},"type":"binary-expr","locations":[{"start":{"line":71,"column":6},"end":{"line":71,"column":null}},{"start":{"line":72,"column":6},"end":{"line":72,"column":null}}],"line":71},"5":{"loc":{"start":{"line":78,"column":6},"end":{"line":78,"column":null}},"type":"binary-expr","locations":[{"start":{"line":78,"column":6},"end":{"line":78,"column":42}},{"start":{"line":78,"column":42},"end":{"line":78,"column":null}}],"line":78},"6":{"loc":{"start":{"line":83,"column":2},"end":{"line":85,"column":null}},"type":"binary-expr","locations":[{"start":{"line":83,"column":2},"end":{"line":84,"column":null}},{"start":{"line":85,"column":4},"end":{"line":85,"column":null}}],"line":83}},"s":{"0":1,"1":0,"2":0,"3":0},"f":{"0":0,"1":0,"2":0},"b":{"0":[1,1],"1":[1,1],"2":[1,1],"3":[1,1],"4":[1,1],"5":[1,1],"6":[1,1]},"meta":{"lastBranch":7,"lastFunction":3,"lastStatement":4,"seen":{"s:4:13:86:2":0,"f:24:7:24:18":0,"s:25:8:25:67":1,"f:25:23:25:28":1,"s:25:39:25:66":2,"f:30:7:30:18":2,"s:30:28:30:45":3,"b:63:26:63:62:63:62:63:Infinity":0,"b:64:17:64:44:64:44:64:Infinity":1,"b:67:6:67:37:67:37:67:Infinity":2,"b:69:6:69:39:69:39:69:Infinity":3,"b:71:6:71:Infinity:72:6:72:Infinity":4,"b:78:6:78:42:78:42:78:Infinity":5,"b:83:2:84:Infinity:85:4:85:Infinity":6}}}
,"C:\\Users\\herma\\source\\repository\\electrical-website\\components\\about\\company-timeline.tsx": {"path":"C:\\Users\\herma\\source\\repository\\electrical-website\\components\\about\\company-timeline.tsx","statementMap":{"0":{"start":{"line":1,"column":0},"end":{"line":1,"column":null}},"1":{"start":{"line":37,"column":31},"end":{"line":94,"column":null}},"2":{"start":{"line":108,"column":8},"end":{"line":108,"column":71}},"3":{"start":{"line":110,"column":42},"end":{"line":118,"column":null}},"4":{"start":{"line":111,"column":22},"end":{"line":118,"column":null}},"5":{"start":{"line":121,"column":2},"end":{"line":124,"column":null}},"6":{"start":{"line":127,"column":51},"end":{"line":127,"column":78}},"7":{"start":{"line":130,"column":2},"end":{"line":130,"column":null}},"8":{"start":{"line":134,"column":2},"end":{"line":156,"column":null}},"9":{"start":{"line":179,"column":4},"end":{"line":181,"column":null}},"10":{"start":{"line":182,"column":21},"end":{"line":182,"column":47}},"11":{"start":{"line":184,"column":2},"end":{"line":237,"column":null}},"12":{"start":{"line":202,"column":12},"end":{"line":221,"column":null}},"13":{"start":{"line":250,"column":8},"end":{"line":254,"column":null}},"14":{"start":{"line":260,"column":2},"end":{"line":272,"column":null}},"15":{"start":{"line":292,"column":15},"end":{"line":292,"column":32}},"16":{"start":{"line":293,"column":15},"end":{"line":293,"column":null}},"17":{"start":{"line":294,"column":22},"end":{"line":294,"column":49}},"18":{"start":{"line":295,"column":22},"end":{"line":295,"column":null}},"19":{"start":{"line":297,"column":8},"end":{"line":301,"column":null}},"20":{"start":{"line":303,"column":8},"end":{"line":305,"column":4}},"21":{"start":{"line":306,"column":8},"end":{"line":312,"column":null}},"22":{"start":{"line":314,"column":8},"end":{"line":320,"column":null}},"23":{"start":{"line":322,"column":8},"end":{"line":328,"column":null}},"24":{"start":{"line":330,"column":8},"end":{"line":336,"column":null}},"25":{"start":{"line":338,"column":8},"end":{"line":344,"column":null}},"26":{"start":{"line":346,"column":8},"end":{"line":352,"column":null}},"27":{"start":{"line":354,"column":19},"end":{"line":356,"column":null}},"28":{"start":{"line":358,"column":8},"end":{"line":360,"column":4}},"29":{"start":{"line":361,"column":21},"end":{"line":361,"column":null}},"30":{"start":{"line":363,"column":2},"end":{"line":407,"column":null}},"31":{"start":{"line":427,"column":15},"end":{"line":427,"column":32}},"32":{"start":{"line":428,"column":15},"end":{"line":428,"column":null}},"33":{"start":{"line":429,"column":19},"end":{"line":429,"column":null}},"34":{"start":{"line":430,"column":22},"end":{"line":430,"column":null}},"35":{"start":{"line":432,"column":2},"end":{"line":473,"column":null}},"36":{"start":{"line":479,"column":8},"end":{"line":479,"column":52}},"37":{"start":{"line":480,"column":8},"end":{"line":480,"column":56}},"38":{"start":{"line":481,"column":33},"end":{"line":481,"column":70}},"39":{"start":{"line":482,"column":20},"end":{"line":482,"column":41}},"40":{"start":{"line":483,"column":26},"end":{"line":483,"column":59}},"41":{"start":{"line":484,"column":22},"end":{"line":488,"column":4}},"42":{"start":{"line":490,"column":10},"end":{"line":495,"column":4}},"43":{"start":{"line":497,"column":2},"end":{"line":501,"column":null}},"44":{"start":{"line":498,"column":4},"end":{"line":499,"column":null}},"45":{"start":{"line":499,"column":6},"end":{"line":499,"column":null}},"46":{"start":{"line":503,"column":2},"end":{"line":562,"column":null}},"47":{"start":{"line":525,"column":32},"end":{"line":525,"column":null}},"48":{"start":{"line":526,"column":36},"end":{"line":526,"column":null}},"49":{"start":{"line":527,"column":22},"end":{"line":530,"column":null}},"50":{"start":{"line":533,"column":18},"end":{"line":533,"column":null}},"51":{"start":{"line":535,"column":16},"end":{"line":546,"column":null}},"52":{"start":{"line":544,"column":22},"end":{"line":544,"column":null}},"53":{"start":{"line":550,"column":16},"end":{"line":560,"column":null}},"54":{"start":{"line":558,"column":20},"end":{"line":558,"column":null}}},"fnMap":{"0":{"name":"buildCompanyTimelineModel","decl":{"start":{"line":107,"column":9},"end":{"line":107,"column":37}},"loc":{"start":{"line":107,"column":37},"end":{"line":124,"column":null}},"line":107},"1":{"name":"(anonymous_1)","decl":{"start":{"line":110,"column":65},"end":{"line":110,"column":null}},"loc":{"start":{"line":111,"column":22},"end":{"line":118,"column":null}},"line":111},"2":{"name":"getRowSide","decl":{"start":{"line":129,"column":9},"end":{"line":129,"column":20}},"loc":{"start":{"line":129,"column":35},"end":{"line":130,"column":null}},"line":129},"3":{"name":"TimelineHeader","decl":{"start":{"line":133,"column":9},"end":{"line":133,"column":26}},"loc":{"start":{"line":133,"column":26},"end":{"line":156,"column":null}},"line":133},"4":{"name":"TimelineCard","decl":{"start":{"line":161,"column":9},"end":{"line":161,"column":22}},"loc":{"start":{"line":177,"column":3},"end":{"line":237,"column":null}},"line":177},"5":{"name":"(anonymous_5)","decl":{"start":{"line":201,"column":22},"end":{"line":201,"column":27}},"loc":{"start":{"line":202,"column":12},"end":{"line":221,"column":null}},"line":202},"6":{"name":"AnimatedSegment","decl":{"start":{"line":241,"column":9},"end":{"line":241,"column":25}},"loc":{"start":{"line":249,"column":3},"end":{"line":272,"column":null}},"line":249},"7":{"name":"AnimatedTimelineNode","decl":{"start":{"line":277,"column":9},"end":{"line":277,"column":30}},"loc":{"start":{"line":291,"column":3},"end":{"line":407,"column":null}},"line":291},"8":{"name":"ReducedTimelineNode","decl":{"start":{"line":412,"column":9},"end":{"line":412,"column":29}},"loc":{"start":{"line":426,"column":3},"end":{"line":473,"column":null}},"line":426},"9":{"name":"CompanyTimeline","decl":{"start":{"line":478,"column":16},"end":{"line":478,"column":34}},"loc":{"start":{"line":478,"column":34},"end":{"line":562,"column":null}},"line":478},"10":{"name":"(anonymous_10)","decl":{"start":{"line":497,"column":39},"end":{"line":497,"column":50}},"loc":{"start":{"line":497,"column":61},"end":{"line":501,"column":null}},"line":497},"11":{"name":"(anonymous_11)","decl":{"start":{"line":524,"column":25},"end":{"line":524,"column":30}},"loc":{"start":{"line":524,"column":51},"end":{"line":548,"column":null}},"line":524},"12":{"name":"(anonymous_12)","decl":{"start":{"line":543,"column":20},"end":{"line":543,"column":30}},"loc":{"start":{"line":543,"column":46},"end":{"line":544,"column":null}},"line":543},"13":{"name":"(anonymous_13)","decl":{"start":{"line":549,"column":25},"end":{"line":549,"column":30}},"loc":{"start":{"line":550,"column":16},"end":{"line":560,"column":null}},"line":550},"14":{"name":"(anonymous_14)","decl":{"start":{"line":557,"column":18},"end":{"line":557,"column":28}},"loc":{"start":{"line":557,"column":44},"end":{"line":558,"column":null}},"line":557}},"branchMap":{"0":{"loc":{"start":{"line":113,"column":12},"end":{"line":113,"column":null}},"type":"binary-expr","locations":[{"start":{"line":113,"column":12},"end":{"line":113,"column":25}},{"start":{"line":113,"column":25},"end":{"line":113,"column":null}}],"line":113},"1":{"loc":{"start":{"line":116,"column":12},"end":{"line":116,"column":null}},"type":"binary-expr","locations":[{"start":{"line":116,"column":12},"end":{"line":116,"column":51}},{"start":{"line":116,"column":51},"end":{"line":116,"column":null}}],"line":116},"2":{"loc":{"start":{"line":130,"column":9},"end":{"line":130,"column":null}},"type":"cond-expr","locations":[{"start":{"line":130,"column":27},"end":{"line":130,"column":36}},{"start":{"line":130,"column":36},"end":{"line":130,"column":null}}],"line":130},"3":{"loc":{"start":{"line":179,"column":4},"end":{"line":181,"column":null}},"type":"cond-expr","locations":[{"start":{"line":180,"column":8},"end":{"line":180,"column":null}},{"start":{"line":181,"column":8},"end":{"line":181,"column":null}}],"line":179},"4":{"loc":{"start":{"line":186,"column":13},"end":{"line":186,"column":null}},"type":"cond-expr","locations":[{"start":{"line":186,"column":34},"end":{"line":186,"column":69}},{"start":{"line":186,"column":69},"end":{"line":186,"column":null}}],"line":186},"5":{"loc":{"start":{"line":186,"column":13},"end":{"line":186,"column":34}},"type":"binary-expr","locations":[{"start":{"line":186,"column":13},"end":{"line":186,"column":25}},{"start":{"line":186,"column":25},"end":{"line":186,"column":34}}],"line":186},"6":{"loc":{"start":{"line":191,"column":10},"end":{"line":193,"column":null}},"type":"cond-expr","locations":[{"start":{"line":192,"column":14},"end":{"line":192,"column":null}},{"start":{"line":193,"column":14},"end":{"line":193,"column":null}}],"line":191},"7":{"loc":{"start":{"line":202,"column":12},"end":{"line":221,"column":null}},"type":"cond-expr","locations":[{"start":{"line":203,"column":14},"end":{"line":211,"column":null}},{"start":{"line":213,"column":14},"end":{"line":221,"column":null}}],"line":202},"8":{"loc":{"start":{"line":217,"column":24},"end":{"line":217,"column":null}},"type":"binary-expr","locations":[{"start":{"line":217,"column":24},"end":{"line":217,"column":39}},{"start":{"line":217,"column":39},"end":{"line":217,"column":null}}],"line":217},"9":{"loc":{"start":{"line":228,"column":9},"end":{"line":233,"column":null}},"type":"binary-expr","locations":[{"start":{"line":228,"column":9},"end":{"line":228,"column":null}},{"start":{"line":229,"column":10},"end":{"line":233,"column":null}}],"line":228},"10":{"loc":{"start":{"line":295,"column":22},"end":{"line":295,"column":null}},"type":"binary-expr","locations":[{"start":{"line":295,"column":22},"end":{"line":295,"column":37}},{"start":{"line":295,"column":37},"end":{"line":295,"column":null}}],"line":295},"11":{"loc":{"start":{"line":356,"column":30},"end":{"line":356,"column":50}},"type":"binary-expr","locations":[{"start":{"line":356,"column":30},"end":{"line":356,"column":45}},{"start":{"line":356,"column":45},"end":{"line":356,"column":50}}],"line":356},"12":{"loc":{"start":{"line":392,"column":9},"end":{"line":397,"column":null}},"type":"binary-expr","locations":[{"start":{"line":392,"column":9},"end":{"line":392,"column":null}},{"start":{"line":393,"column":10},"end":{"line":397,"column":null}}],"line":392},"13":{"loc":{"start":{"line":438,"column":12},"end":{"line":440,"column":null}},"type":"cond-expr","locations":[{"start":{"line":439,"column":16},"end":{"line":439,"column":null}},{"start":{"line":440,"column":16},"end":{"line":440,"column":null}}],"line":438},"14":{"loc":{"start":{"line":438,"column":12},"end":{"line":438,"column":null}},"type":"binary-expr","locations":[{"start":{"line":438,"column":12},"end":{"line":438,"column":24}},{"start":{"line":438,"column":24},"end":{"line":438,"column":null}}],"line":438},"15":{"loc":{"start":{"line":445,"column":14},"end":{"line":445,"column":null}},"type":"cond-expr","locations":[{"start":{"line":445,"column":40},"end":{"line":445,"column":64}},{"start":{"line":445,"column":64},"end":{"line":445,"column":null}}],"line":445},"16":{"loc":{"start":{"line":445,"column":14},"end":{"line":445,"column":40}},"type":"binary-expr","locations":[{"start":{"line":445,"column":14},"end":{"line":445,"column":26}},{"start":{"line":445,"column":26},"end":{"line":445,"column":40}}],"line":445},"17":{"loc":{"start":{"line":448,"column":11},"end":{"line":449,"column":null}},"type":"binary-expr","locations":[{"start":{"line":448,"column":11},"end":{"line":448,"column":null}},{"start":{"line":449,"column":12},"end":{"line":449,"column":null}}],"line":448},"18":{"loc":{"start":{"line":453,"column":14},"end":{"line":455,"column":null}},"type":"cond-expr","locations":[{"start":{"line":454,"column":18},"end":{"line":454,"column":null}},{"start":{"line":455,"column":18},"end":{"line":455,"column":null}}],"line":453},"19":{"loc":{"start":{"line":453,"column":14},"end":{"line":453,"column":null}},"type":"binary-expr","locations":[{"start":{"line":453,"column":14},"end":{"line":453,"column":26}},{"start":{"line":453,"column":26},"end":{"line":453,"column":null}}],"line":453},"20":{"loc":{"start":{"line":460,"column":9},"end":{"line":464,"column":null}},"type":"binary-expr","locations":[{"start":{"line":460,"column":9},"end":{"line":460,"column":null}},{"start":{"line":461,"column":10},"end":{"line":464,"column":null}}],"line":460},"21":{"loc":{"start":{"line":471,"column":21},"end":{"line":471,"column":null}},"type":"binary-expr","locations":[{"start":{"line":471,"column":21},"end":{"line":471,"column":33}},{"start":{"line":471,"column":33},"end":{"line":471,"column":null}}],"line":471},"22":{"loc":{"start":{"line":498,"column":4},"end":{"line":499,"column":null}},"type":"if","locations":[{"start":{"line":498,"column":4},"end":{"line":499,"column":null}},{"start":{},"end":{}}],"line":498},"23":{"loc":{"start":{"line":523,"column":11},"end":{"line":560,"column":null}},"type":"cond-expr","locations":[{"start":{"line":524,"column":14},"end":{"line":548,"column":null}},{"start":{"line":549,"column":14},"end":{"line":560,"column":null}}],"line":523},"24":{"loc":{"start":{"line":525,"column":32},"end":{"line":525,"column":null}},"type":"binary-expr","locations":[{"start":{"line":525,"column":32},"end":{"line":525,"column":53}},{"start":{"line":525,"column":53},"end":{"line":525,"column":null}}],"line":525},"25":{"loc":{"start":{"line":533,"column":18},"end":{"line":533,"column":null}},"type":"binary-expr","locations":[{"start":{"line":533,"column":18},"end":{"line":533,"column":47}},{"start":{"line":533,"column":47},"end":{"line":533,"column":null}}],"line":533},"26":{"loc":{"start":{"line":554,"column":27},"end":{"line":554,"column":null}},"type":"binary-expr","locations":[{"start":{"line":554,"column":27},"end":{"line":554,"column":48}},{"start":{"line":554,"column":48},"end":{"line":554,"column":null}}],"line":554}},"s":{"0":1,"1":1,"2":1,"3":1,"4":8,"5":1,"6":1,"7":16,"8":2,"9":16,"10":16,"11":16,"12":34,"13":14,"14":14,"15":16,"16":16,"17":16,"18":16,"19":16,"20":16,"21":16,"22":16,"23":16,"24":16,"25":16,"26":16,"27":16,"28":16,"29":16,"30":16,"31":0,"32":0,"33":0,"34":0,"35":0,"36":2,"37":2,"38":2,"39":2,"40":2,"41":2,"42":2,"43":2,"44":0,"45":0,"46":2,"47":0,"48":0,"49":0,"50":0,"51":0,"52":0,"53":16,"54":16},"f":{"0":1,"1":8,"2":16,"3":2,"4":16,"5":34,"6":14,"7":16,"8":0,"9":2,"10":0,"11":0,"12":0,"13":16,"14":16},"b":{"0":[8,0],"1":[8,0],"2":[8,8],"3":[8,8],"4":[16,0],"5":[16,0],"6":[6,10],"7":[34,0],"8":[0,0],"9":[16,6],"10":[16,2],"11":[16,2],"12":[16,14],"13":[0,0],"14":[0,0],"15":[0,0],"16":[0,0],"17":[0,0],"18":[0,0],"19":[0,0],"20":[0,0],"21":[0,0],"22":[0,0],"23":[0,2],"24":[0,0],"25":[0,0],"26":[16,0]},"meta":{"lastBranch":27,"lastFunction":15,"lastStatement":55,"seen":{"s:1:0:1:Infinity":0,"s:37:31:94:Infinity":1,"f:107:9:107:37":0,"s:108:8:108:71":2,"s:110:42:118:Infinity":3,"f:110:65:110:Infinity":1,"s:111:22:118:Infinity":4,"b:113:12:113:25:113:25:113:Infinity":0,"b:116:12:116:51:116:51:116:Infinity":1,"s:121:2:124:Infinity":5,"s:127:51:127:78":6,"f:129:9:129:20":2,"s:130:2:130:Infinity":7,"b:130:27:130:36:130:36:130:Infinity":2,"f:133:9:133:26":3,"s:134:2:156:Infinity":8,"f:161:9:161:22":4,"s:179:4:181:Infinity":9,"b:180:8:180:Infinity:181:8:181:Infinity":3,"s:182:21:182:47":10,"s:184:2:237:Infinity":11,"b:186:34:186:69:186:69:186:Infinity":4,"b:186:13:186:25:186:25:186:34":5,"b:192:14:192:Infinity:193:14:193:Infinity":6,"f:201:22:201:27":5,"s:202:12:221:Infinity":12,"b:203:14:211:Infinity:213:14:221:Infinity":7,"b:217:24:217:39:217:39:217:Infinity":8,"b:228:9:228:Infinity:229:10:233:Infinity":9,"f:241:9:241:25":6,"s:250:8:254:Infinity":13,"s:260:2:272:Infinity":14,"f:277:9:277:30":7,"s:292:15:292:32":15,"s:293:15:293:Infinity":16,"s:294:22:294:49":17,"s:295:22:295:Infinity":18,"b:295:22:295:37:295:37:295:Infinity":10,"s:297:8:301:Infinity":19,"s:303:8:305:4":20,"s:306:8:312:Infinity":21,"s:314:8:320:Infinity":22,"s:322:8:328:Infinity":23,"s:330:8:336:Infinity":24,"s:338:8:344:Infinity":25,"s:346:8:352:Infinity":26,"s:354:19:356:Infinity":27,"b:356:30:356:45:356:45:356:50":11,"s:358:8:360:4":28,"s:361:21:361:Infinity":29,"s:363:2:407:Infinity":30,"b:392:9:392:Infinity:393:10:397:Infinity":12,"f:412:9:412:29":8,"s:427:15:427:32":31,"s:428:15:428:Infinity":32,"s:429:19:429:Infinity":33,"s:430:22:430:Infinity":34,"s:432:2:473:Infinity":35,"b:439:16:439:Infinity:440:16:440:Infinity":13,"b:438:12:438:24:438:24:438:Infinity":14,"b:445:40:445:64:445:64:445:Infinity":15,"b:445:14:445:26:445:26:445:40":16,"b:448:11:448:Infinity:449:12:449:Infinity":17,"b:454:18:454:Infinity:455:18:455:Infinity":18,"b:453:14:453:26:453:26:453:Infinity":19,"b:460:9:460:Infinity:461:10:464:Infinity":20,"b:471:21:471:33:471:33:471:Infinity":21,"f:478:16:478:34":9,"s:479:8:479:52":36,"s:480:8:480:56":37,"s:481:33:481:70":38,"s:482:20:482:41":39,"s:483:26:483:59":40,"s:484:22:488:4":41,"s:490:10:495:4":42,"s:497:2:501:Infinity":43,"f:497:39:497:50":10,"b:498:4:499:Infinity:undefined:undefined:undefined:undefined":22,"s:498:4:499:Infinity":44,"s:499:6:499:Infinity":45,"s:503:2:562:Infinity":46,"b:524:14:548:Infinity:549:14:560:Infinity":23,"f:524:25:524:30":11,"s:525:32:525:Infinity":47,"b:525:32:525:53:525:53:525:Infinity":24,"s:526:36:526:Infinity":48,"s:527:22:530:Infinity":49,"s:533:18:533:Infinity":50,"b:533:18:533:47:533:47:533:Infinity":25,"s:535:16:546:Infinity":51,"f:543:20:543:30":12,"s:544:22:544:Infinity":52,"f:549:25:549:30":13,"s:550:16:560:Infinity":53,"b:554:27:554:48:554:48:554:Infinity":26,"f:557:18:557:28":14,"s:558:20:558:Infinity":54}}}
,"C:\\Users\\herma\\source\\repository\\electrical-website\\components\\news-hub\\news-article-card-shell.tsx": {"path":"C:\\Users\\herma\\source\\repository\\electrical-website\\components\\news-hub\\news-article-card-shell.tsx","statementMap":{"0":{"start":{"line":12,"column":2},"end":{"line":20,"column":null}}},"fnMap":{"0":{"name":"NewsArticleCardShell","decl":{"start":{"line":8,"column":16},"end":{"line":8,"column":37}},"loc":{"start":{"line":11,"column":30},"end":{"line":20,"column":null}},"line":11}},"branchMap":{},"s":{"0":2},"f":{"0":2},"b":{},"meta":{"lastBranch":0,"lastFunction":1,"lastStatement":1,"seen":{"f:8:16:8:37":0,"s:12:2:20:Infinity":0}}}
,"C:\\Users\\herma\\source\\repository\\electrical-website\\components\\news-hub\\news-article-content.tsx": {"path":"C:\\Users\\herma\\source\\repository\\electrical-website\\components\\news-hub\\news-article-content.tsx","statementMap":{"0":{"start":{"line":1,"column":0},"end":{"line":1,"column":null}},"1":{"start":{"line":26,"column":34},"end":{"line":33,"column":null}},"2":{"start":{"line":35,"column":25},"end":{"line":41,"column":null}},"3":{"start":{"line":43,"column":21},"end":{"line":46,"column":null}},"4":{"start":{"line":57,"column":8},"end":{"line":61,"column":null}},"5":{"start":{"line":64,"column":2},"end":{"line":76,"column":null}},"6":{"start":{"line":98,"column":17},"end":{"line":98,"column":null}},"7":{"start":{"line":99,"column":22},"end":{"line":99,"column":49}},"8":{"start":{"line":100,"column":22},"end":{"line":100,"column":null}},"9":{"start":{"line":102,"column":8},"end":{"line":106,"column":null}},"10":{"start":{"line":108,"column":8},"end":{"line":110,"column":4}},"11":{"start":{"line":111,"column":8},"end":{"line":117,"column":null}},"12":{"start":{"line":119,"column":8},"end":{"line":125,"column":null}},"13":{"start":{"line":127,"column":8},"end":{"line":133,"column":null}},"14":{"start":{"line":135,"column":19},"end":{"line":137,"column":null}},"15":{"start":{"line":139,"column":8},"end":{"line":141,"column":4}},"16":{"start":{"line":142,"column":21},"end":{"line":142,"column":42}},"17":{"start":{"line":144,"column":2},"end":{"line":237,"column":null}},"18":{"start":{"line":197,"column":18},"end":{"line":216,"column":null}},"19":{"start":{"line":243,"column":8},"end":{"line":243,"column":52}},"20":{"start":{"line":244,"column":8},"end":{"line":244,"column":56}},"21":{"start":{"line":245,"column":8},"end":{"line":245,"column":41}},"22":{"start":{"line":246,"column":22},"end":{"line":250,"column":4}},"23":{"start":{"line":252,"column":10},"end":{"line":257,"column":4}},"24":{"start":{"line":259,"column":2},"end":{"line":282,"column":null}},"25":{"start":{"line":269,"column":10},"end":{"line":280,"column":null}},"26":{"start":{"line":278,"column":14},"end":{"line":278,"column":null}},"27":{"start":{"line":291,"column":2},"end":{"line":642,"column":null}},"28":{"start":{"line":310,"column":10},"end":{"line":316,"column":null}},"29":{"start":{"line":332,"column":12},"end":{"line":337,"column":null}},"30":{"start":{"line":358,"column":14},"end":{"line":369,"column":null}},"31":{"start":{"line":390,"column":14},"end":{"line":395,"column":null}},"32":{"start":{"line":416,"column":14},"end":{"line":449,"column":null}},"33":{"start":{"line":485,"column":14},"end":{"line":504,"column":null}},"34":{"start":{"line":491,"column":20},"end":{"line":501,"column":null}},"35":{"start":{"line":522,"column":12},"end":{"line":531,"column":null}},"36":{"start":{"line":549,"column":14},"end":{"line":554,"column":null}},"37":{"start":{"line":573,"column":14},"end":{"line":590,"column":null}},"38":{"start":{"line":608,"column":12},"end":{"line":613,"column":null}},"39":{"start":{"line":638,"column":12},"end":{"line":640,"column":null}},"40":{"start":{"line":655,"column":20},"end":{"line":655,"column":null}},"41":{"start":{"line":657,"column":2},"end":{"line":681,"column":null}}},"fnMap":{"0":{"name":"StoryTimelineSegment","decl":{"start":{"line":48,"column":9},"end":{"line":48,"column":30}},"loc":{"start":{"line":56,"column":3},"end":{"line":76,"column":null}},"line":56},"1":{"name":"StoryTimelineRow","decl":{"start":{"line":81,"column":9},"end":{"line":81,"column":26}},"loc":{"start":{"line":97,"column":3},"end":{"line":237,"column":null}},"line":97},"2":{"name":"(anonymous_2)","decl":{"start":{"line":196,"column":28},"end":{"line":196,"column":33}},"loc":{"start":{"line":197,"column":18},"end":{"line":216,"column":null}},"line":197},"3":{"name":"StoryTimeline","decl":{"start":{"line":242,"column":9},"end":{"line":242,"column":23}},"loc":{"start":{"line":242,"column":70},"end":{"line":282,"column":null}},"line":242},"4":{"name":"(anonymous_4)","decl":{"start":{"line":268,"column":15},"end":{"line":268,"column":20}},"loc":{"start":{"line":269,"column":10},"end":{"line":280,"column":null}},"line":269},"5":{"name":"(anonymous_5)","decl":{"start":{"line":277,"column":12},"end":{"line":277,"column":22}},"loc":{"start":{"line":277,"column":38},"end":{"line":278,"column":null}},"line":277},"6":{"name":"NewsArticleContent","decl":{"start":{"line":287,"column":16},"end":{"line":287,"column":35}},"loc":{"start":{"line":290,"column":28},"end":{"line":642,"column":null}},"line":290},"7":{"name":"(anonymous_7)","decl":{"start":{"line":309,"column":22},"end":{"line":309,"column":27}},"loc":{"start":{"line":310,"column":10},"end":{"line":316,"column":null}},"line":310},"8":{"name":"(anonymous_8)","decl":{"start":{"line":331,"column":23},"end":{"line":331,"column":28}},"loc":{"start":{"line":332,"column":12},"end":{"line":337,"column":null}},"line":332},"9":{"name":"(anonymous_9)","decl":{"start":{"line":357,"column":26},"end":{"line":357,"column":31}},"loc":{"start":{"line":358,"column":14},"end":{"line":369,"column":null}},"line":358},"10":{"name":"(anonymous_10)","decl":{"start":{"line":389,"column":32},"end":{"line":389,"column":37}},"loc":{"start":{"line":390,"column":14},"end":{"line":395,"column":null}},"line":390},"11":{"name":"(anonymous_11)","decl":{"start":{"line":415,"column":31},"end":{"line":415,"column":36}},"loc":{"start":{"line":416,"column":14},"end":{"line":449,"column":null}},"line":416},"12":{"name":"(anonymous_12)","decl":{"start":{"line":484,"column":35},"end":{"line":484,"column":40}},"loc":{"start":{"line":485,"column":14},"end":{"line":504,"column":null}},"line":485},"13":{"name":"(anonymous_13)","decl":{"start":{"line":490,"column":30},"end":{"line":490,"column":35}},"loc":{"start":{"line":491,"column":20},"end":{"line":501,"column":null}},"line":491},"14":{"name":"(anonymous_14)","decl":{"start":{"line":521,"column":28},"end":{"line":521,"column":33}},"loc":{"start":{"line":522,"column":12},"end":{"line":531,"column":null}},"line":522},"15":{"name":"(anonymous_15)","decl":{"start":{"line":548,"column":28},"end":{"line":548,"column":33}},"loc":{"start":{"line":549,"column":14},"end":{"line":554,"column":null}},"line":549},"16":{"name":"(anonymous_16)","decl":{"start":{"line":572,"column":28},"end":{"line":572,"column":33}},"loc":{"start":{"line":573,"column":14},"end":{"line":590,"column":null}},"line":573},"17":{"name":"(anonymous_17)","decl":{"start":{"line":607,"column":29},"end":{"line":607,"column":34}},"loc":{"start":{"line":608,"column":12},"end":{"line":613,"column":null}},"line":608},"18":{"name":"(anonymous_18)","decl":{"start":{"line":637,"column":35},"end":{"line":637,"column":40}},"loc":{"start":{"line":638,"column":12},"end":{"line":640,"column":null}},"line":638},"19":{"name":"QuoteCard","decl":{"start":{"line":648,"column":9},"end":{"line":648,"column":19}},"loc":{"start":{"line":654,"column":3},"end":{"line":681,"column":null}},"line":654}},"branchMap":{"0":{"loc":{"start":{"line":100,"column":22},"end":{"line":100,"column":null}},"type":"binary-expr","locations":[{"start":{"line":100,"column":22},"end":{"line":100,"column":37}},{"start":{"line":100,"column":37},"end":{"line":100,"column":null}}],"line":100},"1":{"loc":{"start":{"line":137,"column":30},"end":{"line":137,"column":50}},"type":"binary-expr","locations":[{"start":{"line":137,"column":30},"end":{"line":137,"column":45}},{"start":{"line":137,"column":45},"end":{"line":137,"column":50}}],"line":137},"2":{"loc":{"start":{"line":150,"column":17},"end":{"line":150,"column":64}},"type":"cond-expr","locations":[{"start":{"line":150,"column":32},"end":{"line":150,"column":44}},{"start":{"line":150,"column":44},"end":{"line":150,"column":64}}],"line":150},"3":{"loc":{"start":{"line":156,"column":14},"end":{"line":156,"column":null}},"type":"cond-expr","locations":[{"start":{"line":156,"column":29},"end":{"line":156,"column":46}},{"start":{"line":156,"column":49},"end":{"line":156,"column":null}}],"line":156},"4":{"loc":{"start":{"line":162,"column":14},"end":{"line":162,"column":null}},"type":"cond-expr","locations":[{"start":{"line":162,"column":29},"end":{"line":162,"column":45}},{"start":{"line":162,"column":48},"end":{"line":162,"column":null}}],"line":162},"5":{"loc":{"start":{"line":168,"column":9},"end":{"line":173,"column":null}},"type":"binary-expr","locations":[{"start":{"line":168,"column":9},"end":{"line":168,"column":26}},{"start":{"line":168,"column":26},"end":{"line":168,"column":null}},{"start":{"line":169,"column":10},"end":{"line":173,"column":null}}],"line":168},"6":{"loc":{"start":{"line":179,"column":10},"end":{"line":179,"column":null}},"type":"cond-expr","locations":[{"start":{"line":179,"column":25},"end":{"line":179,"column":37}},{"start":{"line":179,"column":37},"end":{"line":179,"column":null}}],"line":179},"7":{"loc":{"start":{"line":181,"column":19},"end":{"line":181,"column":null}},"type":"cond-expr","locations":[{"start":{"line":181,"column":28},"end":{"line":181,"column":55}},{"start":{"line":181,"column":55},"end":{"line":181,"column":null}}],"line":181},"8":{"loc":{"start":{"line":185,"column":12},"end":{"line":187,"column":null}},"type":"cond-expr","locations":[{"start":{"line":186,"column":16},"end":{"line":186,"column":null}},{"start":{"line":187,"column":16},"end":{"line":187,"column":null}}],"line":185},"9":{"loc":{"start":{"line":197,"column":18},"end":{"line":216,"column":null}},"type":"cond-expr","locations":[{"start":{"line":198,"column":20},"end":{"line":206,"column":null}},{"start":{"line":208,"column":20},"end":{"line":216,"column":null}}],"line":197},"10":{"loc":{"start":{"line":221,"column":13},"end":{"line":224,"column":null}},"type":"binary-expr","locations":[{"start":{"line":221,"column":13},"end":{"line":221,"column":null}},{"start":{"line":222,"column":14},"end":{"line":224,"column":null}}],"line":221},"11":{"loc":{"start":{"line":235,"column":10},"end":{"line":235,"column":null}},"type":"cond-expr","locations":[{"start":{"line":235,"column":19},"end":{"line":235,"column":38}},{"start":{"line":235,"column":38},"end":{"line":235,"column":null}}],"line":235},"12":{"loc":{"start":{"line":273,"column":21},"end":{"line":273,"column":null}},"type":"binary-expr","locations":[{"start":{"line":273,"column":21},"end":{"line":273,"column":42}},{"start":{"line":273,"column":42},"end":{"line":273,"column":null}}],"line":273},"13":{"loc":{"start":{"line":321,"column":7},"end":{"line":338,"column":null}},"type":"binary-expr","locations":[{"start":{"line":321,"column":7},"end":{"line":321,"column":22}},{"start":{"line":321,"column":22},"end":{"line":321,"column":null}},{"start":{"line":322,"column":8},"end":{"line":338,"column":null}}],"line":321},"14":{"loc":{"start":{"line":343,"column":7},"end":{"line":371,"column":null}},"type":"binary-expr","locations":[{"start":{"line":343,"column":7},"end":{"line":343,"column":23}},{"start":{"line":343,"column":23},"end":{"line":343,"column":null}},{"start":{"line":344,"column":8},"end":{"line":371,"column":null}}],"line":343},"15":{"loc":{"start":{"line":376,"column":7},"end":{"line":397,"column":null}},"type":"binary-expr","locations":[{"start":{"line":376,"column":7},"end":{"line":376,"column":29}},{"start":{"line":376,"column":29},"end":{"line":376,"column":null}},{"start":{"line":377,"column":8},"end":{"line":397,"column":null}}],"line":376},"16":{"loc":{"start":{"line":402,"column":7},"end":{"line":451,"column":null}},"type":"binary-expr","locations":[{"start":{"line":402,"column":7},"end":{"line":402,"column":28}},{"start":{"line":402,"column":28},"end":{"line":402,"column":null}},{"start":{"line":403,"column":8},"end":{"line":451,"column":null}}],"line":402},"17":{"loc":{"start":{"line":456,"column":7},"end":{"line":466,"column":null}},"type":"binary-expr","locations":[{"start":{"line":456,"column":7},"end":{"line":456,"column":24}},{"start":{"line":456,"column":24},"end":{"line":456,"column":null}},{"start":{"line":457,"column":8},"end":{"line":466,"column":null}}],"line":456},"18":{"loc":{"start":{"line":471,"column":7},"end":{"line":506,"column":null}},"type":"binary-expr","locations":[{"start":{"line":471,"column":7},"end":{"line":471,"column":32}},{"start":{"line":471,"column":32},"end":{"line":471,"column":null}},{"start":{"line":472,"column":8},"end":{"line":506,"column":null}}],"line":471},"19":{"loc":{"start":{"line":537,"column":7},"end":{"line":556,"column":null}},"type":"binary-expr","locations":[{"start":{"line":537,"column":7},"end":{"line":537,"column":25}},{"start":{"line":537,"column":25},"end":{"line":537,"column":null}},{"start":{"line":538,"column":8},"end":{"line":556,"column":null}}],"line":537},"20":{"loc":{"start":{"line":561,"column":7},"end":{"line":592,"column":null}},"type":"binary-expr","locations":[{"start":{"line":561,"column":7},"end":{"line":561,"column":25}},{"start":{"line":561,"column":25},"end":{"line":561,"column":null}},{"start":{"line":562,"column":8},"end":{"line":592,"column":null}}],"line":561},"21":{"loc":{"start":{"line":585,"column":17},"end":{"line":588,"column":null}},"type":"binary-expr","locations":[{"start":{"line":585,"column":17},"end":{"line":585,"column":null}},{"start":{"line":586,"column":18},"end":{"line":588,"column":null}}],"line":585},"22":{"loc":{"start":{"line":597,"column":7},"end":{"line":614,"column":null}},"type":"binary-expr","locations":[{"start":{"line":597,"column":7},"end":{"line":597,"column":28}},{"start":{"line":597,"column":28},"end":{"line":597,"column":null}},{"start":{"line":598,"column":8},"end":{"line":614,"column":null}}],"line":597},"23":{"loc":{"start":{"line":619,"column":7},"end":{"line":628,"column":null}},"type":"binary-expr","locations":[{"start":{"line":619,"column":7},"end":{"line":619,"column":null}},{"start":{"line":620,"column":8},"end":{"line":628,"column":null}}],"line":619},"24":{"loc":{"start":{"line":632,"column":7},"end":{"line":642,"column":null}},"type":"binary-expr","locations":[{"start":{"line":632,"column":7},"end":{"line":632,"column":34}},{"start":{"line":632,"column":34},"end":{"line":632,"column":null}},{"start":{"line":633,"column":8},"end":{"line":642,"column":null}}],"line":632},"25":{"loc":{"start":{"line":660,"column":8},"end":{"line":662,"column":null}},"type":"cond-expr","locations":[{"start":{"line":661,"column":12},"end":{"line":661,"column":null}},{"start":{"line":662,"column":12},"end":{"line":662,"column":null}}],"line":660},"26":{"loc":{"start":{"line":671,"column":43},"end":{"line":671,"column":null}},"type":"cond-expr","locations":[{"start":{"line":671,"column":55},"end":{"line":671,"column":74}},{"start":{"line":671,"column":74},"end":{"line":671,"column":null}}],"line":671}},"s":{"0":1,"1":1,"2":1,"3":1,"4":0,"5":0,"6":2,"7":2,"8":2,"9":2,"10":2,"11":2,"12":2,"13":2,"14":2,"15":2,"16":2,"17":2,"18":2,"19":2,"20":2,"21":2,"22":2,"23":2,"24":2,"25":2,"26":2,"27":2,"28":2,"29":0,"30":0,"31":0,"32":0,"33":0,"34":0,"35":2,"36":0,"37":0,"38":0,"39":0,"40":0,"41":0},"f":{"0":0,"1":2,"2":2,"3":2,"4":2,"5":2,"6":2,"7":2,"8":0,"9":0,"10":0,"11":0,"12":0,"13":0,"14":2,"15":0,"16":0,"17":0,"18":0,"19":0},"b":{"0":[2,2],"1":[2,2],"2":[0,2],"3":[0,2],"4":[0,2],"5":[2,2,0],"6":[0,2],"7":[2,0],"8":[0,2],"9":[0,2],"10":[2,0],"11":[2,0],"12":[2,0],"13":[2,0,0],"14":[2,0,0],"15":[2,0,0],"16":[2,0,0],"17":[2,1,1],"18":[2,0,0],"19":[2,0,0],"20":[2,0,0],"21":[0,0],"22":[2,0,0],"23":[2,0],"24":[2,0,0],"25":[0,0],"26":[0,0]},"meta":{"lastBranch":27,"lastFunction":20,"lastStatement":42,"seen":{"s:1:0:1:Infinity":0,"s:26:34:33:Infinity":1,"s:35:25:41:Infinity":2,"s:43:21:46:Infinity":3,"f:48:9:48:30":0,"s:57:8:61:Infinity":4,"s:64:2:76:Infinity":5,"f:81:9:81:26":1,"s:98:17:98:Infinity":6,"s:99:22:99:49":7,"s:100:22:100:Infinity":8,"b:100:22:100:37:100:37:100:Infinity":0,"s:102:8:106:Infinity":9,"s:108:8:110:4":10,"s:111:8:117:Infinity":11,"s:119:8:125:Infinity":12,"s:127:8:133:Infinity":13,"s:135:19:137:Infinity":14,"b:137:30:137:45:137:45:137:50":1,"s:139:8:141:4":15,"s:142:21:142:42":16,"s:144:2:237:Infinity":17,"b:150:32:150:44:150:44:150:64":2,"b:156:29:156:46:156:49:156:Infinity":3,"b:162:29:162:45:162:48:162:Infinity":4,"b:168:9:168:26:168:26:168:Infinity:169:10:173:Infinity":5,"b:179:25:179:37:179:37:179:Infinity":6,"b:181:28:181:55:181:55:181:Infinity":7,"b:186:16:186:Infinity:187:16:187:Infinity":8,"f:196:28:196:33":2,"s:197:18:216:Infinity":18,"b:198:20:206:Infinity:208:20:216:Infinity":9,"b:221:13:221:Infinity:222:14:224:Infinity":10,"b:235:19:235:38:235:38:235:Infinity":11,"f:242:9:242:23":3,"s:243:8:243:52":19,"s:244:8:244:56":20,"s:245:8:245:41":21,"s:246:22:250:4":22,"s:252:10:257:4":23,"s:259:2:282:Infinity":24,"f:268:15:268:20":4,"s:269:10:280:Infinity":25,"b:273:21:273:42:273:42:273:Infinity":12,"f:277:12:277:22":5,"s:278:14:278:Infinity":26,"f:287:16:287:35":6,"s:291:2:642:Infinity":27,"f:309:22:309:27":7,"s:310:10:316:Infinity":28,"b:321:7:321:22:321:22:321:Infinity:322:8:338:Infinity":13,"f:331:23:331:28":8,"s:332:12:337:Infinity":29,"b:343:7:343:23:343:23:343:Infinity:344:8:371:Infinity":14,"f:357:26:357:31":9,"s:358:14:369:Infinity":30,"b:376:7:376:29:376:29:376:Infinity:377:8:397:Infinity":15,"f:389:32:389:37":10,"s:390:14:395:Infinity":31,"b:402:7:402:28:402:28:402:Infinity:403:8:451:Infinity":16,"f:415:31:415:36":11,"s:416:14:449:Infinity":32,"b:456:7:456:24:456:24:456:Infinity:457:8:466:Infinity":17,"b:471:7:471:32:471:32:471:Infinity:472:8:506:Infinity":18,"f:484:35:484:40":12,"s:485:14:504:Infinity":33,"f:490:30:490:35":13,"s:491:20:501:Infinity":34,"f:521:28:521:33":14,"s:522:12:531:Infinity":35,"b:537:7:537:25:537:25:537:Infinity:538:8:556:Infinity":19,"f:548:28:548:33":15,"s:549:14:554:Infinity":36,"b:561:7:561:25:561:25:561:Infinity:562:8:592:Infinity":20,"f:572:28:572:33":16,"s:573:14:590:Infinity":37,"b:585:17:585:Infinity:586:18:588:Infinity":21,"b:597:7:597:28:597:28:597:Infinity:598:8:614:Infinity":22,"f:607:29:607:34":17,"s:608:12:613:Infinity":38,"b:619:7:619:Infinity:620:8:628:Infinity":23,"b:632:7:632:34:632:34:632:Infinity:633:8:642:Infinity":24,"f:637:35:637:40":18,"s:638:12:640:Infinity":39,"f:648:9:648:19":19,"s:655:20:655:Infinity":40,"s:657:2:681:Infinity":41,"b:661:12:661:Infinity:662:12:662:Infinity":25,"b:671:55:671:74:671:74:671:Infinity":26}}}
,"C:\\Users\\herma\\source\\repository\\electrical-website\\components\\projects\\project-timeline.tsx": {"path":"C:\\Users\\herma\\source\\repository\\electrical-website\\components\\projects\\project-timeline.tsx","statementMap":{"0":{"start":{"line":1,"column":0},"end":{"line":1,"column":null}},"1":{"start":{"line":36,"column":8},"end":{"line":40,"column":null}},"2":{"start":{"line":43,"column":2},"end":{"line":56,"column":null}},"3":{"start":{"line":80,"column":17},"end":{"line":80,"column":null}},"4":{"start":{"line":81,"column":17},"end":{"line":81,"column":null}},"5":{"start":{"line":82,"column":15},"end":{"line":82,"column":null}},"6":{"start":{"line":83,"column":22},"end":{"line":83,"column":49}},"7":{"start":{"line":84,"column":22},"end":{"line":84,"column":null}},"8":{"start":{"line":86,"column":8},"end":{"line":90,"column":null}},"9":{"start":{"line":92,"column":8},"end":{"line":94,"column":4}},"10":{"start":{"line":95,"column":8},"end":{"line":101,"column":null}},"11":{"start":{"line":103,"column":19},"end":{"line":105,"column":null}},"12":{"start":{"line":107,"column":8},"end":{"line":109,"column":4}},"13":{"start":{"line":110,"column":21},"end":{"line":110,"column":42}},"14":{"start":{"line":112,"column":2},"end":{"line":225,"column":null}},"15":{"start":{"line":189,"column":16},"end":{"line":208,"column":null}},"16":{"start":{"line":232,"column":21},"end":{"line":254,"column":null}},"17":{"start":{"line":261,"column":8},"end":{"line":261,"column":51}},"18":{"start":{"line":262,"column":8},"end":{"line":262,"column":52}},"19":{"start":{"line":263,"column":8},"end":{"line":263,"column":56}},"20":{"start":{"line":264,"column":8},"end":{"line":264,"column":71}},"21":{"start":{"line":265,"column":8},"end":{"line":265,"column":41}},"22":{"start":{"line":266,"column":10},"end":{"line":266,"column":45}},"23":{"start":{"line":267,"column":22},"end":{"line":271,"column":4}},"24":{"start":{"line":273,"column":10},"end":{"line":278,"column":4}},"25":{"start":{"line":280,"column":2},"end":{"line":280,"column":null}},"26":{"start":{"line":280,"column":26},"end":{"line":280,"column":null}},"27":{"start":{"line":282,"column":2},"end":{"line":324,"column":null}},"28":{"start":{"line":307,"column":14},"end":{"line":319,"column":null}},"29":{"start":{"line":317,"column":18},"end":{"line":317,"column":null}}},"fnMap":{"0":{"name":"ProjectTimelineSegment","decl":{"start":{"line":27,"column":9},"end":{"line":27,"column":32}},"loc":{"start":{"line":35,"column":3},"end":{"line":56,"column":null}},"line":35},"1":{"name":"ProjectTimelineRow","decl":{"start":{"line":61,"column":9},"end":{"line":61,"column":28}},"loc":{"start":{"line":79,"column":3},"end":{"line":225,"column":null}},"line":79},"2":{"name":"(anonymous_2)","decl":{"start":{"line":188,"column":26},"end":{"line":188,"column":31}},"loc":{"start":{"line":189,"column":16},"end":{"line":208,"column":null}},"line":189},"3":{"name":"ProjectTimeline","decl":{"start":{"line":256,"column":16},"end":{"line":256,"column":32}},"loc":{"start":{"line":260,"column":25},"end":{"line":324,"column":null}},"line":260},"4":{"name":"(anonymous_4)","decl":{"start":{"line":306,"column":19},"end":{"line":306,"column":24}},"loc":{"start":{"line":307,"column":14},"end":{"line":319,"column":null}},"line":307},"5":{"name":"(anonymous_5)","decl":{"start":{"line":316,"column":16},"end":{"line":316,"column":26}},"loc":{"start":{"line":316,"column":42},"end":{"line":317,"column":null}},"line":316}},"branchMap":{"0":{"loc":{"start":{"line":80,"column":17},"end":{"line":80,"column":null}},"type":"binary-expr","locations":[{"start":{"line":80,"column":17},"end":{"line":80,"column":32}},{"start":{"line":80,"column":32},"end":{"line":80,"column":null}}],"line":80},"1":{"loc":{"start":{"line":84,"column":22},"end":{"line":84,"column":null}},"type":"binary-expr","locations":[{"start":{"line":84,"column":22},"end":{"line":84,"column":37}},{"start":{"line":84,"column":37},"end":{"line":84,"column":null}}],"line":84},"2":{"loc":{"start":{"line":105,"column":30},"end":{"line":105,"column":50}},"type":"binary-expr","locations":[{"start":{"line":105,"column":30},"end":{"line":105,"column":45}},{"start":{"line":105,"column":45},"end":{"line":105,"column":50}}],"line":105},"3":{"loc":{"start":{"line":114,"column":15},"end":{"line":114,"column":null}},"type":"cond-expr","locations":[{"start":{"line":114,"column":30},"end":{"line":114,"column":32}},{"start":{"line":114,"column":35},"end":{"line":114,"column":null}}],"line":114},"4":{"loc":{"start":{"line":115,"column":15},"end":{"line":115,"column":51}},"type":"cond-expr","locations":[{"start":{"line":115,"column":26},"end":{"line":115,"column":49}},{"start":{"line":115,"column":49},"end":{"line":115,"column":51}}],"line":115},"5":{"loc":{"start":{"line":136,"column":17},"end":{"line":136,"column":64}},"type":"cond-expr","locations":[{"start":{"line":136,"column":32},"end":{"line":136,"column":44}},{"start":{"line":136,"column":44},"end":{"line":136,"column":64}}],"line":136},"6":{"loc":{"start":{"line":137,"column":19},"end":{"line":137,"column":51}},"type":"cond-expr","locations":[{"start":{"line":137,"column":34},"end":{"line":137,"column":36}},{"start":{"line":137,"column":39},"end":{"line":137,"column":51}}],"line":137},"7":{"loc":{"start":{"line":138,"column":19},"end":{"line":138,"column":47}},"type":"cond-expr","locations":[{"start":{"line":138,"column":30},"end":{"line":138,"column":42}},{"start":{"line":138,"column":45},"end":{"line":138,"column":47}}],"line":138},"8":{"loc":{"start":{"line":149,"column":9},"end":{"line":154,"column":null}},"type":"binary-expr","locations":[{"start":{"line":149,"column":9},"end":{"line":149,"column":37}},{"start":{"line":149,"column":37},"end":{"line":149,"column":null}},{"start":{"line":150,"column":10},"end":{"line":154,"column":null}}],"line":149},"9":{"loc":{"start":{"line":157,"column":9},"end":{"line":162,"column":null}},"type":"binary-expr","locations":[{"start":{"line":157,"column":9},"end":{"line":157,"column":null}},{"start":{"line":158,"column":10},"end":{"line":162,"column":null}}],"line":157},"10":{"loc":{"start":{"line":170,"column":10},"end":{"line":170,"column":null}},"type":"cond-expr","locations":[{"start":{"line":170,"column":25},"end":{"line":170,"column":37}},{"start":{"line":170,"column":37},"end":{"line":170,"column":null}}],"line":170},"11":{"loc":{"start":{"line":189,"column":16},"end":{"line":208,"column":null}},"type":"cond-expr","locations":[{"start":{"line":190,"column":18},"end":{"line":198,"column":null}},{"start":{"line":200,"column":18},"end":{"line":208,"column":null}}],"line":189},"12":{"loc":{"start":{"line":258,"column":2},"end":{"line":258,"column":null}},"type":"default-arg","locations":[{"start":{"line":258,"column":12},"end":{"line":258,"column":null}}],"line":258},"13":{"loc":{"start":{"line":280,"column":2},"end":{"line":280,"column":null}},"type":"if","locations":[{"start":{"line":280,"column":2},"end":{"line":280,"column":null}},{"start":{},"end":{}}],"line":280},"14":{"loc":{"start":{"line":293,"column":19},"end":{"line":293,"column":null}},"type":"cond-expr","locations":[{"start":{"line":293,"column":34},"end":{"line":293,"column":36}},{"start":{"line":293,"column":39},"end":{"line":293,"column":null}}],"line":293},"15":{"loc":{"start":{"line":294,"column":19},"end":{"line":294,"column":55}},"type":"cond-expr","locations":[{"start":{"line":294,"column":30},"end":{"line":294,"column":53}},{"start":{"line":294,"column":53},"end":{"line":294,"column":55}}],"line":294},"16":{"loc":{"start":{"line":311,"column":25},"end":{"line":311,"column":null}},"type":"binary-expr","locations":[{"start":{"line":311,"column":25},"end":{"line":311,"column":46}},{"start":{"line":311,"column":46},"end":{"line":311,"column":null}}],"line":311}},"s":{"0":1,"1":2,"2":2,"3":4,"4":4,"5":4,"6":4,"7":4,"8":4,"9":4,"10":4,"11":4,"12":4,"13":4,"14":4,"15":4,"16":1,"17":2,"18":2,"19":2,"20":2,"21":2,"22":2,"23":2,"24":2,"25":2,"26":0,"27":2,"28":4,"29":4},"f":{"0":2,"1":4,"2":4,"3":2,"4":4,"5":4},"b":{"0":[4,0],"1":[4,2],"2":[4,2],"3":[0,4],"4":[0,4],"5":[0,4],"6":[0,4],"7":[0,4],"8":[4,2,2],"9":[4,2],"10":[0,4],"11":[0,4],"12":[2],"13":[0,2],"14":[0,2],"15":[0,2],"16":[4,0]},"meta":{"lastBranch":17,"lastFunction":6,"lastStatement":30,"seen":{"s:1:0:1:Infinity":0,"f:27:9:27:32":0,"s:36:8:40:Infinity":1,"s:43:2:56:Infinity":2,"f:61:9:61:28":1,"s:80:17:80:Infinity":3,"b:80:17:80:32:80:32:80:Infinity":0,"s:81:17:81:Infinity":4,"s:82:15:82:Infinity":5,"s:83:22:83:49":6,"s:84:22:84:Infinity":7,"b:84:22:84:37:84:37:84:Infinity":1,"s:86:8:90:Infinity":8,"s:92:8:94:4":9,"s:95:8:101:Infinity":10,"s:103:19:105:Infinity":11,"b:105:30:105:45:105:45:105:50":2,"s:107:8:109:4":12,"s:110:21:110:42":13,"s:112:2:225:Infinity":14,"b:114:30:114:32:114:35:114:Infinity":3,"b:115:26:115:49:115:49:115:51":4,"b:136:32:136:44:136:44:136:64":5,"b:137:34:137:36:137:39:137:51":6,"b:138:30:138:42:138:45:138:47":7,"b:149:9:149:37:149:37:149:Infinity:150:10:154:Infinity":8,"b:157:9:157:Infinity:158:10:162:Infinity":9,"b:170:25:170:37:170:37:170:Infinity":10,"f:188:26:188:31":2,"s:189:16:208:Infinity":15,"b:190:18:198:Infinity:200:18:208:Infinity":11,"s:232:21:254:Infinity":16,"f:256:16:256:32":3,"b:258:12:258:Infinity":12,"s:261:8:261:51":17,"s:262:8:262:52":18,"s:263:8:263:56":19,"s:264:8:264:71":20,"s:265:8:265:41":21,"s:266:10:266:45":22,"s:267:22:271:4":23,"s:273:10:278:4":24,"b:280:2:280:Infinity:undefined:undefined:undefined:undefined":13,"s:280:2:280:Infinity":25,"s:280:26:280:Infinity":26,"s:282:2:324:Infinity":27,"b:293:34:293:36:293:39:293:Infinity":14,"b:294:30:294:53:294:53:294:55":15,"f:306:19:306:24":4,"s:307:14:319:Infinity":28,"b:311:25:311:46:311:46:311:Infinity":16,"f:316:16:316:26":5,"s:317:18:317:Infinity":29}}}
,"C:\\Users\\herma\\source\\repository\\electrical-website\\components\\sections\\illumination.tsx": {"path":"C:\\Users\\herma\\source\\repository\\electrical-website\\components\\sections\\illumination.tsx","statementMap":{"0":{"start":{"line":1,"column":0},"end":{"line":1,"column":null}},"1":{"start":{"line":10,"column":34},"end":{"line":15,"column":null}},"2":{"start":{"line":18,"column":8},"end":{"line":18,"column":48}},"3":{"start":{"line":19,"column":20},"end":{"line":19,"column":51}},"4":{"start":{"line":22,"column":2},"end":{"line":32,"column":null}},"5":{"start":{"line":23,"column":23},"end":{"line":23,"column":63}},"6":{"start":{"line":24,"column":10},"end":{"line":24,"column":69}},"7":{"start":{"line":24,"column":37},"end":{"line":24,"column":69}},"8":{"start":{"line":26,"column":4},"end":{"line":26,"column":null}},"9":{"start":{"line":29,"column":4},"end":{"line":29,"column":null}},"10":{"start":{"line":31,"column":4},"end":{"line":31,"column":null}},"11":{"start":{"line":31,"column":17},"end":{"line":31,"column":77}},"12":{"start":{"line":35,"column":8},"end":{"line":35,"column":47}},"13":{"start":{"line":37,"column":10},"end":{"line":40,"column":4}},"14":{"start":{"line":42,"column":10},"end":{"line":45,"column":4}},"15":{"start":{"line":48,"column":8},"end":{"line":51,"column":4}},"16":{"start":{"line":54,"column":8},"end":{"line":57,"column":null}},"17":{"start":{"line":59,"column":8},"end":{"line":62,"column":null}},"18":{"start":{"line":65,"column":8},"end":{"line":67,"column":null}},"19":{"start":{"line":67,"column":26},"end":{"line":67,"column":null}},"20":{"start":{"line":71,"column":8},"end":{"line":71,"column":69}},"21":{"start":{"line":73,"column":2},"end":{"line":175,"column":null}}},"fnMap":{"0":{"name":"Illumination","decl":{"start":{"line":17,"column":16},"end":{"line":17,"column":31}},"loc":{"start":{"line":17,"column":31},"end":{"line":175,"column":null}},"line":17},"1":{"name":"(anonymous_1)","decl":{"start":{"line":22,"column":2},"end":{"line":22,"column":18}},"loc":{"start":{"line":22,"column":18},"end":{"line":32,"column":7}},"line":22},"2":{"name":"(anonymous_2)","decl":{"start":{"line":24,"column":10},"end":{"line":24,"column":37}},"loc":{"start":{"line":24,"column":37},"end":{"line":24,"column":69}},"line":24},"3":{"name":"(anonymous_3)","decl":{"start":{"line":31,"column":4},"end":{"line":31,"column":17}},"loc":{"start":{"line":31,"column":17},"end":{"line":31,"column":77}},"line":31},"4":{"name":"(anonymous_4)","decl":{"start":{"line":66,"column":28},"end":{"line":66,"column":null}},"loc":{"start":{"line":67,"column":26},"end":{"line":67,"column":null}},"line":67}},"branchMap":{"0":{"loc":{"start":{"line":101,"column":13},"end":{"line":101,"column":null}},"type":"cond-expr","locations":[{"start":{"line":101,"column":48},"end":{"line":101,"column":60}},{"start":{"line":101,"column":60},"end":{"line":101,"column":null}}],"line":101},"1":{"loc":{"start":{"line":101,"column":13},"end":{"line":101,"column":48}},"type":"binary-expr","locations":[{"start":{"line":101,"column":13},"end":{"line":101,"column":26}},{"start":{"line":101,"column":26},"end":{"line":101,"column":48}}],"line":101}},"s":{"0":1,"1":1,"2":44,"3":44,"4":44,"5":22,"6":22,"7":24,"8":22,"9":22,"10":22,"11":22,"12":44,"13":44,"14":44,"15":44,"16":44,"17":44,"18":44,"19":88,"20":44,"21":44},"f":{"0":44,"1":22,"2":24,"3":22,"4":88},"b":{"0":[20,24],"1":[44,20]},"meta":{"lastBranch":2,"lastFunction":5,"lastStatement":22,"seen":{"s:1:0:1:Infinity":0,"s:10:34:15:Infinity":1,"f:17:16:17:31":0,"s:18:8:18:48":2,"s:19:20:19:51":3,"s:22:2:32:Infinity":4,"f:22:2:22:18":1,"s:23:23:23:63":5,"s:24:10:24:69":6,"f:24:10:24:37":2,"s:24:37:24:69":7,"s:26:4:26:Infinity":8,"s:29:4:29:Infinity":9,"s:31:4:31:Infinity":10,"f:31:4:31:17":3,"s:31:17:31:77":11,"s:35:8:35:47":12,"s:37:10:40:4":13,"s:42:10:45:4":14,"s:48:8:51:4":15,"s:54:8:57:Infinity":16,"s:59:8:62:Infinity":17,"s:65:8:67:Infinity":18,"f:66:28:66:Infinity":4,"s:67:26:67:Infinity":19,"s:71:8:71:69":20,"s:73:2:175:Infinity":21,"b:101:48:101:60:101:60:101:Infinity":0,"b:101:13:101:26:101:26:101:48":1}}}
,"C:\\Users\\herma\\source\\repository\\electrical-website\\components\\sections\\illumination\\animated-counter.tsx": {"path":"C:\\Users\\herma\\source\\repository\\electrical-website\\components\\sections\\illumination\\animated-counter.tsx","statementMap":{"0":{"start":{"line":1,"column":0},"end":{"line":1,"column":null}},"1":{"start":{"line":14,"column":25},"end":{"line":14,"column":55}},"2":{"start":{"line":26,"column":10},"end":{"line":30,"column":4}},"3":{"start":{"line":33,"column":8},"end":{"line":41,"column":null}},"4":{"start":{"line":34,"column":4},"end":{"line":39,"column":null}},"5":{"start":{"line":36,"column":6},"end":{"line":36,"column":null}},"6":{"start":{"line":39,"column":6},"end":{"line":39,"column":null}},"7":{"start":{"line":43,"column":2},"end":{"line":46,"column":null}}},"fnMap":{"0":{"name":"AnimatedCounter","decl":{"start":{"line":20,"column":16},"end":{"line":20,"column":32}},"loc":{"start":{"line":25,"column":25},"end":{"line":46,"column":null}},"line":25},"1":{"name":"(anonymous_1)","decl":{"start":{"line":33,"column":52},"end":{"line":33,"column":66}},"loc":{"start":{"line":33,"column":85},"end":{"line":41,"column":null}},"line":33}},"branchMap":{"0":{"loc":{"start":{"line":24,"column":2},"end":{"line":24,"column":null}},"type":"default-arg","locations":[{"start":{"line":24,"column":13},"end":{"line":24,"column":null}}],"line":24},"1":{"loc":{"start":{"line":34,"column":4},"end":{"line":39,"column":null}},"type":"if","locations":[{"start":{"line":34,"column":4},"end":{"line":39,"column":null}},{"start":{"line":37,"column":11},"end":{"line":39,"column":null}}],"line":34}},"s":{"0":1,"1":1,"2":176,"3":176,"4":352,"5":264,"6":88,"7":176},"f":{"0":176,"1":352},"b":{"0":[176],"1":[264,88]},"meta":{"lastBranch":2,"lastFunction":2,"lastStatement":8,"seen":{"s:1:0:1:Infinity":0,"s:14:25:14:55":1,"f:20:16:20:32":0,"b:24:13:24:Infinity":0,"s:26:10:30:4":2,"s:33:8:41:Infinity":3,"f:33:52:33:66":1,"b:34:4:39:Infinity:37:11:39:Infinity":1,"s:34:4:39:Infinity":4,"s:36:6:36:Infinity":5,"s:39:6:39:Infinity":6,"s:43:2:46:Infinity":7}}}
,"C:\\Users\\herma\\source\\repository\\electrical-website\\components\\sections\\illumination\\background-parallax.tsx": {"path":"C:\\Users\\herma\\source\\repository\\electrical-website\\components\\sections\\illumination\\background-parallax.tsx","statementMap":{"0":{"start":{"line":1,"column":0},"end":{"line":1,"column":null}},"1":{"start":{"line":17,"column":2},"end":{"line":44,"column":null}}},"fnMap":{"0":{"name":"BackgroundParallax","decl":{"start":{"line":12,"column":16},"end":{"line":12,"column":35}},"loc":{"start":{"line":16,"column":28},"end":{"line":44,"column":null}},"line":16}},"branchMap":{"0":{"loc":{"start":{"line":15,"column":2},"end":{"line":15,"column":null}},"type":"default-arg","locations":[{"start":{"line":15,"column":25},"end":{"line":15,"column":null}}],"line":15},"1":{"loc":{"start":{"line":21,"column":20},"end":{"line":21,"column":55}},"type":"cond-expr","locations":[{"start":{"line":21,"column":43},"end":{"line":21,"column":52}},{"start":{"line":21,"column":52},"end":{"line":21,"column":55}}],"line":21}},"s":{"0":1,"1":8},"f":{"0":8},"b":{"0":[8],"1":[2,6]},"meta":{"lastBranch":2,"lastFunction":1,"lastStatement":2,"seen":{"s:1:0:1:Infinity":0,"f:12:16:12:35":0,"b:15:25:15:Infinity":0,"s:17:2:44:Infinity":1,"b:21:43:21:52:21:52:21:55":1}}}
,"C:\\Users\\herma\\source\\repository\\electrical-website\\components\\sections\\illumination\\scan-effects.tsx": {"path":"C:\\Users\\herma\\source\\repository\\electrical-website\\components\\sections\\illumination\\scan-effects.tsx","statementMap":{"0":{"start":{"line":1,"column":0},"end":{"line":1,"column":null}},"1":{"start":{"line":6,"column":2},"end":{"line":46,"column":null}},"2":{"start":{"line":26,"column":10},"end":{"line":43,"column":null}}},"fnMap":{"0":{"name":"ScanEffects","decl":{"start":{"line":5,"column":16},"end":{"line":5,"column":30}},"loc":{"start":{"line":5,"column":30},"end":{"line":46,"column":null}},"line":5},"1":{"name":"(anonymous_1)","decl":{"start":{"line":25,"column":23},"end":{"line":25,"column":28}},"loc":{"start":{"line":26,"column":10},"end":{"line":43,"column":null}},"line":26}},"branchMap":{},"s":{"0":1,"1":44,"2":264},"f":{"0":44,"1":264},"b":{},"meta":{"lastBranch":0,"lastFunction":2,"lastStatement":3,"seen":{"s:1:0:1:Infinity":0,"f:5:16:5:30":0,"s:6:2:46:Infinity":1,"f:25:23:25:28":1,"s:26:10:43:Infinity":2}}}
,"C:\\Users\\herma\\source\\repository\\electrical-website\\components\\sections\\illumination\\stats-grid.tsx": {"path":"C:\\Users\\herma\\source\\repository\\electrical-website\\components\\sections\\illumination\\stats-grid.tsx","statementMap":{"0":{"start":{"line":1,"column":0},"end":{"line":1,"column":null}},"1":{"start":{"line":18,"column":2},"end":{"line":48,"column":null}},"2":{"start":{"line":27,"column":8},"end":{"line":46,"column":null}}},"fnMap":{"0":{"name":"StatsGrid","decl":{"start":{"line":17,"column":16},"end":{"line":17,"column":26}},"loc":{"start":{"line":17,"column":61},"end":{"line":48,"column":null}},"line":17},"1":{"name":"(anonymous_1)","decl":{"start":{"line":26,"column":13},"end":{"line":26,"column":18}},"loc":{"start":{"line":27,"column":8},"end":{"line":46,"column":null}},"line":27}},"branchMap":{},"s":{"0":1,"1":44,"2":176},"f":{"0":44,"1":176},"b":{},"meta":{"lastBranch":0,"lastFunction":2,"lastStatement":3,"seen":{"s:1:0:1:Infinity":0,"f:17:16:17:26":0,"s:18:2:48:Infinity":1,"f:26:13:26:18":1,"s:27:8:46:Infinity":2}}}
,"C:\\Users\\herma\\source\\repository\\electrical-website\\components\\shared\\animated-word.tsx": {"path":"C:\\Users\\herma\\source\\repository\\electrical-website\\components\\shared\\animated-word.tsx","statementMap":{"0":{"start":{"line":1,"column":0},"end":{"line":1,"column":null}},"1":{"start":{"line":31,"column":2},"end":{"line":32,"column":null}},"2":{"start":{"line":32,"column":4},"end":{"line":32,"column":null}},"3":{"start":{"line":35,"column":2},"end":{"line":47,"column":null}},"4":{"start":{"line":57,"column":2},"end":{"line":57,"column":null}},"5":{"start":{"line":70,"column":16},"end":{"line":70,"column":46}},"6":{"start":{"line":71,"column":14},"end":{"line":71,"column":48}},"7":{"start":{"line":73,"column":8},"end":{"line":75,"column":4}},"8":{"start":{"line":76,"column":8},"end":{"line":76,"column":78}},"9":{"start":{"line":78,"column":2},"end":{"line":79,"column":null}},"10":{"start":{"line":79,"column":4},"end":{"line":79,"column":null}},"11":{"start":{"line":82,"column":2},"end":{"line":85,"column":null}}},"fnMap":{"0":{"name":"AnimatedWord","decl":{"start":{"line":20,"column":16},"end":{"line":20,"column":29}},"loc":{"start":{"line":30,"column":22},"end":{"line":47,"column":null}},"line":30},"1":{"name":"clamp01","decl":{"start":{"line":56,"column":9},"end":{"line":56,"column":17}},"loc":{"start":{"line":56,"column":32},"end":{"line":57,"column":null}},"line":56},"2":{"name":"ScrollLinkedAnimatedWord","decl":{"start":{"line":60,"column":16},"end":{"line":60,"column":41}},"loc":{"start":{"line":69,"column":34},"end":{"line":85,"column":null}},"line":69}},"branchMap":{"0":{"loc":{"start":{"line":25,"column":2},"end":{"line":25,"column":null}},"type":"default-arg","locations":[{"start":{"line":25,"column":17},"end":{"line":25,"column":null}}],"line":25},"1":{"loc":{"start":{"line":26,"column":2},"end":{"line":26,"column":null}},"type":"default-arg","locations":[{"start":{"line":26,"column":20},"end":{"line":26,"column":null}}],"line":26},"2":{"loc":{"start":{"line":27,"column":2},"end":{"line":27,"column":null}},"type":"default-arg","locations":[{"start":{"line":27,"column":14},"end":{"line":27,"column":null}}],"line":27},"3":{"loc":{"start":{"line":28,"column":2},"end":{"line":28,"column":null}},"type":"default-arg","locations":[{"start":{"line":28,"column":13},"end":{"line":28,"column":null}}],"line":28},"4":{"loc":{"start":{"line":29,"column":2},"end":{"line":29,"column":null}},"type":"default-arg","locations":[{"start":{"line":29,"column":12},"end":{"line":29,"column":null}}],"line":29},"5":{"loc":{"start":{"line":31,"column":2},"end":{"line":32,"column":null}},"type":"if","locations":[{"start":{"line":31,"column":2},"end":{"line":32,"column":null}},{"start":{},"end":{}}],"line":31},"6":{"loc":{"start":{"line":39,"column":8},"end":{"line":41,"column":null}},"type":"cond-expr","locations":[{"start":{"line":40,"column":12},"end":{"line":40,"column":null}},{"start":{"line":41,"column":12},"end":{"line":41,"column":null}}],"line":39},"7":{"loc":{"start":{"line":65,"column":2},"end":{"line":65,"column":null}},"type":"default-arg","locations":[{"start":{"line":65,"column":17},"end":{"line":65,"column":null}}],"line":65},"8":{"loc":{"start":{"line":66,"column":2},"end":{"line":66,"column":null}},"type":"default-arg","locations":[{"start":{"line":66,"column":20},"end":{"line":66,"column":null}}],"line":66},"9":{"loc":{"start":{"line":67,"column":2},"end":{"line":67,"column":null}},"type":"default-arg","locations":[{"start":{"line":67,"column":14},"end":{"line":67,"column":null}}],"line":67},"10":{"loc":{"start":{"line":68,"column":2},"end":{"line":68,"column":null}},"type":"default-arg","locations":[{"start":{"line":68,"column":18},"end":{"line":68,"column":null}}],"line":68},"11":{"loc":{"start":{"line":78,"column":2},"end":{"line":79,"column":null}},"type":"if","locations":[{"start":{"line":78,"column":2},"end":{"line":79,"column":null}},{"start":{},"end":{}}],"line":78}},"s":{"0":1,"1":0,"2":0,"3":0,"4":80,"5":40,"6":40,"7":40,"8":40,"9":40,"10":0,"11":40},"f":{"0":0,"1":80,"2":40},"b":{"0":[0],"1":[0],"2":[0],"3":[0],"4":[0],"5":[0,0],"6":[0,0],"7":[40],"8":[40],"9":[40],"10":[40],"11":[0,40]},"meta":{"lastBranch":12,"lastFunction":3,"lastStatement":12,"seen":{"s:1:0:1:Infinity":0,"f:20:16:20:29":0,"b:25:17:25:Infinity":0,"b:26:20:26:Infinity":1,"b:27:14:27:Infinity":2,"b:28:13:28:Infinity":3,"b:29:12:29:Infinity":4,"b:31:2:32:Infinity:undefined:undefined:undefined:undefined":5,"s:31:2:32:Infinity":1,"s:32:4:32:Infinity":2,"s:35:2:47:Infinity":3,"b:40:12:40:Infinity:41:12:41:Infinity":6,"f:56:9:56:17":1,"s:57:2:57:Infinity":4,"f:60:16:60:41":2,"b:65:17:65:Infinity":7,"b:66:20:66:Infinity":8,"b:67:14:67:Infinity":9,"b:68:18:68:Infinity":10,"s:70:16:70:46":5,"s:71:14:71:48":6,"s:73:8:75:4":7,"s:76:8:76:78":8,"b:78:2:79:Infinity:undefined:undefined:undefined:undefined":11,"s:78:2:79:Infinity":9,"s:79:4:79:Infinity":10,"s:82:2:85:Infinity":11}}}
[...]
ine":31,"column":null}},"line":28},"2":{"name":"createLinearThresholds","decl":{"start":{"line":34,"column":16},"end":{"line":34,"column":39}},"loc":{"start":{"line":34,"column":54},"end":{"line":39,"column":null}},"line":34},"3":{"name":"(anonymous_3)","decl":{"start":{"line":39,"column":37},"end":{"line":39,"column":40}},"loc":{"start":{"line":39,"column":53},"end":{"line":39,"column":73}},"line":39},"4":{"name":"createGeometryThresholdsFromSamples","decl":{"start":{"line":42,"column":16},"end":{"line":42,"column":null}},"loc":{"start":{"line":45,"column":2},"end":{"line":58,"column":null}},"line":45},"5":{"name":"(anonymous_5)","decl":{"start":{"line":50,"column":39},"end":{"line":50,"column":44}},"loc":{"start":{"line":51,"column":4},"end":{"line":51,"column":46}},"line":51},"6":{"name":"(anonymous_6)","decl":{"start":{"line":54,"column":26},"end":{"line":54,"column":31}},"loc":{"start":{"line":54,"column":42},"end":{"line":58,"column":null}},"line":54},"7":{"name":"createGeometryThresholdsFromElements","decl":{"start":{"line":61,"column":16},"end":{"line":61,"column":null}},"loc":{"start":{"line":64,"column":2},"end":{"line":76,"column":null}},"line":64},"8":{"name":"(anonymous_8)","decl":{"start":{"line":66,"column":61},"end":{"line":66,"column":null}},"loc":{"start":{"line":67,"column":21},"end":{"line":74,"column":null}},"line":67},"9":{"name":"createTimelineScrollOffsetPercent","decl":{"start":{"line":79,"column":16},"end":{"line":79,"column":null}},"loc":{"start":{"line":81,"column":31},"end":{"line":103,"column":null}},"line":81},"10":{"name":"toTimelineScrollOffset","decl":{"start":{"line":106,"column":16},"end":{"line":106,"column":null}},"loc":{"start":{"line":108,"column":24},"end":{"line":112,"column":null}},"line":108},"11":{"name":"getFixedHeaderHeight","decl":{"start":{"line":115,"column":16},"end":{"line":115,"column":39}},"loc":{"start":{"line":115,"column":39},"end":{"line":125,"column":null}},"line":115},"12":{"name":"getTimelineNodeState","decl":{"start":{"line":128,"column":16},"end":{"line":128,"column":null}},"loc":{"start":{"line":132,"column":21},"end":{"line":141,"column":null}},"line":132},"13":{"name":"useTimelineProgressController","decl":{"start":{"line":156,"column":16},"end":{"line":156,"column":46}},"loc":{"start":{"line":161,"column":76},"end":{"line":233,"column":null}},"line":161},"14":{"name":"(anonymous_14)","decl":{"start":{"line":162,"column":38},"end":{"line":162,"column":null}},"loc":{"start":{"line":163,"column":4},"end":{"line":163,"column":37}},"line":163},"15":{"name":"(anonymous_15)","decl":{"start":{"line":170,"column":2},"end":{"line":170,"column":18}},"loc":{"start":{"line":170,"column":18},"end":{"line":228,"column":6}},"line":170},"16":{"name":"(anonymous_16)","decl":{"start":{"line":176,"column":42},"end":{"line":176,"column":null}},"loc":{"start":{"line":177,"column":51},"end":{"line":177,"column":null}},"line":177},"17":{"name":"(anonymous_17)","decl":{"start":{"line":184,"column":10},"end":{"line":184,"column":40}},"loc":{"start":{"line":184,"column":40},"end":{"line":187,"column":null}},"line":184},"18":{"name":"(anonymous_18)","decl":{"start":{"line":190,"column":10},"end":{"line":190,"column":37}},"loc":{"start":{"line":190,"column":37},"end":{"line":203,"column":null}},"line":190},"19":{"name":"(anonymous_19)","decl":{"start":{"line":209,"column":31},"end":{"line":209,"column":52}},"loc":{"start":{"line":209,"column":52},"end":{"line":212,"column":null}},"line":209},"20":{"name":"(anonymous_20)","decl":{"start":{"line":215,"column":17},"end":{"line":215,"column":26}},"loc":{"start":{"line":215,"column":42},"end":{"line":215,"column":77}},"line":215},"21":{"name":"(anonymous_21)","decl":{"start":{"line":217,"column":10},"end":{"line":217,"column":31}},"loc":{"start":{"line":217,"column":31},"end":{"line":219,"column":null}},"line":217},"22":{"name":"(anonymous_22)","decl":{"start":{"line":224,"column":4},"end":{"line":224,"column":17}},"loc":{"start":{"line":224,"column":17},"end":{"line":226,"column":null}},"line":224}},"branchMap":{"0":{"loc":{"start":{"line":35,"column":2},"end":{"line":36,"column":null}},"type":"if","locations":[{"start":{"line":35,"column":2},"end":{"line":36,"column":null}},{"start":{},"end":{}}],"line":35},"1":{"loc":{"start":{"line":46,"column":2},"end":{"line":47,"column":null}},"type":"if","locations":[{"start":{"line":46,"column":2},"end":{"line":47,"column":null}},{"start":{},"end":{}}],"line":46},"2":{"loc":{"start":{"line":84,"column":4},"end":{"line":84,"column":null}},"type":"binary-expr","locations":[{"start":{"line":84,"column":4},"end":{"line":84,"column":36}},{"start":{"line":84,"column":36},"end":{"line":84,"column":null}}],"line":84},"3":{"loc":{"start":{"line":85,"column":25},"end":{"line":85,"column":null}},"type":"binary-expr","locations":[{"start":{"line":85,"column":25},"end":{"line":85,"column":55}},{"start":{"line":85,"column":55},"end":{"line":85,"column":null}}],"line":85},"4":{"loc":{"start":{"line":88,"column":4},"end":{"line":90,"column":null}},"type":"cond-expr","locations":[{"start":{"line":89,"column":8},"end":{"line":89,"column":null}},{"start":{"line":90,"column":8},"end":{"line":90,"column":null}}],"line":88},"5":{"loc":{"start":{"line":116,"column":2},"end":{"line":117,"column":null}},"type":"if","locations":[{"start":{"line":116,"column":2},"end":{"line":117,"column":null}},{"start":{},"end":{}}],"line":116},"6":{"loc":{"start":{"line":133,"column":2},"end":{"line":134,"column":null}},"type":"if","locations":[{"start":{"line":133,"column":2},"end":{"line":134,"column":null}},{"start":{},"end":{}}],"line":133},"7":{"loc":{"start":{"line":137,"column":2},"end":{"line":138,"column":null}},"type":"if","locations":[{"start":{"line":137,"column":2},"end":{"line":138,"column":null}},{"start":{},"end":{}}],"line":137},"8":{"loc":{"start":{"line":137,"column":6},"end":{"line":137,"column":59}},"type":"binary-expr","locations":[{"start":{"line":137,"column":6},"end":{"line":137,"column":35}},{"start":{"line":137,"column":35},"end":{"line":137,"column":59}}],"line":137},"9":{"loc":{"start":{"line":160,"column":2},"end":{"line":160,"column":null}},"type":"default-arg","locations":[{"start":{"line":160,"column":12},"end":{"line":160,"column":null}}],"line":160},"10":{"loc":{"start":{"line":171,"column":4},"end":{"line":172,"column":null}},"type":"if","locations":[{"start":{"line":171,"column":4},"end":{"line":172,"column":null}},{"start":{},"end":{}}],"line":171},"11":{"loc":{"start":{"line":180,"column":4},"end":{"line":181,"column":null}},"type":"if","locations":[{"start":{"line":180,"column":4},"end":{"line":181,"column":null}},{"start":{},"end":{}}],"line":180},"12":{"loc":{"start":{"line":180,"column":8},"end":{"line":180,"column":63}},"type":"binary-expr","locations":[{"start":{"line":180,"column":8},"end":{"line":180,"column":28}},{"start":{"line":180,"column":28},"end":{"line":180,"column":63}}],"line":180},"13":{"loc":{"start":{"line":192,"column":8},"end":{"line":194,"column":null}},"type":"cond-expr","locations":[{"start":{"line":193,"column":12},"end":{"line":193,"column":null}},{"start":{"line":194,"column":12},"end":{"line":194,"column":null}}],"line":192},"14":{"loc":{"start":{"line":192,"column":8},"end":{"line":192,"column":null}},"type":"binary-expr","locations":[{"start":{"line":192,"column":8},"end":{"line":192,"column":41}},{"start":{"line":192,"column":41},"end":{"line":192,"column":null}}],"line":192}},"s":{"0":2,"1":2,"2":2,"3":2,"4":2,"5":6,"6":3,"7":3,"8":3,"9":9,"10":3,"11":6,"12":25,"13":5,"14":4,"15":1,"16":3,"17":1,"18":3,"19":3,"20":3,"21":3,"22":3,"23":11,"24":11,"25":3,"26":4,"27":4,"28":4,"29":4,"30":4,"31":4,"32":4,"33":3,"34":0,"35":3,"36":2,"37":0,"38":2,"39":1,"40":1,"41":6,"42":3,"43":6,"44":6,"45":3,"46":0,"47":3,"48":3,"49":11,"50":3,"51":0,"52":3,"53":3,"54":3,"55":3,"56":3,"57":3,"58":3,"59":3,"60":0,"61":0,"62":3,"63":3,"64":11,"65":3,"66":0,"67":0,"68":3,"69":3,"70":3,"71":3,"72":6},"f":{"0":6,"1":3,"2":9,"3":25,"4":5,"5":3,"6":3,"7":3,"8":11,"9":4,"10":4,"11":3,"12":2,"13":6,"14":3,"15":3,"16":11,"17":3,"18":3,"19":0,"20":11,"21":0,"22":3},"b":{"0":[3,6],"1":[4,1],"2":[4,4],"3":[4,4],"4":[4,0],"5":[0,3],"6":[0,2],"7":[1,1],"8":[2,1],"9":[6],"10":[0,3],"11":[0,3],"12":[3,3],"13":[3,0],"14":[3,3]},"meta":{"lastBranch":15,"lastFunction":23,"lastStatement":73,"seen":{"s:1:0:1:Infinity":0,"s:19:30:19:Infinity":1,"s:20:28:20:Infinity":2,"s:21:26:21:Infinity":3,"s:22:26:22:Infinity":4,"f:24:16:24:24":0,"s:25:2:25:Infinity":5,"f:28:16:28:47":1,"s:29:8:29:Infinity":6,"s:30:15:30:Infinity":7,"s:31:2:31:Infinity":8,"f:34:16:34:39":2,"b:35:2:36:Infinity:undefined:undefined:undefined:undefined":0,"s:35:2:36:Infinity":9,"s:36:4:36:Infinity":10,"s:39:2:39:Infinity":11,"f:39:37:39:40":3,"s:39:53:39:73":12,"f:42:16:42:Infinity":4,"b:46:2:47:Infinity:undefined:undefined:undefined:undefined":1,"s:46:2:47:Infinity":13,"s:47:4:47:Infinity":14,"s:50:27:51:Infinity":15,"f:50:39:50:44":5,"s:51:4:51:46":16,"s:54:2:58:Infinity":17,"f:54:26:54:31":6,"s:55:19:55:Infinity":18,"s:56:23:56:55":19,"s:57:4:57:Infinity":20,"f:61:16:61:Infinity":7,"s:65:23:65:62":21,"s:66:48:74:Infinity":22,"f:66:61:66:Infinity":8,"s:68:23:68:58":23,"s:69:6:72:Infinity":24,"s:76:2:76:Infinity":25,"f:79:16:79:Infinity":9,"s:82:22:82:73":26,"s:84:4:84:Infinity":27,"b:84:4:84:36:84:36:84:Infinity":2,"s:85:25:85:Infinity":28,"b:85:25:85:55:85:55:85:Infinity":3,"s:88:4:90:Infinity":29,"b:89:8:89:Infinity:90:8:90:Infinity":4,"s:92:21:101:4":30,"s:103:2:103:Infinity":31,"f:106:16:106:Infinity":10,"s:109:2:112:Infinity":32,"f:115:16:115:39":11,"b:116:2:117:Infinity:undefined:undefined:undefined:undefined":5,"s:116:2:117:Infinity":33,"s:117:4:117:Infinity":34,"s:120:2:125:Infinity":35,"f:128:16:128:Infinity":12,"b:133:2:134:Infinity:undefined:undefined:undefined:undefined":6,"s:133:2:134:Infinity":36,"s:134:4:134:Infinity":37,"b:137:2:138:Infinity:undefined:undefined:undefined:undefined":7,"s:137:2:138:Infinity":38,"b:137:6:137:35:137:35:137:59":8,"s:138:4:138:Infinity":39,"s:141:2:141:Infinity":40,"f:156:16:156:46":13,"b:160:12:160:Infinity":9,"s:162:21:163:Infinity":41,"f:162:38:162:Infinity":14,"s:163:4:163:37":42,"s:165:24:168:4":43,"s:170:2:228:Infinity":44,"f:170:2:170:18":15,"b:171:4:172:Infinity:undefined:undefined:undefined:undefined":10,"s:171:4:172:Infinity":45,"s:172:6:172:Infinity":46,"s:175:28:175:Infinity":47,"s:176:25:177:Infinity":48,"f:176:42:176:Infinity":16,"s:177:51:177:Infinity":49,"b:180:4:181:Infinity:undefined:undefined:undefined:undefined":11,"s:180:4:181:Infinity":50,"b:180:8:180:28:180:28:180:63":12,"s:181:6:181:Infinity":51,"s:184:10:187:Infinity":52,"f:184:10:184:40":17,"s:185:6:187:Infinity":53,"s:190:10:203:Infinity":54,"f:190:10:190:37":18,"s:192:8:194:Infinity":55,"b:193:12:193:Infinity:194:12:194:Infinity":13,"b:192:8:192:41:192:41:192:Infinity":14,"s:196:6:203:Infinity":56,"s:206:4:206:Infinity":57,"s:207:4:207:Infinity":58,"s:209:27:212:Infinity":59,"f:209:31:209:52":19,"s:210:6:210:Infinity":60,"s:211:6:211:Infinity":61,"s:214:4:214:Infinity":62,"s:215:4:215:Infinity":63,"f:215:17:215:26":20,"s:215:42:215:77":64,"s:217:10:219:Infinity":65,"f:217:10:217:31":21,"s:218:6:218:Infinity":66,"s:219:6:219:Infinity":67,"s:222:4:222:Infinity":68,"s:224:4:226:Infinity":69,"f:224:4:224:17":22,"s:225:6:225:Infinity":70,"s:226:6:226:Infinity":71,"s:230:2:233:Infinity":72}}}
,"C:\\Users\\herma\\source\\repository\\electrical-website\\lib\\timeline\\adapters\\_utils.ts": {"path":"C:\\Users\\herma\\source\\repository\\electrical-website\\lib\\timeline\\adapters\\_utils.ts","statementMap":{"0":{"start":{"line":8,"column":6},"end":{"line":14,"column":null}},"1":{"start":{"line":11,"column":25},"end":{"line":11,"column":null}},"2":{"start":{"line":16,"column":4},"end":{"line":16,"column":null}},"3":{"start":{"line":17,"column":4},"end":{"line":17,"column":null}},"4":{"start":{"line":18,"column":4},"end":{"line":18,"column":null}},"5":{"start":{"line":19,"column":4},"end":{"line":19,"column":null}},"6":{"start":{"line":24,"column":2},"end":{"line":28,"column":null}},"7":{"start":{"line":37,"column":20},"end":{"line":37,"column":34}},"8":{"start":{"line":38,"column":20},"end":{"line":38,"column":34}},"9":{"start":{"line":39,"column":2},"end":{"line":39,"column":null}}},"fnMap":{"0":{"name":"(anonymous_0)","decl":{"start":{"line":6,"column":2},"end":{"line":6,"column":14}},"loc":{"start":{"line":6,"column":70},"end":{"line":19,"column":null}},"line":6},"1":{"name":"(anonymous_1)","decl":{"start":{"line":10,"column":13},"end":{"line":10,"column":null}},"loc":{"start":{"line":11,"column":25},"end":{"line":11,"column":null}},"line":11},"2":{"name":"slugify","decl":{"start":{"line":23,"column":9},"end":{"line":23,"column":17}},"loc":{"start":{"line":23,"column":40},"end":{"line":28,"column":null}},"line":23},"3":{"name":"createTimelineId","decl":{"start":{"line":31,"column":16},"end":{"line":31,"column":null}},"loc":{"start":{"line":36,"column":10},"end":{"line":39,"column":null}},"line":36}},"branchMap":{"0":{"loc":{"start":{"line":8,"column":6},"end":{"line":14,"column":null}},"type":"cond-expr","locations":[{"start":{"line":9,"column":10},"end":{"line":13,"column":null}},{"start":{"line":14,"column":10},"end":{"line":14,"column":null}}],"line":8},"1":{"loc":{"start":{"line":11,"column":28},"end":{"line":11,"column":59}},"type":"binary-expr","locations":[{"start":{"line":11,"column":28},"end":{"line":11,"column":48}},{"start":{"line":11,"column":52},"end":{"line":11,"column":59}}],"line":11}},"s":{"0":2,"1":2,"2":2,"3":2,"4":2,"5":2,"6":38,"7":19,"8":19,"9":19},"f":{"0":2,"1":2,"2":38,"3":19},"b":{"0":[2,0],"1":[2,0]},"meta":{"lastBranch":2,"lastFunction":4,"lastStatement":10,"seen":{"f:6:2:6:14":0,"s:8:6:14:Infinity":0,"b:9:10:13:Infinity:14:10:14:Infinity":0,"f:10:13:10:Infinity":1,"s:11:25:11:Infinity":1,"b:11:28:11:48:11:52:11:59":1,"s:16:4:16:Infinity":2,"s:17:4:17:Infinity":3,"s:18:4:18:Infinity":4,"s:19:4:19:Infinity":5,"f:23:9:23:17":2,"s:24:2:28:Infinity":6,"f:31:16:31:Infinity":3,"s:37:20:37:34":7,"s:38:20:38:34":8,"s:39:2:39:Infinity":9}}}
,"C:\\Users\\herma\\source\\repository\\electrical-website\\lib\\timeline\\adapters\\company.ts": {"path":"C:\\Users\\herma\\source\\repository\\electrical-website\\lib\\timeline\\adapters\\company.ts","statementMap":{"0":{"start":{"line":14,"column":2},"end":{"line":34,"column":null}},"1":{"start":{"line":15,"column":29},"end":{"line":15,"column":74}},"2":{"start":{"line":17,"column":4},"end":{"line":32,"column":null}},"3":{"start":{"line":21,"column":57},"end":{"line":31,"column":null}},"4":{"start":{"line":34,"column":4},"end":{"line":34,"column":null}}},"fnMap":{"0":{"name":"adaptCompanyTimeline","decl":{"start":{"line":11,"column":16},"end":{"line":11,"column":null}},"loc":{"start":{"line":13,"column":23},"end":{"line":34,"column":null}},"line":13},"1":{"name":"(anonymous_1)","decl":{"start":{"line":21,"column":30},"end":{"line":21,"column":35}},"loc":{"start":{"line":21,"column":57},"end":{"line":31,"column":null}},"line":21}},"branchMap":{"0":{"loc":{"start":{"line":30,"column":19},"end":{"line":30,"column":null}},"type":"binary-expr","locations":[{"start":{"line":30,"column":19},"end":{"line":30,"column":42}},{"start":{"line":30,"column":42},"end":{"line":30,"column":null}}],"line":30}},"s":{"0":3,"1":3,"2":3,"3":10,"4":1},"f":{"0":3,"1":10},"b":{"0":[10,1]},"meta":{"lastBranch":1,"lastFunction":2,"lastStatement":5,"seen":{"f:11:16:11:Infinity":0,"s:14:2:34:Infinity":0,"s:15:29:15:74":1,"s:17:4:32:Infinity":2,"f:21:30:21:35":1,"s:21:57:31:Infinity":3,"b:30:19:30:42:30:42:30:Infinity":0,"s:34:4:34:Infinity":4}}}
,"C:\\Users\\herma\\source\\repository\\electrical-website\\lib\\timeline\\adapters\\index.ts": {"path":"C:\\Users\\herma\\source\\repository\\electrical-website\\lib\\timeline\\adapters\\index.ts","statementMap":{},"fnMap":{},"branchMap":{},"s":{},"f":{},"b":{},"meta":{"lastBranch":0,"lastFunction":0,"lastStatement":0,"seen":{}}}
,"C:\\Users\\herma\\source\\repository\\electrical-website\\lib\\timeline\\adapters\\news.ts": {"path":"C:\\Users\\herma\\source\\repository\\electrical-website\\lib\\timeline\\adapters\\news.ts","statementMap":{"0":{"start":{"line":9,"column":29},"end":{"line":9,"column":null}},"1":{"start":{"line":10,"column":23},"end":{"line":10,"column":null}},"2":{"start":{"line":11,"column":26},"end":{"line":11,"column":null}},"3":{"start":{"line":14,"column":2},"end":{"line":18,"column":null}},"4":{"start":{"line":24,"column":2},"end":{"line":51,"column":null}},"5":{"start":{"line":25,"column":27},"end":{"line":25,"column":67}},"6":{"start":{"line":27,"column":4},"end":{"line":49,"column":null}},"7":{"start":{"line":31,"column":51},"end":{"line":48,"column":null}},"8":{"start":{"line":51,"column":4},"end":{"line":51,"column":null}}},"fnMap":{"0":{"name":"normalizeTimelineText","decl":{"start":{"line":13,"column":9},"end":{"line":13,"column":31}},"loc":{"start":{"line":13,"column":54},"end":{"line":18,"column":null}},"line":13},"1":{"name":"adaptNewsTimeline","decl":{"start":{"line":21,"column":16},"end":{"line":21,"column":null}},"loc":{"start":{"line":23,"column":23},"end":{"line":51,"column":null}},"line":23},"2":{"name":"(anonymous_2)","decl":{"start":{"line":31,"column":28},"end":{"line":31,"column":33}},"loc":{"start":{"line":31,"column":51},"end":{"line":48,"column":null}},"line":31}},"branchMap":{"0":{"loc":{"start":{"line":44,"column":18},"end":{"line":46,"column":null}},"type":"cond-expr","locations":[{"start":{"line":45,"column":12},"end":{"line":45,"column":49}},{"start":{"line":46,"column":12},"end":{"line":46,"column":null}}],"line":44}},"s":{"0":2,"1":2,"2":2,"3":22,"4":3,"5":3,"6":3,"7":4,"8":0},"f":{"0":22,"1":3,"2":4},"b":{"0":[2,2]},"meta":{"lastBranch":1,"lastFunction":3,"lastStatement":9,"seen":{"s:9:29:9:Infinity":0,"s:10:23:10:Infinity":1,"s:11:26:11:Infinity":2,"f:13:9:13:31":0,"s:14:2:18:Infinity":3,"f:21:16:21:Infinity":1,"s:24:2:51:Infinity":4,"s:25:27:25:67":5,"s:27:4:49:Infinity":6,"f:31:28:31:33":2,"s:31:51:48:Infinity":7,"b:45:12:45:49:46:12:46:Infinity":0,"s:51:4:51:Infinity":8}}}
,"C:\\Users\\herma\\source\\repository\\electrical-website\\lib\\timeline\\adapters\\project.ts": {"path":"C:\\Users\\herma\\source\\repository\\electrical-website\\lib\\timeline\\adapters\\project.ts","statementMap":{"0":{"start":{"line":9,"column":29},"end":{"line":9,"column":null}},"1":{"start":{"line":10,"column":23},"end":{"line":10,"column":null}},"2":{"start":{"line":11,"column":26},"end":{"line":11,"column":null}},"3":{"start":{"line":14,"column":2},"end":{"line":18,"column":null}},"4":{"start":{"line":24,"column":2},"end":{"line":50,"column":null}},"5":{"start":{"line":25,"column":25},"end":{"line":25,"column":66}},"6":{"start":{"line":27,"column":4},"end":{"line":48,"column":null}},"7":{"start":{"line":31,"column":49},"end":{"line":47,"column":null}},"8":{"start":{"line":50,"column":4},"end":{"line":50,"column":null}}},"fnMap":{"0":{"name":"normalizeTimelineText","decl":{"start":{"line":13,"column":9},"end":{"line":13,"column":31}},"loc":{"start":{"line":13,"column":54},"end":{"line":18,"column":null}},"line":13},"1":{"name":"adaptProjectTimeline","decl":{"start":{"line":21,"column":16},"end":{"line":21,"column":null}},"loc":{"start":{"line":23,"column":23},"end":{"line":50,"column":null}},"line":23},"2":{"name":"(anonymous_2)","decl":{"start":{"line":31,"column":26},"end":{"line":31,"column":31}},"loc":{"start":{"line":31,"column":49},"end":{"line":47,"column":null}},"line":31}},"branchMap":{},"s":{"0":2,"1":2,"2":2,"3":30,"4":4,"5":4,"6":4,"7":5,"8":1},"f":{"0":30,"1":4,"2":5},"b":{},"meta":{"lastBranch":0,"lastFunction":3,"lastStatement":9,"seen":{"s:9:29:9:Infinity":0,"s:10:23:10:Infinity":1,"s:11:26:11:Infinity":2,"f:13:9:13:31":0,"s:14:2:18:Infinity":3,"f:21:16:21:Infinity":1,"s:24:2:50:Infinity":4,"s:25:25:25:66":5,"s:27:4:48:Infinity":6,"f:31:26:31:31":2,"s:31:49:47:Infinity":7,"s:50:4:50:Infinity":8}}}
}
