{"C:\\Users\\herma\\source\\repository\\electrical-website\\lib\\rate-limit.ts": {"path":"C:\\Users\\herma\\source\\repository\\electrical-website\\lib\\rate-limit.ts","statementMap":{"0":{"start":{"line":13,"column":27},"end":{"line":13,"column":null}},"1":{"start":{"line":19,"column":6},"end":{"line":19,"column":null}},"2":{"start":{"line":22,"column":2},"end":{"line":22,"column":null}},"3":{"start":{"line":25,"column":2},"end":{"line":29,"column":null}},"4":{"start":{"line":31,"column":0},"end":{"line":32,"column":null}},"5":{"start":{"line":32,"column":2},"end":{"line":32,"column":null}},"6":{"start":{"line":35,"column":17},"end":{"line":35,"column":null}},"7":{"start":{"line":37,"column":29},"end":{"line":37,"column":54}},"8":{"start":{"line":38,"column":23},"end":{"line":38,"column":76}},"9":{"start":{"line":41,"column":2},"end":{"line":50,"column":null}},"10":{"start":{"line":42,"column":4},"end":{"line":48,"column":null}},"11":{"start":{"line":43,"column":6},"end":{"line":47,"column":null}},"12":{"start":{"line":48,"column":6},"end":{"line":48,"column":null}},"13":{"start":{"line":50,"column":4},"end":{"line":50,"column":null}},"14":{"start":{"line":53,"column":2},"end":{"line":53,"column":null}},"15":{"start":{"line":61,"column":14},"end":{"line":61,"column":24}},"16":{"start":{"line":63,"column":23},"end":{"line":63,"column":55}},"17":{"start":{"line":64,"column":2},"end":{"line":65,"column":null}},"18":{"start":{"line":65,"column":4},"end":{"line":65,"column":null}},"19":{"start":{"line":68,"column":18},"end":{"line":68,"column":44}},"20":{"start":{"line":69,"column":2},"end":{"line":71,"column":null}},"21":{"start":{"line":70,"column":4},"end":{"line":70,"column":null}},"22":{"start":{"line":71,"column":4},"end":{"line":71,"column":null}},"23":{"start":{"line":74,"column":20},"end":{"line":74,"column":null}},"24":{"start":{"line":75,"column":2},"end":{"line":75,"column":null}},"25":{"start":{"line":77,"column":2},"end":{"line":79,"column":null}},"26":{"start":{"line":78,"column":4},"end":{"line":78,"column":null}},"27":{"start":{"line":79,"column":4},"end":{"line":79,"column":null}},"28":{"start":{"line":82,"column":2},"end":{"line":82,"column":null}},"29":{"start":{"line":86,"column":14},"end":{"line":86,"column":24}},"30":{"start":{"line":87,"column":23},"end":{"line":87,"column":55}},"31":{"start":{"line":88,"column":2},"end":{"line":89,"column":null}},"32":{"start":{"line":89,"column":4},"end":{"line":89,"column":null}},"33":{"start":{"line":92,"column":18},"end":{"line":92,"column":44}},"34":{"start":{"line":93,"column":2},"end":{"line":94,"column":null}},"35":{"start":{"line":94,"column":4},"end":{"line":94,"column":null}},"36":{"start":{"line":97,"column":2},"end":{"line":97,"column":null}},"37":{"start":{"line":108,"column":2},"end":{"line":108,"column":null}},"38":{"start":{"line":112,"column":18},"end":{"line":112,"column":27}},"39":{"start":{"line":113,"column":2},"end":{"line":114,"column":null}},"40":{"start":{"line":114,"column":4},"end":{"line":114,"column":null}},"41":{"start":{"line":117,"column":2},"end":{"line":117,"column":null}},"42":{"start":{"line":134,"column":2},"end":{"line":135,"column":null}},"43":{"start":{"line":135,"column":4},"end":{"line":135,"column":null}},"44":{"start":{"line":138,"column":20},"end":{"line":138,"column":42}},"45":{"start":{"line":139,"column":2},"end":{"line":148,"column":null}},"46":{"start":{"line":140,"column":4},"end":{"line":145,"column":null}},"47":{"start":{"line":141,"column":6},"end":{"line":144,"column":null}},"48":{"start":{"line":145,"column":6},"end":{"line":145,"column":null}},"49":{"start":{"line":148,"column":4},"end":{"line":148,"column":null}},"50":{"start":{"line":151,"column":17},"end":{"line":151,"column":34}},"51":{"start":{"line":154,"column":2},"end":{"line":155,"column":null}},"52":{"start":{"line":155,"column":4},"end":{"line":155,"column":null}},"53":{"start":{"line":159,"column":23},"end":{"line":159,"column":55}},"54":{"start":{"line":160,"column":2},"end":{"line":161,"column":null}},"55":{"start":{"line":161,"column":4},"end":{"line":161,"column":null}},"56":{"start":{"line":164,"column":2},"end":{"line":199,"column":null}},"57":{"start":{"line":165,"column":18},"end":{"line":165,"column":41}},"58":{"start":{"line":166,"column":16},"end":{"line":166,"column":null}},"59":{"start":{"line":167,"column":23},"end":{"line":167,"column":49}},"60":{"start":{"line":170,"column":18},"end":{"line":170,"column":39}},"61":{"start":{"line":173,"column":4},"end":{"line":174,"column":null}},"62":{"start":{"line":174,"column":6},"end":{"line":174,"column":null}},"63":{"start":{"line":178,"column":20},"end":{"line":178,"column":null}},"64":{"start":{"line":179,"column":4},"end":{"line":180,"column":null}},"65":{"start":{"line":180,"column":6},"end":{"line":180,"column":null}},"66":{"start":{"line":183,"column":4},"end":{"line":183,"column":null}},"67":{"start":{"line":185,"column":19},"end":{"line":187,"column":null}},"68":{"start":{"line":189,"column":4},"end":{"line":193,"column":null}},"69":{"start":{"line":195,"column":4},"end":{"line":196,"column":null}},"70":{"start":{"line":196,"column":6},"end":{"line":196,"column":null}},"71":{"start":{"line":199,"column":4},"end":{"line":199,"column":null}},"72":{"start":{"line":217,"column":2},"end":{"line":218,"column":null}},"73":{"start":{"line":218,"column":4},"end":{"line":218,"column":null}},"74":{"start":{"line":221,"column":20},"end":{"line":221,"column":42}},"75":{"start":{"line":222,"column":2},"end":{"line":223,"column":null}},"76":{"start":{"line":223,"column":4},"end":{"line":223,"column":null}},"77":{"start":{"line":226,"column":17},"end":{"line":226,"column":34}},"78":{"start":{"line":229,"column":2},"end":{"line":230,"column":null}},"79":{"start":{"line":230,"column":4},"end":{"line":230,"column":null}},"80":{"start":{"line":233,"column":2},"end":{"line":255,"column":null}},"81":{"start":{"line":234,"column":18},"end":{"line":234,"column":41}},"82":{"start":{"line":235,"column":16},"end":{"line":235,"column":null}},"83":{"start":{"line":237,"column":21},"end":{"line":237,"column":41}},"84":{"start":{"line":238,"column":18},"end":{"line":238,"column":null}},"85":{"start":{"line":239,"column":4},"end":{"line":239,"column":null}},"86":{"start":{"line":241,"column":19},"end":{"line":243,"column":null}},"87":{"start":{"line":245,"column":4},"end":{"line":249,"column":null}},"88":{"start":{"line":251,"column":4},"end":{"line":252,"column":null}},"89":{"start":{"line":252,"column":6},"end":{"line":252,"column":null}},"90":{"start":{"line":255,"column":4},"end":{"line":255,"column":null}}},"fnMap":{"0":{"name":"canUseRateLimit","decl":{"start":{"line":40,"column":9},"end":{"line":40,"column":36}},"loc":{"start":{"line":40,"column":36},"end":{"line":53,"column":null}},"line":40},"1":{"name":"checkMemoryRateLimit","decl":{"start":{"line":56,"column":9},"end":{"line":56,"column":null}},"loc":{"start":{"line":60,"column":11},"end":{"line":82,"column":null}},"line":60},"2":{"name":"getMemoryRemaining","decl":{"start":{"line":85,"column":9},"end":{"line":85,"column":28}},"loc":{"start":{"line":85,"column":67},"end":{"line":97,"column":null}},"line":85},"3":{"name":"hashIp","decl":{"start":{"line":107,"column":9},"end":{"line":107,"column":16}},"loc":{"start":{"line":107,"column":36},"end":{"line":108,"column":null}},"line":107},"4":{"name":"normalizeClientKey","decl":{"start":{"line":111,"column":9},"end":{"line":111,"column":28}},"loc":{"start":{"line":111,"column":55},"end":{"line":117,"column":null}},"line":111},"5":{"name":"checkRateLimit","decl":{"start":{"line":129,"column":22},"end":{"line":129,"column":null}},"loc":{"start":{"line":133,"column":20},"end":{"line":199,"column":null}},"line":133},"6":{"name":"getRemainingSubmissions","decl":{"start":{"line":212,"column":22},"end":{"line":212,"column":null}},"loc":{"start":{"line":216,"column":19},"end":{"line":255,"column":null}},"line":216}},"branchMap":{"0":{"loc":{"start":{"line":22,"column":2},"end":{"line":22,"column":null}},"type":"binary-expr","locations":[{"start":{"line":22,"column":2},"end":{"line":22,"column":34}},{"start":{"line":22,"column":34},"end":{"line":22,"column":null}}],"line":22},"1":{"loc":{"start":{"line":22,"column":34},"end":{"line":22,"column":null}},"type":"cond-expr","locations":[{"start":{"line":22,"column":49},"end":{"line":22,"column":59}},{"start":{"line":22,"column":59},"end":{"line":22,"column":null}}],"line":22},"2":{"loc":{"start":{"line":25,"column":2},"end":{"line":29,"column":null}},"type":"cond-expr","locations":[{"start":{"line":28,"column":6},"end":{"line":28,"column":null}},{"start":{"line":29,"column":6},"end":{"line":29,"column":null}}],"line":25},"3":{"loc":{"start":{"line":25,"column":2},"end":{"line":27,"column":null}},"type":"binary-expr","locations":[{"start":{"line":25,"column":2},"end":{"line":25,"column":null}},{"start":{"line":26,"column":2},"end":{"line":26,"column":null}},{"start":{"line":27,"column":2},"end":{"line":27,"column":null}}],"line":25},"4":{"loc":{"start":{"line":31,"column":0},"end":{"line":32,"column":null}},"type":"if","locations":[{"start":{"line":31,"column":0},"end":{"line":32,"column":null}},{"start":{},"end":{}}],"line":31},"5":{"loc":{"start":{"line":31,"column":4},"end":{"line":31,"column":47}},"type":"binary-expr","locations":[{"start":{"line":31,"column":4},"end":{"line":31,"column":20}},{"start":{"line":31,"column":20},"end":{"line":31,"column":47}}],"line":31},"6":{"loc":{"start":{"line":41,"column":2},"end":{"line":50,"column":null}},"type":"if","locations":[{"start":{"line":41,"column":2},"end":{"line":50,"column":null}},{"start":{},"end":{}}],"line":41},"7":{"loc":{"start":{"line":42,"column":4},"end":{"line":48,"column":null}},"type":"if","locations":[{"start":{"line":42,"column":4},"end":{"line":48,"column":null}},{"start":{},"end":{}}],"line":42},"8":{"loc":{"start":{"line":64,"column":2},"end":{"line":65,"column":null}},"type":"if","locations":[{"start":{"line":64,"column":2},"end":{"line":65,"column":null}},{"start":{},"end":{}}],"line":64},"9":{"loc":{"start":{"line":64,"column":6},"end":{"line":64,"column":42}},"type":"binary-expr","locations":[{"start":{"line":64,"column":6},"end":{"line":64,"column":22}},{"start":{"line":64,"column":22},"end":{"line":64,"column":42}}],"line":64},"10":{"loc":{"start":{"line":69,"column":2},"end":{"line":71,"column":null}},"type":"if","locations":[{"start":{"line":69,"column":2},"end":{"line":71,"column":null}},{"start":{},"end":{}}],"line":69},"11":{"loc":{"start":{"line":69,"column":6},"end":{"line":69,"column":42}},"type":"binary-expr","locations":[{"start":{"line":69,"column":6},"end":{"line":69,"column":18}},{"start":{"line":69,"column":18},"end":{"line":69,"column":42}}],"line":69},"12":{"loc":{"start":{"line":77,"column":2},"end":{"line":79,"column":null}},"type":"if","locations":[{"start":{"line":77,"column":2},"end":{"line":79,"column":null}},{"start":{},"end":{}}],"line":77},"13":{"loc":{"start":{"line":88,"column":2},"end":{"line":89,"column":null}},"type":"if","locations":[{"start":{"line":88,"column":2},"end":{"line":89,"column":null}},{"start":{},"end":{}}],"line":88},"14":{"loc":{"start":{"line":88,"column":6},"end":{"line":88,"column":42}},"type":"binary-expr","locations":[{"start":{"line":88,"column":6},"end":{"line":88,"column":22}},{"start":{"line":88,"column":22},"end":{"line":88,"column":42}}],"line":88},"15":{"loc":{"start":{"line":93,"column":2},"end":{"line":94,"column":null}},"type":"if","locations":[{"start":{"line":93,"column":2},"end":{"line":94,"column":null}},{"start":{},"end":{}}],"line":93},"16":{"loc":{"start":{"line":93,"column":6},"end":{"line":93,"column":42}},"type":"binary-expr","locations":[{"start":{"line":93,"column":6},"end":{"line":93,"column":18}},{"start":{"line":93,"column":18},"end":{"line":93,"column":42}}],"line":93},"17":{"loc":{"start":{"line":113,"column":2},"end":{"line":114,"column":null}},"type":"if","locations":[{"start":{"line":113,"column":2},"end":{"line":114,"column":null}},{"start":{},"end":{}}],"line":113},"18":{"loc":{"start":{"line":113,"column":6},"end":{"line":113,"column":41}},"type":"binary-expr","locations":[{"start":{"line":113,"column":6},"end":{"line":113,"column":18}},{"start":{"line":113,"column":18},"end":{"line":113,"column":41}}],"line":113},"19":{"loc":{"start":{"line":131,"column":2},"end":{"line":131,"column":null}},"type":"default-arg","locations":[{"start":{"line":131,"column":18},"end":{"line":131,"column":null}}],"line":131},"20":{"loc":{"start":{"line":132,"column":2},"end":{"line":132,"column":null}},"type":"default-arg","locations":[{"start":{"line":132,"column":21},"end":{"line":132,"column":null}}],"line":132},"21":{"loc":{"start":{"line":134,"column":2},"end":{"line":135,"column":null}},"type":"if","locations":[{"start":{"line":134,"column":2},"end":{"line":135,"column":null}},{"start":{},"end":{}}],"line":134},"22":{"loc":{"start":{"line":139,"column":2},"end":{"line":148,"column":null}},"type":"if","locations":[{"start":{"line":139,"column":2},"end":{"line":148,"column":null}},{"start":{},"end":{}}],"line":139},"23":{"loc":{"start":{"line":140,"column":4},"end":{"line":145,"column":null}},"type":"if","locations":[{"start":{"line":140,"column":4},"end":{"line":145,"column":null}},{"start":{},"end":{}}],"line":140},"24":{"loc":{"start":{"line":154,"column":2},"end":{"line":155,"column":null}},"type":"if","locations":[{"start":{"line":154,"column":2},"end":{"line":155,"column":null}},{"start":{},"end":{}}],"line":154},"25":{"loc":{"start":{"line":160,"column":2},"end":{"line":161,"column":null}},"type":"if","locations":[{"start":{"line":160,"column":2},"end":{"line":161,"column":null}},{"start":{},"end":{}}],"line":160},"26":{"loc":{"start":{"line":160,"column":6},"end":{"line":160,"column":47}},"type":"binary-expr","locations":[{"start":{"line":160,"column":6},"end":{"line":160,"column":22}},{"start":{"line":160,"column":22},"end":{"line":160,"column":47}}],"line":160},"27":{"loc":{"start":{"line":173,"column":4},"end":{"line":174,"column":null}},"type":"if","locations":[{"start":{"line":173,"column":4},"end":{"line":174,"column":null}},{"start":{},"end":{}}],"line":173},"28":{"loc":{"start":{"line":179,"column":4},"end":{"line":180,"column":null}},"type":"if","locations":[{"start":{"line":179,"column":4},"end":{"line":180,"column":null}},{"start":{},"end":{}}],"line":179},"29":{"loc":{"start":{"line":185,"column":19},"end":{"line":187,"column":null}},"type":"cond-expr","locations":[{"start":{"line":186,"column":8},"end":{"line":186,"column":null}},{"start":{"line":187,"column":8},"end":{"line":187,"column":null}}],"line":185},"30":{"loc":{"start":{"line":190,"column":15},"end":{"line":190,"column":null}},"type":"cond-expr","locations":[{"start":{"line":190,"column":40},"end":{"line":190,"column":56}},{"start":{"line":190,"column":56},"end":{"line":190,"column":null}}],"line":190},"31":{"loc":{"start":{"line":195,"column":4},"end":{"line":196,"column":null}},"type":"if","locations":[{"start":{"line":195,"column":4},"end":{"line":196,"column":null}},{"start":{},"end":{}}],"line":195},"32":{"loc":{"start":{"line":214,"column":2},"end":{"line":214,"column":null}},"type":"default-arg","locations":[{"start":{"line":214,"column":18},"end":{"line":214,"column":null}}],"line":214},"33":{"loc":{"start":{"line":215,"column":2},"end":{"line":215,"column":null}},"type":"default-arg","locations":[{"start":{"line":215,"column":21},"end":{"line":215,"column":null}}],"line":215},"34":{"loc":{"start":{"line":217,"column":2},"end":{"line":218,"column":null}},"type":"if","locations":[{"start":{"line":217,"column":2},"end":{"line":218,"column":null}},{"start":{},"end":{}}],"line":217},"35":{"loc":{"start":{"line":222,"column":2},"end":{"line":223,"column":null}},"type":"if","locations":[{"start":{"line":222,"column":2},"end":{"line":223,"column":null}},{"start":{},"end":{}}],"line":222},"36":{"loc":{"start":{"line":223,"column":11},"end":{"line":223,"column":77}},"type":"cond-expr","locations":[{"start":{"line":223,"column":26},"end":{"line":223,"column":30}},{"start":{"line":223,"column":30},"end":{"line":223,"column":77}}],"line":223},"37":{"loc":{"start":{"line":229,"column":2},"end":{"line":230,"column":null}},"type":"if","locations":[{"start":{"line":229,"column":2},"end":{"line":230,"column":null}},{"start":{},"end":{}}],"line":229},"38":{"loc":{"start":{"line":238,"column":18},"end":{"line":238,"column":null}},"type":"cond-expr","locations":[{"start":{"line":238,"column":29},"end":{"line":238,"column":51}},{"start":{"line":238,"column":54},"end":{"line":238,"column":null}}],"line":238},"39":{"loc":{"start":{"line":241,"column":19},"end":{"line":243,"column":null}},"type":"cond-expr","locations":[{"start":{"line":242,"column":8},"end":{"line":242,"column":null}},{"start":{"line":243,"column":8},"end":{"line":243,"column":null}}],"line":241},"40":{"loc":{"start":{"line":246,"column":15},"end":{"line":246,"column":null}},"type":"cond-expr","locations":[{"start":{"line":246,"column":40},"end":{"line":246,"column":56}},{"start":{"line":246,"column":56},"end":{"line":246,"column":null}}],"line":246},"41":{"loc":{"start":{"line":251,"column":4},"end":{"line":252,"column":null}},"type":"if","locations":[{"start":{"line":251,"column":4},"end":{"line":252,"column":null}},{"start":{},"end":{}}],"line":251}},"s":{"0":1,"1":1,"2":1,"3":1,"4":1,"5":0,"6":1,"7":1,"8":1,"9":30,"10":0,"11":0,"12":0,"13":0,"14":30,"15":24,"16":24,"17":24,"18":0,"19":24,"20":24,"21":13,"22":13,"23":11,"24":11,"25":11,"26":4,"27":4,"28":7,"29":6,"30":6,"31":6,"32":1,"33":5,"34":5,"35":2,"36":3,"37":28,"38":30,"39":30,"40":2,"41":28,"42":24,"43":0,"44":24,"45":24,"46":1,"47":0,"48":0,"49":1,"50":23,"51":23,"52":23,"53":0,"54":0,"55":0,"56":0,"57":0,"58":0,"59":0,"60":0,"61":0,"62":0,"63":0,"64":0,"65":0,"66":0,"67":0,"68":0,"69":0,"70":0,"71":0,"72":6,"73":0,"74":6,"75":6,"76":1,"77":5,"78":5,"79":5,"80":0,"81":0,"82":0,"83":0,"84":0,"85":6,"86":0,"87":0,"88":0,"89":0,"90":0},"f":{"0":30,"1":24,"2":6,"3":28,"4":30,"5":24,"6":6},"b":{"0":[1,0],"1":[0,0],"2":[1,0],"3":[1,1,0],"4":[0,1],"5":[1,0],"6":[0,30],"7":[0,0],"8":[0,24],"9":[24,0],"10":[13,11],"11":[24,12],"12":[4,7],"13":[1,5],"14":[6,1],"15":[2,3],"16":[5,3],"17":[2,28],"18":[30,30],"19":[24],"20":[24],"21":[0,24],"22":[1,23],"23":[0,1],"24":[23,0],"25":[0,0],"26":[0,0],"27":[0,0],"28":[0,0],"29":[0,0],"30":[0,0],"31":[0,0],"32":[6],"33":[6],"34":[0,6],"35":[1,5],"36":[0,1],"37":[5,0],"38":[0,0],"39":[0,0],"40":[0,0],"41":[0,0]},"meta":{"lastBranch":42,"lastFunction":7,"lastStatement":91,"seen":{"s:13:27:13:Infinity":0,"s:19:6:19:Infinity":1,"s:22:2:22:Infinity":2,"b:22:2:22:34:22:34:22:Infinity":0,"b:22:49:22:59:22:59:22:Infinity":1,"s:25:2:29:Infinity":3,"b:28:6:28:Infinity:29:6:29:Infinity":2,"b:25:2:25:Infinity:26:2:26:Infinity:27:2:27:Infinity":3,"b:31:0:32:Infinity:undefined:undefined:undefined:undefined":4,"s:31:0:32:Infinity":4,"b:31:4:31:20:31:20:31:47":5,"s:32:2:32:Infinity":5,"s:35:17:35:Infinity":6,"s:37:29:37:54":7,"s:38:23:38:76":8,"f:40:9:40:36":0,"b:41:2:50:Infinity:undefined:undefined:undefined:undefined":6,"s:41:2:50:Infinity":9,"b:42:4:48:Infinity:undefined:undefined:undefined:undefined":7,"s:42:4:48:Infinity":10,"s:43:6:47:Infinity":11,"s:48:6:48:Infinity":12,"s:50:4:50:Infinity":13,"s:53:2:53:Infinity":14,"f:56:9:56:Infinity":1,"s:61:14:61:24":15,"s:63:23:63:55":16,"b:64:2:65:Infinity:undefined:undefined:undefined:undefined":8,"s:64:2:65:Infinity":17,"b:64:6:64:22:64:22:64:42":9,"s:65:4:65:Infinity":18,"s:68:18:68:44":19,"b:69:2:71:Infinity:undefined:undefined:undefined:undefined":10,"s:69:2:71:Infinity":20,"b:69:6:69:18:69:18:69:42":11,"s:70:4:70:Infinity":21,"s:71:4:71:Infinity":22,"s:74:20:74:Infinity":23,"s:75:2:75:Infinity":24,"b:77:2:79:Infinity:undefined:undefined:undefined:undefined":12,"s:77:2:79:Infinity":25,"s:78:4:78:Infinity":26,"s:79:4:79:Infinity":27,"s:82:2:82:Infinity":28,"f:85:9:85:28":2,"s:86:14:86:24":29,"s:87:23:87:55":30,"b:88:2:89:Infinity:undefined:undefined:undefined:undefined":13,"s:88:2:89:Infinity":31,"b:88:6:88:22:88:22:88:42":14,"s:89:4:89:Infinity":32,"s:92:18:92:44":33,"b:93:2:94:Infinity:undefined:undefined:undefined:undefined":15,"s:93:2:94:Infinity":34,"b:93:6:93:18:93:18:93:42":16,"s:94:4:94:Infinity":35,"s:97:2:97:Infinity":36,"f:107:9:107:16":3,"s:108:2:108:Infinity":37,"f:111:9:111:28":4,"s:112:18:112:27":38,"b:113:2:114:Infinity:undefined:undefined:undefined:undefined":17,"s:113:2:114:Infinity":39,"b:113:6:113:18:113:18:113:41":18,"s:114:4:114:Infinity":40,"s:117:2:117:Infinity":41,"f:129:22:129:Infinity":5,"b:131:18:131:Infinity":19,"b:132:21:132:Infinity":20,"b:134:2:135:Infinity:undefined:undefined:undefined:undefined":21,"s:134:2:135:Infinity":42,"s:135:4:135:Infinity":43,"s:138:20:138:42":44,"b:139:2:148:Infinity:undefined:undefined:undefined:undefined":22,"s:139:2:148:Infinity":45,"b:140:4:145:Infinity:undefined:undefined:undefined:undefined":23,"s:140:4:145:Infinity":46,"s:141:6:144:Infinity":47,"s:145:6:145:Infinity":48,"s:148:4:148:Infinity":49,"s:151:17:151:34":50,"b:154:2:155:Infinity:undefined:undefined:undefined:undefined":24,"s:154:2:155:Infinity":51,"s:155:4:155:Infinity":52,"s:159:23:159:55":53,"b:160:2:161:Infinity:undefined:undefined:undefined:undefined":25,"s:160:2:161:Infinity":54,"b:160:6:160:22:160:22:160:47":26,"s:161:4:161:Infinity":55,"s:164:2:199:Infinity":56,"s:165:18:165:41":57,"s:166:16:166:Infinity":58,"s:167:23:167:49":59,"s:170:18:170:39":60,"b:173:4:174:Infinity:undefined:undefined:undefined:undefined":27,"s:173:4:174:Infinity":61,"s:174:6:174:Infinity":62,"s:178:20:178:Infinity":63,"b:179:4:180:Infinity:undefined:undefined:undefined:undefined":28,"s:179:4:180:Infinity":64,"s:180:6:180:Infinity":65,"s:183:4:183:Infinity":66,"s:185:19:187:Infinity":67,"b:186:8:186:Infinity:187:8:187:Infinity":29,"s:189:4:193:Infinity":68,"b:190:40:190:56:190:56:190:Infinity":30,"b:195:4:196:Infinity:undefined:undefined:undefined:undefined":31,"s:195:4:196:Infinity":69,"s:196:6:196:Infinity":70,"s:199:4:199:Infinity":71,"f:212:22:212:Infinity":6,"b:214:18:214:Infinity":32,"b:215:21:215:Infinity":33,"b:217:2:218:Infinity:undefined:undefined:undefined:undefined":34,"s:217:2:218:Infinity":72,"s:218:4:218:Infinity":73,"s:221:20:221:42":74,"b:222:2:223:Infinity:undefined:undefined:undefined:undefined":35,"s:222:2:223:Infinity":75,"s:223:4:223:Infinity":76,"b:223:26:223:30:223:30:223:77":36,"s:226:17:226:34":77,"b:229:2:230:Infinity:undefined:undefined:undefined:undefined":37,"s:229:2:230:Infinity":78,"s:230:4:230:Infinity":79,"s:233:2:255:Infinity":80,"s:234:18:234:41":81,"s:235:16:235:Infinity":82,"s:237:21:237:41":83,"s:238:18:238:Infinity":84,"b:238:29:238:51:238:54:238:Infinity":38,"s:239:4:239:Infinity":85,"s:241:19:243:Infinity":86,"b:242:8:242:Infinity:243:8:243:Infinity":39,"s:245:4:249:Infinity":87,"b:246:40:246:56:246:56:246:Infinity":40,"b:251:4:252:Infinity:undefined:undefined:undefined:undefined":41,"s:251:4:252:Infinity":88,"s:252:6:252:Infinity":89,"s:255:4:255:Infinity":90}}}
}
