TN:
SF:agent\gates\sensitive-content-gate.ts
FN:16,(anonymous_0)
FN:30,(anonymous_1)
FN:31,(anonymous_2)
FN:49,(anonymous_3)
FNF:4
FNH:3
FNDA:2,(anonymous_0)
FNDA:3,(anonymous_1)
FNDA:3,(anonymous_2)
FNDA:0,(anonymous_3)
DA:20,2
DA:23,2
DA:24,2
DA:25,2
DA:31,3
DA:32,3
DA:38,3
DA:39,1
DA:42,2
DA:50,0
DA:51,0
DA:52,0
DA:54,0
DA:55,0
DA:58,0
LF:15
LH:9
BRDA:38,0,0,1
BRDA:38,0,1,2
BRDA:54,1,0,0
BRDA:54,1,1,0
BRF:4
BRH:2
end_of_record
TN:
SF:agent\security\sensitive-content.ts
FN:32,isPlainObject
FN:36,looksLikeSensitivePath
FN:37,(anonymous_2)
FN:40,countEnvAssignments
FN:47,looksLikeVariableNameOnly
FN:51,inspectString
FN:104,inspectValue
FN:121,(anonymous_7)
FN:141,inspectForSensitiveContent
FN:148,hasSensitiveContent
FNF:10
FNH:9
FNDA:4,isPlainObject
FNDA:1,looksLikeSensitivePath
FNDA:1,(anonymous_2)
FNDA:6,countEnvAssignments
FNDA:1,looksLikeVariableNameOnly
FNDA:6,inspectString
FNDA:11,inspectValue
FNDA:3,(anonymous_7)
FNDA:4,inspectForSensitiveContent
FNDA:0,hasSensitiveContent
DA:3,1
DA:12,1
DA:22,1
DA:24,1
DA:33,4
DA:37,1
DA:41,6
DA:44,6
DA:48,1
DA:56,6
DA:57,6
DA:59,6
DA:64,1
DA:71,6
DA:72,1
DA:79,6
DA:80,27
DA:81,1
DA:86,1
DA:90,6
DA:96,1
DA:111,11
DA:112,0
DA:115,11
DA:116,6
DA:117,6
DA:120,5
DA:121,1
DA:122,3
DA:124,1
DA:127,4
DA:128,0
DA:131,4
DA:132,0
DA:134,4
DA:136,4
DA:137,4
DA:142,4
DA:143,4
DA:144,4
DA:145,4
DA:149,0
LF:42
LH:38
BRDA:33,0,0,4
BRDA:33,0,1,4
BRDA:33,0,2,4
BRDA:44,1,0,6
BRDA:44,1,1,5
BRDA:57,2,0,3
BRDA:57,2,1,3
BRDA:59,3,0,1
BRDA:59,3,1,5
BRDA:60,4,0,6
BRDA:60,4,1,3
BRDA:60,4,2,1
BRDA:71,5,0,1
BRDA:71,5,1,5
BRDA:80,6,0,1
BRDA:80,6,1,26
BRDA:90,7,0,1
BRDA:90,7,1,5
BRDA:91,8,0,6
BRDA:91,8,1,3
BRDA:91,8,2,1
BRDA:91,8,3,1
BRDA:111,9,0,0
BRDA:111,9,1,11
BRDA:115,10,0,6
BRDA:115,10,1,5
BRDA:120,11,0,1
BRDA:120,11,1,4
BRDA:127,12,0,0
BRDA:127,12,1,4
BRDA:131,13,0,0
BRDA:131,13,1,4
BRF:32
BRH:29
end_of_record
TN:
SF:app\env.ts
FN:24,(anonymous_0)
FN:25,(anonymous_1)
FN:30,(anonymous_2)
FNF:3
FNH:0
FNDA:0,(anonymous_0)
FNDA:0,(anonymous_1)
FNDA:0,(anonymous_2)
DA:4,1
DA:25,0
DA:30,0
LF:3
LH:1
BRDA:63,0,0,1
BRDA:63,0,1,1
BRDA:64,1,0,1
BRDA:64,1,1,1
BRDA:67,2,0,1
BRDA:67,2,1,1
BRDA:69,3,0,1
BRDA:69,3,1,1
BRDA:71,4,0,1
BRDA:71,4,1,1
BRDA:78,5,0,1
BRDA:78,5,1,1
BRDA:83,6,0,1
BRDA:83,6,1,1
BRF:14
BRH:14
end_of_record
TN:
SF:components\about\company-timeline.tsx
FN:107,buildCompanyTimelineModel
FN:110,(anonymous_1)
FN:129,getRowSide
FN:133,TimelineHeader
FN:161,TimelineCard
FN:201,(anonymous_5)
FN:241,AnimatedSegment
FN:277,AnimatedTimelineNode
FN:412,ReducedTimelineNode
FN:478,CompanyTimeline
FN:497,(anonymous_10)
FN:524,(anonymous_11)
FN:543,(anonymous_12)
FN:549,(anonymous_13)
FN:557,(anonymous_14)
FNF:15
FNH:11
FNDA:1,buildCompanyTimelineModel
FNDA:8,(anonymous_1)
FNDA:16,getRowSide
FNDA:2,TimelineHeader
FNDA:16,TimelineCard
FNDA:34,(anonymous_5)
FNDA:14,AnimatedSegment
FNDA:16,AnimatedTimelineNode
FNDA:0,ReducedTimelineNode
FNDA:2,CompanyTimeline
FNDA:0,(anonymous_10)
FNDA:0,(anonymous_11)
FNDA:0,(anonymous_12)
FNDA:16,(anonymous_13)
FNDA:16,(anonymous_14)
DA:1,1
DA:37,1
DA:108,1
DA:110,1
DA:111,8
DA:121,1
DA:127,1
DA:130,16
DA:134,2
DA:179,16
DA:182,16
DA:184,16
DA:202,34
DA:250,14
DA:260,14
DA:292,16
DA:293,16
DA:294,16
DA:295,16
DA:297,16
DA:303,16
DA:306,16
DA:314,16
DA:322,16
DA:330,16
DA:338,16
DA:346,16
DA:354,16
DA:358,16
DA:361,16
DA:363,16
DA:427,0
DA:428,0
DA:429,0
DA:430,0
DA:432,0
DA:479,2
DA:480,2
DA:481,2
DA:482,2
DA:483,2
DA:484,2
DA:490,2
DA:497,2
DA:498,0
DA:499,0
DA:503,2
DA:525,0
DA:526,0
DA:527,0
DA:533,0
DA:535,0
DA:544,0
DA:550,16
DA:558,16
LF:55
LH:42
BRDA:113,0,0,8
BRDA:113,0,1,0
BRDA:116,1,0,8
BRDA:116,1,1,0
BRDA:130,2,0,8
BRDA:130,2,1,8
BRDA:179,3,0,8
BRDA:179,3,1,8
BRDA:186,4,0,16
BRDA:186,4,1,0
BRDA:186,5,0,16
BRDA:186,5,1,0
BRDA:191,6,0,6
BRDA:191,6,1,10
BRDA:202,7,0,34
BRDA:202,7,1,0
BRDA:217,8,0,0
BRDA:217,8,1,0
BRDA:228,9,0,16
BRDA:228,9,1,6
BRDA:295,10,0,16
BRDA:295,10,1,2
BRDA:356,11,0,16
BRDA:356,11,1,2
BRDA:392,12,0,16
BRDA:392,12,1,14
BRDA:438,13,0,0
BRDA:438,13,1,0
BRDA:438,14,0,0
BRDA:438,14,1,0
BRDA:445,15,0,0
BRDA:445,15,1,0
BRDA:445,16,0,0
BRDA:445,16,1,0
BRDA:448,17,0,0
BRDA:448,17,1,0
BRDA:453,18,0,0
BRDA:453,18,1,0
BRDA:453,19,0,0
BRDA:453,19,1,0
BRDA:460,20,0,0
BRDA:460,20,1,0
BRDA:471,21,0,0
BRDA:471,21,1,0
BRDA:498,22,0,0
BRDA:498,22,1,0
BRDA:523,23,0,0
BRDA:523,23,1,2
BRDA:525,24,0,0
BRDA:525,24,1,0
BRDA:533,25,0,0
BRDA:533,25,1,0
BRDA:554,26,0,16
BRDA:554,26,1,0
BRF:54
BRH:21
end_of_record
TN:
SF:components\news-hub\news-article-card-shell.tsx
FN:8,NewsArticleCardShell
FNF:1
FNH:1
FNDA:2,NewsArticleCardShell
DA:12,2
LF:1
LH:1
BRF:0
BRH:0
end_of_record
TN:
SF:components\news-hub\news-article-content.tsx
FN:48,StoryTimelineSegment
FN:81,StoryTimelineRow
FN:196,(anonymous_2)
FN:242,StoryTimeline
FN:268,(anonymous_4)
FN:277,(anonymous_5)
FN:287,NewsArticleContent
FN:309,(anonymous_7)
FN:331,(anonymous_8)
FN:357,(anonymous_9)
FN:389,(anonymous_10)
FN:415,(anonymous_11)
FN:484,(anonymous_12)
FN:490,(anonymous_13)
FN:521,(anonymous_14)
FN:548,(anonymous_15)
FN:572,(anonymous_16)
FN:607,(anonymous_17)
FN:637,(anonymous_18)
FN:648,QuoteCard
FNF:20
FNH:8
FNDA:0,StoryTimelineSegment
FNDA:2,StoryTimelineRow
FNDA:2,(anonymous_2)
FNDA:2,StoryTimeline
FNDA:2,(anonymous_4)
FNDA:2,(anonymous_5)
FNDA:2,NewsArticleContent
FNDA:2,(anonymous_7)
FNDA:0,(anonymous_8)
FNDA:0,(anonymous_9)
FNDA:0,(anonymous_10)
FNDA:0,(anonymous_11)
FNDA:0,(anonymous_12)
FNDA:0,(anonymous_13)
FNDA:2,(anonymous_14)
FNDA:0,(anonymous_15)
FNDA:0,(anonymous_16)
FNDA:0,(anonymous_17)
FNDA:0,(anonymous_18)
FNDA:0,QuoteCard
DA:1,1
DA:26,1
DA:35,1
DA:43,1
DA:57,0
DA:64,0
DA:98,2
DA:99,2
DA:100,2
DA:102,2
DA:108,2
DA:111,2
DA:119,2
DA:127,2
DA:135,2
DA:139,2
DA:142,2
DA:144,2
DA:197,2
DA:243,2
DA:244,2
DA:245,2
DA:246,2
DA:252,2
DA:259,2
DA:269,2
DA:278,2
DA:291,2
DA:310,2
DA:332,0
DA:358,0
DA:390,0
DA:416,0
DA:485,0
DA:491,0
DA:522,2
DA:549,0
DA:573,0
DA:608,0
DA:638,0
DA:655,0
DA:657,0
LF:42
LH:28
BRDA:100,0,0,2
BRDA:100,0,1,2
BRDA:137,1,0,2
BRDA:137,1,1,2
BRDA:150,2,0,0
BRDA:150,2,1,2
BRDA:156,3,0,0
BRDA:156,3,1,2
BRDA:162,4,0,0
BRDA:162,4,1,2
BRDA:168,5,0,2
BRDA:168,5,1,2
BRDA:168,5,2,0
BRDA:179,6,0,0
BRDA:179,6,1,2
BRDA:181,7,0,2
BRDA:181,7,1,0
BRDA:185,8,0,0
BRDA:185,8,1,2
BRDA:197,9,0,0
BRDA:197,9,1,2
BRDA:221,10,0,2
BRDA:221,10,1,0
BRDA:235,11,0,2
BRDA:235,11,1,0
BRDA:273,12,0,2
BRDA:273,12,1,0
BRDA:321,13,0,2
BRDA:321,13,1,0
BRDA:321,13,2,0
BRDA:343,14,0,2
BRDA:343,14,1,0
BRDA:343,14,2,0
BRDA:376,15,0,2
BRDA:376,15,1,0
BRDA:376,15,2,0
BRDA:402,16,0,2
BRDA:402,16,1,0
BRDA:402,16,2,0
BRDA:456,17,0,2
BRDA:456,17,1,1
BRDA:456,17,2,1
BRDA:471,18,0,2
BRDA:471,18,1,0
BRDA:471,18,2,0
BRDA:537,19,0,2
BRDA:537,19,1,0
BRDA:537,19,2,0
BRDA:561,20,0,2
BRDA:561,20,1,0
BRDA:561,20,2,0
BRDA:585,21,0,0
BRDA:585,21,1,0
BRDA:597,22,0,2
BRDA:597,22,1,0
BRDA:597,22,2,0
BRDA:619,23,0,2
BRDA:619,23,1,0
BRDA:632,24,0,2
BRDA:632,24,1,0
BRDA:632,24,2,0
BRDA:660,25,0,0
BRDA:660,25,1,0
BRDA:671,26,0,0
BRDA:671,26,1,0
BRF:65
BRH:29
end_of_record
TN:
SF:components\projects\project-timeline.tsx
FN:27,ProjectTimelineSegment
FN:61,ProjectTimelineRow
FN:188,(anonymous_2)
FN:256,ProjectTimeline
FN:306,(anonymous_4)
FN:316,(anonymous_5)
FNF:6
FNH:6
FNDA:2,ProjectTimelineSegment
FNDA:4,ProjectTimelineRow
FNDA:4,(anonymous_2)
FNDA:2,ProjectTimeline
FNDA:4,(anonymous_4)
FNDA:4,(anonymous_5)
DA:1,1
DA:36,2
DA:43,2
DA:80,4
DA:81,4
DA:82,4
DA:83,4
DA:84,4
DA:86,4
DA:92,4
DA:95,4
DA:103,4
DA:107,4
DA:110,4
DA:112,4
DA:189,4
DA:232,1
DA:261,2
DA:262,2
DA:263,2
DA:264,2
DA:265,2
DA:266,2
DA:267,2
DA:273,2
DA:280,2
DA:282,2
DA:307,4
DA:317,4
LF:29
LH:29
BRDA:80,0,0,4
BRDA:80,0,1,0
BRDA:84,1,0,4
BRDA:84,1,1,2
BRDA:105,2,0,4
BRDA:105,2,1,2
BRDA:114,3,0,0
BRDA:114,3,1,4
BRDA:115,4,0,0
BRDA:115,4,1,4
BRDA:136,5,0,0
BRDA:136,5,1,4
BRDA:137,6,0,0
BRDA:137,6,1,4
BRDA:138,7,0,0
BRDA:138,7,1,4
BRDA:149,8,0,4
BRDA:149,8,1,2
BRDA:149,8,2,2
BRDA:157,9,0,4
BRDA:157,9,1,2
BRDA:170,10,0,0
BRDA:170,10,1,4
BRDA:189,11,0,0
BRDA:189,11,1,4
BRDA:258,12,0,2
BRDA:280,13,0,0
BRDA:280,13,1,2
BRDA:293,14,0,0
BRDA:293,14,1,2
BRDA:294,15,0,0
BRDA:294,15,1,2
BRDA:311,16,0,4
BRDA:311,16,1,0
BRF:34
BRH:22
end_of_record
TN:
SF:components\sections\illumination.tsx
FN:17,Illumination
FN:22,(anonymous_1)
FN:24,(anonymous_2)
FN:31,(anonymous_3)
FN:66,(anonymous_4)
FNF:5
FNH:5
FNDA:44,Illumination
FNDA:22,(anonymous_1)
FNDA:24,(anonymous_2)
FNDA:22,(anonymous_3)
FNDA:88,(anonymous_4)
DA:1,1
DA:10,1
DA:18,44
DA:19,44
DA:22,44
DA:23,22
DA:24,24
DA:26,22
DA:29,22
DA:31,22
DA:35,44
DA:37,44
DA:42,44
DA:48,44
DA:54,44
DA:59,44
DA:65,44
DA:67,88
DA:71,44
DA:73,44
LF:20
LH:20
BRDA:101,0,0,20
BRDA:101,0,1,24
BRDA:101,1,0,44
BRDA:101,1,1,20
BRF:4
BRH:4
end_of_record
TN:
SF:components\sections\illumination\animated-counter.tsx
FN:20,AnimatedCounter
FN:33,(anonymous_1)
FNF:2
FNH:2
FNDA:176,AnimatedCounter
FNDA:352,(anonymous_1)
DA:1,1
DA:14,1
DA:26,176
DA:33,176
DA:34,352
DA:36,264
DA:39,88
DA:43,176
LF:8
LH:8
BRDA:24,0,0,176
BRDA:34,1,0,264
BRDA:34,1,1,88
BRF:3
BRH:3
end_of_record
TN:
SF:components\sections\illumination\background-parallax.tsx
FN:12,BackgroundParallax
FNF:1
FNH:1
FNDA:8,BackgroundParallax
DA:1,1
DA:17,8
LF:2
LH:2
BRDA:15,0,0,8
BRDA:21,1,0,2
BRDA:21,1,1,6
BRF:3
BRH:3
end_of_record
TN:
SF:components\sections\illumination\scan-effects.tsx
FN:5,ScanEffects
FN:25,(anonymous_1)
FNF:2
FNH:2
FNDA:44,ScanEffects
FNDA:264,(anonymous_1)
DA:1,1
DA:6,44
DA:26,264
LF:3
LH:3
BRF:0
BRH:0
end_of_record
TN:
SF:components\sections\illumination\stats-grid.tsx
FN:17,StatsGrid
FN:26,(anonymous_1)
FNF:2
FNH:2
FNDA:44,StatsGrid
FNDA:176,(anonymous_1)
DA:1,1
DA:18,44
DA:27,176
LF:3
LH:3
BRF:0
BRH:0
end_of_record
TN:
SF:components\shared\animated-word.tsx
FN:20,AnimatedWord
FN:56,clamp01
FN:60,ScrollLinkedAnimatedWord
FNF:3
FNH:2
FNDA:0,AnimatedWord
FNDA:80,clamp01
FNDA:40,ScrollLinkedAnimatedWord
DA:1,1
DA:31,0
DA:32,0
DA:35,0
DA:57,80
DA:70,40
DA:71,40
DA:73,40
DA:76,40
DA:78,40
DA:79,0
DA:82,40
LF:12
LH:8
BRDA:25,0,0,0
BRDA:26,1,0,0
BRDA:27,2,0,0
BRDA:28,3,0,0
BRDA:29,4,0,0
BRDA:31,5,0,0
BRDA:31,5,1,0
BRDA:39,6,0,0
BRDA:39,6,1,0
BRDA:65,7,0,40
BRDA:66,8,0,40
BRDA:67,9,0,40
BRDA:68,10,0,40
BRDA:78,11,0,0
BRDA:78,11,1,40
BRF:15
BRH:5
end_of_record
TN:
SF:components\shared\section-values.tsx
FN:16,SectionValues
FN:32,(anonymous_1)
FN:33,(anonymous_2)
FN:83,(anonymous_3)
FN:91,(anonymous_4)
FN:106,(anonymous_5)
FNF:6
FNH:6
FNDA:17,SectionValues
FNDA:3,(anonymous_1)
FNDA:3,(anonymous_2)
FNDA:51,(anonymous_3)
FNDA:2,(anonymous_4)
FNDA:1,(anonymous_5)
DA:1,1
DA:17,17
DA:18,17
DA:30,17
DA:32,17
DA:33,3
DA:39,17
DA:84,51
DA:85,51
DA:86,51
DA:89,51
DA:91,51
DA:92,2
DA:93,2
DA:94,2
DA:98,51
DA:106,1
LF:17
LH:17
BRDA:67,0,0,17
BRDA:67,0,1,0
BRDA:85,1,0,51
BRDA:85,1,1,17
BRDA:86,2,0,34
BRDA:86,2,1,17
BRDA:89,3,0,51
BRDA:89,3,1,48
BRDA:92,4,0,2
BRDA:92,4,1,0
BRDA:92,5,0,2
BRDA:92,5,1,1
BRDA:118,6,0,34
BRDA:118,6,1,17
BRDA:158,7,0,3
BRDA:158,7,1,48
BRDA:176,8,0,17
BRDA:176,8,1,17
BRF:18
BRH:16
end_of_record
TN:
SF:data\news\index.ts
FN:4171,isNewsCategorySlug
FN:4174,(anonymous_1)
FN:4177,getNewsCategoryBySlug
FN:4178,(anonymous_3)
FN:4181,getNewsCategorySlugs
FN:4182,(anonymous_5)
FN:4185,getNewsArticlesByCategory
FN:4192,(anonymous_7)
FN:4195,getFeaturedNewsArticleByCategory
FN:4201,(anonymous_9)
FN:4205,getNewsArticleListItemsByCategory
FN:4208,(anonymous_11)
FN:4223,getNewsArticleByCategoryAndSlug
FN:4227,(anonymous_13)
FN:4233,getNewsArticleBySlug
FN:4234,(anonymous_15)
FN:4237,getNewsArticleSlugsByCategory
FN:4241,(anonymous_17)
FN:4242,(anonymous_18)
FN:4245,getSidebarCardsByCategory
FN:4249,(anonymous_20)
FN:4258,(anonymous_21)
FN:4270,getRelatedNewsArticles
FN:4275,(anonymous_23)
FNF:24
FNH:0
FNDA:0,isNewsCategorySlug
FNDA:0,(anonymous_1)
FNDA:0,getNewsCategoryBySlug
FNDA:0,(anonymous_3)
FNDA:0,getNewsCategorySlugs
FNDA:0,(anonymous_5)
FNDA:0,getNewsArticlesByCategory
FNDA:0,(anonymous_7)
FNDA:0,getFeaturedNewsArticleByCategory
FNDA:0,(anonymous_9)
FNDA:0,getNewsArticleListItemsByCategory
FNDA:0,(anonymous_11)
FNDA:0,getNewsArticleByCategoryAndSlug
FNDA:0,(anonymous_13)
FNDA:0,getNewsArticleBySlug
FNDA:0,(anonymous_15)
FNDA:0,getNewsArticleSlugsByCategory
FNDA:0,(anonymous_17)
FNDA:0,(anonymous_18)
FNDA:0,getSidebarCardsByCategory
FNDA:0,(anonymous_20)
FNDA:0,(anonymous_21)
FNDA:0,getRelatedNewsArticles
FNDA:0,(anonymous_23)
DA:10,1
DA:49,1
DA:80,1
DA:4026,1
DA:4174,0
DA:4178,0
DA:4182,0
DA:4188,0
DA:4189,0
DA:4192,0
DA:4198,0
DA:4200,0
DA:4201,0
DA:4208,0
DA:4227,0
DA:4229,0
DA:4234,0
DA:4240,0
DA:4241,0
DA:4242,0
DA:4249,0
DA:4250,0
DA:4253,0
DA:4254,0
DA:4258,0
DA:4260,0
DA:4266,0
DA:4267,0
DA:4274,0
DA:4277,0
LF:30
LH:4
BRDA:4188,0,0,0
BRDA:4188,0,1,0
BRDA:4201,1,0,0
BRDA:4201,1,1,0
BRDA:4229,2,0,0
BRDA:4229,2,1,0
BRDA:4250,3,0,0
BRDA:4250,3,1,0
BRDA:4253,4,0,0
BRDA:4253,4,1,0
BRDA:4260,5,0,0
BRDA:4260,5,1,0
BRDA:4260,5,2,0
BRDA:4272,6,0,0
BRDA:4277,7,0,0
BRDA:4277,7,1,0
BRDA:4277,7,2,0
BRF:17
BRH:0
end_of_record
TN:
SF:data\projects\index.ts
FN:29,isProjectCategorySlug
FN:32,(anonymous_1)
FN:1154,(anonymous_2)
FN:1167,(anonymous_3)
FN:1169,getProjectBySlug
FN:1173,getProjectSlugs
FN:1174,(anonymous_6)
FN:1177,getProjectsByCategory
FN:1181,(anonymous_8)
FN:1184,getFeaturedProjectByCategory
FN:1188,(anonymous_10)
FN:1191,getProjectListItemsByCategory
FN:1195,(anonymous_12)
FN:1198,getCategoryBySlug
FN:1199,(anonymous_14)
FN:1202,getCategorySlugs
FN:1203,(anonymous_16)
FN:1206,getProjectByCategoryAndSlug
FN:1210,(anonymous_18)
FN:1216,getProjectSlugsByCategory
FN:1220,(anonymous_20)
FN:1221,(anonymous_21)
FN:1234,projectToExtendedListItem
FN:1256,getProjectListItemsExtended
FN:1262,(anonymous_24)
FNF:25
FNH:2
FNDA:0,isProjectCategorySlug
FNDA:0,(anonymous_1)
FNDA:7,(anonymous_2)
FNDA:7,(anonymous_3)
FNDA:0,getProjectBySlug
FNDA:0,getProjectSlugs
FNDA:0,(anonymous_6)
FNDA:0,getProjectsByCategory
FNDA:0,(anonymous_8)
FNDA:0,getFeaturedProjectByCategory
FNDA:0,(anonymous_10)
FNDA:0,getProjectListItemsByCategory
FNDA:0,(anonymous_12)
FNDA:0,getCategoryBySlug
FNDA:0,(anonymous_14)
FNDA:0,getCategorySlugs
FNDA:0,(anonymous_16)
FNDA:0,getProjectByCategoryAndSlug
FNDA:0,(anonymous_18)
FNDA:0,getProjectSlugsByCategory
FNDA:0,(anonymous_20)
FNDA:0,(anonymous_21)
FNDA:0,projectToExtendedListItem
FNDA:0,getProjectListItemsExtended
FNDA:0,(anonymous_24)
DA:9,1
DA:32,0
DA:35,1
DA:1123,1
DA:1154,7
DA:1167,7
DA:1170,0
DA:1174,0
DA:1180,0
DA:1181,0
DA:1187,0
DA:1188,0
DA:1194,0
DA:1195,0
DA:1199,0
DA:1203,0
DA:1210,0
DA:1212,0
DA:1219,0
DA:1220,0
DA:1221,0
DA:1235,0
DA:1260,0
DA:1262,0
DA:1263,0
LF:25
LH:5
BRDA:1180,0,0,0
BRDA:1180,0,1,0
BRDA:1188,1,0,0
BRDA:1188,1,1,0
BRDA:1194,2,0,0
BRDA:1194,2,1,0
BRDA:1212,3,0,0
BRDA:1212,3,1,0
BRDA:1257,4,0,0
BRDA:1260,5,0,0
BRDA:1260,5,1,0
BRF:11
BRH:0
end_of_record
TN:
SF:features\contact\api\contact-request-form-action.ts
FN:10,buildFieldErrors
FN:26,parsePayloadFromFormData
FN:71,submitContactRequestFormCore
FNF:3
FNH:3
FNDA:1,buildFieldErrors
FNDA:4,parsePayloadFromFormData
FNDA:4,submitContactRequestFormCore
DA:13,1
DA:15,1
DA:16,7
DA:17,7
DA:18,7
DA:20,7
DA:23,1
DA:31,4
DA:33,4
DA:34,1
DA:44,3
DA:45,3
DA:47,1
DA:56,2
DA:57,2
DA:58,1
DA:68,1
DA:78,4
DA:79,4
DA:80,3
DA:83,1
DA:84,1
LF:22
LH:22
BRDA:17,0,0,7
BRDA:17,0,1,0
BRDA:33,1,0,1
BRDA:33,1,1,3
BRDA:33,2,0,4
BRDA:33,2,1,3
BRDA:57,3,0,1
BRDA:57,3,1,1
BRDA:79,4,0,3
BRDA:79,4,1,1
BRF:10
BRH:9
end_of_record
TN:
SF:features\contact\components\organisms\contact-steps\contact-review-step.utils.ts
FN:1,resolveStepFromFieldPath
FNF:1
FNH:1
FNDA:6,resolveStepFromFieldPath
DA:2,6
DA:3,5
DA:4,4
DA:5,3
DA:6,2
DA:7,1
LF:6
LH:6
BRDA:2,0,0,1
BRDA:2,0,1,5
BRDA:3,1,0,1
BRDA:3,1,1,4
BRDA:4,2,0,1
BRDA:4,2,1,3
BRDA:5,3,0,1
BRDA:5,3,1,2
BRDA:6,4,0,1
BRDA:6,4,1,1
BRF:10
BRH:10
end_of_record
TN:
SF:features\contact\schemas\contact-schemas.ts
FN:10,normalizeUkPhoneNumber
FN:23,isValidUkPhoneNumber
FN:101,(anonymous_2)
FN:150,(anonymous_3)
FN:154,(anonymous_4)
FN:160,(anonymous_5)
FN:194,(anonymous_6)
FN:199,(anonymous_7)
FNF:8
FNH:8
FNDA:17,normalizeUkPhoneNumber
FNDA:17,isValidUkPhoneNumber
FNDA:3,(anonymous_2)
FNDA:1,(anonymous_3)
FNDA:1,(anonymous_4)
FNDA:1,(anonymous_5)
FNDA:1,(anonymous_6)
FNDA:1,(anonymous_7)
DA:11,17
DA:12,17
DA:16,17
DA:17,0
DA:20,17
DA:24,17
DA:25,17
DA:27,17
DA:31,17
DA:32,17
DA:34,16
DA:35,12
DA:36,12
DA:37,9
DA:41,1
DA:43,8
DA:46,4
DA:47,3
DA:50,1
DA:54,2
DA:55,2
DA:58,2
DA:75,2
DA:93,2
DA:102,3
DA:103,0
DA:114,2
DA:131,2
DA:144,2
DA:150,1
DA:154,1
DA:160,1
DA:194,1
DA:199,1
LF:34
LH:32
BRDA:16,0,0,0
BRDA:16,0,1,17
BRDA:25,1,0,0
BRDA:25,1,1,17
BRDA:27,2,0,3
BRDA:27,2,1,14
BRDA:31,3,0,0
BRDA:31,3,1,17
BRDA:32,4,0,1
BRDA:32,4,1,16
BRDA:32,5,0,17
BRDA:32,5,1,16
BRDA:34,6,0,12
BRDA:34,6,1,4
BRDA:35,7,0,0
BRDA:35,7,1,12
BRDA:36,8,0,3
BRDA:36,8,1,9
BRDA:37,9,0,1
BRDA:37,9,1,8
BRDA:38,10,0,9
BRDA:38,10,1,2
BRDA:46,11,0,3
BRDA:46,11,1,1
BRDA:46,12,0,4
BRDA:46,12,1,3
BRDA:102,13,0,3
BRDA:102,13,1,0
BRDA:102,14,0,3
BRDA:102,14,1,0
BRDA:103,15,0,0
BRDA:103,15,1,0
BRF:32
BRH:24
end_of_record
TN:
SF:features\quotation\api\quotation-request-form-action.ts
FN:10,buildFieldErrors
FN:26,parsePayloadFromFormData
FN:71,submitQuotationRequestFormCore
FNF:3
FNH:3
FNDA:1,buildFieldErrors
FNDA:4,parsePayloadFromFormData
FNDA:4,submitQuotationRequestFormCore
DA:13,1
DA:15,1
DA:16,9
DA:17,9
DA:18,9
DA:20,9
DA:23,1
DA:31,4
DA:33,4
DA:34,1
DA:44,3
DA:45,3
DA:47,1
DA:56,2
DA:57,2
DA:58,1
DA:68,1
DA:78,4
DA:79,4
DA:80,3
DA:83,1
DA:84,1
LF:22
LH:22
BRDA:17,0,0,9
BRDA:17,0,1,0
BRDA:33,1,0,1
BRDA:33,1,1,3
BRDA:33,2,0,4
BRDA:33,2,1,3
BRDA:57,3,0,1
BRDA:57,3,1,1
BRDA:79,4,0,3
BRDA:79,4,1,1
BRF:10
BRH:9
end_of_record
TN:
SF:features\quotation\components\organisms\quotation-steps\quotation-review-step.utils.ts
FN:1,resolveStepFromFieldPath
FNF:1
FNH:1
FNDA:8,resolveStepFromFieldPath
DA:2,8
DA:3,7
DA:4,6
DA:5,5
DA:6,4
DA:7,3
DA:8,2
DA:9,1
LF:8
LH:8
BRDA:2,0,0,1
BRDA:2,0,1,7
BRDA:3,1,0,1
BRDA:3,1,1,6
BRDA:4,2,0,1
BRDA:4,2,1,5
BRDA:5,3,0,1
BRDA:5,3,1,4
BRDA:6,4,0,1
BRDA:6,4,1,3
BRDA:7,5,0,1
BRDA:7,5,1,2
BRDA:8,6,0,1
BRDA:8,6,1,1
BRF:14
BRH:14
end_of_record
TN:
SF:features\quotation\schemas\quotation-schemas.ts
FN:195,(anonymous_0)
FNF:1
FNH:1
FNDA:1,(anonymous_0)
DA:11,1
DA:14,1
DA:17,1
DA:28,1
DA:77,1
DA:109,1
DA:129,1
DA:163,1
DA:195,1
DA:201,1
LF:10
LH:10
BRF:0
BRH:0
end_of_record
TN:
SF:features\service-request\api\email-service.ts
FN:10,getResendClient
FN:24,sendServiceRequestEmails
FN:72,sendCustomerConfirmationEmail
FN:175,sendBusinessNotificationEmail
FNF:4
FNH:0
FNDA:0,getResendClient
FNDA:0,sendServiceRequestEmails
FNDA:0,sendCustomerConfirmationEmail
FNDA:0,sendBusinessNotificationEmail
DA:1,1
DA:11,0
DA:12,0
DA:14,0
DA:28,0
DA:31,0
DA:45,0
DA:66,0
DA:84,0
DA:85,0
DA:86,0
DA:87,0
DA:88,0
DA:94,0
DA:97,0
DA:110,0
DA:120,0
DA:121,0
DA:122,0
DA:133,0
DA:139,0
DA:151,0
DA:156,0
DA:157,0
DA:168,0
DA:195,0
DA:196,0
DA:197,0
DA:198,0
DA:199,0
DA:205,0
DA:206,0
DA:207,0
DA:210,0
DA:212,0
DA:222,0
DA:224,0
DA:225,0
DA:226,0
DA:237,0
DA:243,0
DA:255,0
DA:260,0
DA:261,0
DA:272,0
LF:45
LH:1
BRDA:11,0,0,0
BRDA:11,0,1,0
BRDA:86,1,0,0
BRDA:86,1,1,0
BRDA:114,2,0,0
BRDA:114,2,1,0
BRDA:120,3,0,0
BRDA:120,3,1,0
BRDA:128,4,0,0
BRDA:128,4,1,0
BRDA:130,5,0,0
BRDA:130,5,1,0
BRDA:135,6,0,0
BRDA:135,6,1,0
BRDA:145,7,0,0
BRDA:145,7,1,0
BRDA:153,8,0,0
BRDA:153,8,1,0
BRDA:165,9,0,0
BRDA:165,9,1,0
BRDA:170,10,0,0
BRDA:170,10,1,0
BRDA:197,11,0,0
BRDA:197,11,1,0
BRDA:216,12,0,0
BRDA:216,12,1,0
BRDA:222,13,0,0
BRDA:222,13,1,0
BRDA:224,14,0,0
BRDA:224,14,1,0
BRDA:234,15,0,0
BRDA:234,15,1,0
BRDA:239,16,0,0
BRDA:239,16,1,0
BRDA:257,17,0,0
BRDA:257,17,1,0
BRDA:269,18,0,0
BRDA:269,18,1,0
BRDA:274,19,0,0
BRDA:274,19,1,0
BRF:40
BRH:0
end_of_record
TN:
SF:features\service-request\api\service-request.ts
FN:16,submitServiceRequest
FN:59,(anonymous_1)
FN:72,(anonymous_2)
FN:125,sanitizeFormData
FNF:4
FNH:0
FNDA:0,submitServiceRequest
FNDA:0,(anonymous_1)
FNDA:0,(anonymous_2)
FNDA:0,sanitizeFormData
DA:1,1
DA:19,0
DA:21,0
DA:22,0
DA:23,0
DA:30,0
DA:31,0
DA:32,0
DA:34,0
DA:35,0
DA:42,0
DA:43,0
DA:44,0
DA:46,0
DA:53,0
DA:55,0
DA:57,0
DA:58,0
DA:59,0
DA:60,0
DA:61,0
DA:62,0
DA:64,0
DA:67,0
DA:72,0
DA:78,0
DA:87,0
DA:88,0
DA:94,0
DA:95,0
DA:96,0
DA:102,0
DA:104,0
DA:112,0
DA:117,0
DA:118,0
DA:126,0
DA:127,0
DA:131,0
DA:133,0
LF:40
LH:1
BRDA:22,0,0,0
BRDA:22,0,1,0
BRDA:25,1,0,0
BRDA:25,1,1,0
BRDA:34,2,0,0
BRDA:34,2,1,0
BRDA:42,3,0,0
BRDA:42,3,1,0
BRDA:42,4,0,0
BRDA:42,4,1,0
BRDA:42,4,2,0
BRDA:44,5,0,0
BRDA:44,5,1,0
BRDA:44,6,0,0
BRDA:44,6,1,0
BRDA:44,6,2,0
BRDA:57,7,0,0
BRDA:57,7,1,0
BRDA:61,8,0,0
BRDA:61,8,1,0
BRDA:87,9,0,0
BRDA:87,9,1,0
BRDA:95,10,0,0
BRDA:95,10,1,0
BRDA:126,11,0,0
BRDA:126,11,1,0
BRDA:126,12,0,0
BRDA:126,12,1,0
BRDA:135,13,0,0
BRDA:135,13,1,0
BRDA:136,14,0,0
BRDA:136,14,1,0
BRDA:137,15,0,0
BRDA:137,15,1,0
BRDA:138,16,0,0
BRDA:138,16,1,0
BRDA:142,17,0,0
BRDA:142,17,1,0
BRDA:144,18,0,0
BRDA:144,18,1,0
BRDA:146,19,0,0
BRDA:146,19,1,0
BRDA:150,20,0,0
BRDA:150,20,1,0
BRDA:151,21,0,0
BRDA:151,21,1,0
BRDA:152,22,0,0
BRDA:152,22,1,0
BRDA:155,23,0,0
BRDA:155,23,1,0
BRDA:156,24,0,0
BRDA:156,24,1,0
BRDA:157,25,0,0
BRDA:157,25,1,0
BRDA:162,26,0,0
BRDA:162,26,1,0
BRDA:163,27,0,0
BRDA:163,27,1,0
BRDA:165,28,0,0
BRDA:165,28,1,0
BRDA:171,29,0,0
BRDA:171,29,1,0
BRF:62
BRH:0
end_of_record
TN:
SF:features\service-request\api\templates\business-notification-html.tsx
FN:35,generateBusinessNotificationEmail
FNF:1
FNH:0
FNDA:0,generateBusinessNotificationEmail
DA:58,0
DA:60,0
DA:61,0
DA:62,0
DA:68,0
DA:69,0
DA:70,0
DA:72,0
LF:8
LH:0
BRDA:88,0,0,0
BRDA:88,0,1,0
BRDA:90,1,0,0
BRDA:90,1,1,0
BRDA:96,2,0,0
BRDA:96,2,1,0
BRDA:98,3,0,0
BRDA:98,3,1,0
BRDA:108,4,0,0
BRDA:108,4,1,0
BRDA:122,5,0,0
BRDA:122,5,1,0
BRDA:204,6,0,0
BRDA:204,6,1,0
BRDA:222,7,0,0
BRDA:222,7,1,0
BRDA:251,8,0,0
BRDA:251,8,1,0
BRDA:262,9,0,0
BRDA:262,9,1,0
BRF:20
BRH:0
end_of_record
TN:
SF:features\service-request\api\templates\customer-confirmation-html.tsx
FN:25,generateCustomerConfirmationEmail
FNF:1
FNH:0
FNDA:0,generateCustomerConfirmationEmail
DA:39,0
DA:41,0
DA:42,0
DA:43,0
DA:50,0
DA:52,0
LF:6
LH:0
BRDA:72,0,0,0
BRDA:72,0,1,0
BRDA:74,1,0,0
BRDA:74,1,1,0
BRDA:89,2,0,0
BRDA:89,2,1,0
BRDA:102,3,0,0
BRDA:102,3,1,0
BRF:8
BRH:0
end_of_record
TN:
SF:features\service-request\components\organisms\multi-step-form-container.tsx
FN:51,MultiStepFormContainer
FN:61,(anonymous_1)
FN:61,(anonymous_2)
FN:65,(anonymous_3)
FN:70,(anonymous_4)
FN:77,(anonymous_5)
FN:85,(anonymous_6)
FN:90,(anonymous_7)
FN:99,(anonymous_8)
FN:107,(anonymous_9)
FN:109,(anonymous_10)
FN:114,(anonymous_11)
FN:125,(anonymous_12)
FN:137,(anonymous_13)
FN:150,(anonymous_14)
FN:162,(anonymous_15)
FN:174,(anonymous_16)
FN:204,(anonymous_17)
FNF:18
FNH:12
FNDA:7,MultiStepFormContainer
FNDA:35,(anonymous_1)
FNDA:28,(anonymous_2)
FNDA:2,(anonymous_3)
FNDA:5,(anonymous_4)
FNDA:2,(anonymous_5)
FNDA:1,(anonymous_6)
FNDA:0,(anonymous_7)
FNDA:2,(anonymous_8)
FNDA:2,(anonymous_9)
FNDA:0,(anonymous_10)
FNDA:2,(anonymous_11)
FNDA:0,(anonymous_12)
FNDA:3,(anonymous_13)
FNDA:2,(anonymous_14)
FNDA:0,(anonymous_15)
FNDA:0,(anonymous_16)
FNDA:0,(anonymous_17)
DA:1,1
DA:16,1
DA:44,1
DA:45,1
DA:46,1
DA:47,1
DA:48,1
DA:49,1
DA:52,7
DA:53,7
DA:54,7
DA:55,7
DA:58,7
DA:59,7
DA:61,35
DA:62,28
DA:65,7
DA:66,2
DA:67,2
DA:70,7
DA:71,5
DA:72,3
DA:75,2
DA:76,2
DA:77,2
DA:78,2
DA:85,2
DA:86,1
DA:88,1
DA:89,1
DA:90,0
DA:91,0
DA:99,2
DA:100,2
DA:101,2
DA:102,2
DA:107,7
DA:108,2
DA:109,0
DA:111,2
DA:114,7
DA:115,2
DA:116,2
DA:117,2
DA:120,0
DA:121,0
DA:124,0
DA:125,0
DA:126,0
DA:134,0
DA:137,7
DA:138,3
DA:140,0
DA:142,0
DA:144,0
DA:146,0
DA:148,3
DA:151,2
DA:152,2
DA:153,2
DA:158,0
DA:162,7
DA:163,0
DA:164,0
DA:165,0
DA:168,0
DA:169,0
DA:170,0
DA:172,0
DA:173,0
DA:174,0
DA:175,0
DA:183,7
DA:184,4
DA:195,3
DA:205,0
DA:206,0
LF:77
LH:51
BRDA:71,0,0,3
BRDA:71,0,1,2
BRDA:76,1,0,2
BRDA:76,1,1,0
BRDA:89,2,0,0
BRDA:89,2,1,1
BRDA:100,3,0,2
BRDA:100,3,1,0
BRDA:108,4,0,0
BRDA:108,4,1,2
BRDA:115,5,0,2
BRDA:115,5,1,0
BRDA:120,6,0,0
BRDA:120,6,1,0
BRDA:124,7,0,0
BRDA:124,7,1,0
BRDA:138,8,0,0
BRDA:138,8,1,0
BRDA:138,8,2,0
BRDA:138,8,3,0
BRDA:138,8,4,3
BRDA:138,8,5,0
BRDA:163,9,0,0
BRDA:163,9,1,0
BRDA:173,10,0,0
BRDA:173,10,1,0
BRDA:183,11,0,4
BRDA:183,11,1,3
BRDA:205,12,0,0
BRDA:205,12,1,0
BRF:30
BRH:10
end_of_record
TN:
SF:features\service-request\lib\urgency-schedule.ts
FN:9,startOfDay
FN:15,addDays
FN:21,getUrgencyScheduleValidationError
FNF:3
FNH:0
FNDA:0,startOfDay
FNDA:0,addDays
FNDA:0,getUrgencyScheduleValidationError
DA:10,0
DA:11,0
DA:12,0
DA:16,0
DA:17,0
DA:18,0
DA:26,0
DA:27,0
DA:30,0
DA:31,0
DA:33,0
DA:34,0
DA:37,0
DA:38,0
DA:39,0
DA:40,0
DA:44,0
DA:45,0
DA:46,0
DA:47,0
DA:51,0
LF:21
LH:0
BRDA:24,0,0,0
BRDA:26,1,0,0
BRDA:26,1,1,0
BRDA:33,2,0,0
BRDA:33,2,1,0
BRDA:37,3,0,0
BRDA:37,3,1,0
BRDA:39,4,0,0
BRDA:39,4,1,0
BRDA:44,5,0,0
BRDA:44,5,1,0
BRDA:46,6,0,0
BRDA:46,6,1,0
BRF:13
BRH:0
end_of_record
TN:
SF:features\service-request\schemas\schemas.ts
FN:92,(anonymous_0)
FN:97,(anonymous_1)
FN:102,(anonymous_2)
FNF:3
FNH:0
FNDA:0,(anonymous_0)
FNDA:0,(anonymous_1)
FNDA:0,(anonymous_2)
DA:18,1
DA:39,1
DA:51,1
DA:74,1
DA:85,1
DA:92,0
DA:97,0
DA:103,0
DA:108,0
DA:109,0
LF:10
LH:5
BRDA:108,0,0,0
BRDA:108,0,1,0
BRF:2
BRH:0
end_of_record
TN:
SF:features\service-request\schemas\server-schemas.ts
FN:79,(anonymous_0)
FN:90,(anonymous_1)
FN:101,(anonymous_2)
FN:120,(anonymous_3)
FN:125,(anonymous_4)
FN:132,(anonymous_5)
FNF:6
FNH:0
FNDA:0,(anonymous_0)
FNDA:0,(anonymous_1)
FNDA:0,(anonymous_2)
FNDA:0,(anonymous_3)
FNDA:0,(anonymous_4)
FNDA:0,(anonymous_5)
DA:14,1
DA:17,1
DA:19,1
DA:41,1
DA:60,1
DA:79,0
DA:89,1
DA:91,0
DA:92,0
DA:93,0
DA:94,0
DA:102,0
DA:103,0
DA:104,0
DA:105,0
DA:106,0
DA:113,1
DA:120,0
DA:125,0
DA:132,1
DA:135,0
DA:137,0
DA:142,0
DA:143,0
DA:147,0
DA:151,0
LF:26
LH:8
BRDA:102,0,0,0
BRDA:102,0,1,0
BRDA:142,1,0,0
BRDA:142,1,1,0
BRDA:147,2,0,0
BRDA:147,2,1,0
BRF:6
BRH:0
end_of_record
TN:
SF:hooks\use-animated-counter.ts
FN:41,useAnimatedCounter
FN:49,(anonymous_1)
FN:62,(anonymous_2)
FN:67,(anonymous_3)
FNF:4
FNH:2
FNDA:176,useAnimatedCounter
FNDA:88,(anonymous_1)
FNDA:0,(anonymous_2)
FNDA:0,(anonymous_3)
DA:1,1
DA:46,176
DA:47,176
DA:49,176
DA:50,88
DA:51,88
DA:52,88
DA:53,88
DA:56,0
DA:59,0
DA:63,0
DA:67,0
DA:69,0
DA:70,0
DA:74,176
LF:15
LH:9
BRDA:43,0,0,176
BRDA:44,1,0,176
BRDA:50,2,0,88
BRDA:50,2,1,0
BRF:4
BRH:3
end_of_record
TN:
SF:lib\rate-limit.ts
FN:40,canUseRateLimit
FN:56,checkMemoryRateLimit
FN:85,getMemoryRemaining
FN:107,hashIp
FN:111,normalizeClientKey
FN:129,checkRateLimit
FN:212,getRemainingSubmissions
FNF:7
FNH:7
FNDA:30,canUseRateLimit
FNDA:24,checkMemoryRateLimit
FNDA:6,getMemoryRemaining
FNDA:28,hashIp
FNDA:30,normalizeClientKey
FNDA:24,checkRateLimit
FNDA:6,getRemainingSubmissions
DA:13,1
DA:19,1
DA:22,1
DA:25,1
DA:31,1
DA:32,0
DA:35,1
DA:37,1
DA:38,1
DA:41,30
DA:42,0
DA:43,0
DA:48,0
DA:50,0
DA:53,30
DA:61,24
DA:63,24
DA:64,24
DA:65,0
DA:68,24
DA:69,24
DA:70,13
DA:71,13
DA:74,11
DA:75,11
DA:77,11
DA:78,4
DA:79,4
DA:82,7
DA:86,6
DA:87,6
DA:88,6
DA:89,1
DA:92,5
DA:93,5
DA:94,2
DA:97,3
DA:108,28
DA:112,30
DA:113,30
DA:114,2
DA:117,28
DA:134,24
DA:135,0
DA:138,24
DA:139,24
DA:140,1
DA:141,0
DA:145,0
DA:148,1
DA:151,23
DA:154,23
DA:155,23
DA:159,0
DA:160,0
DA:161,0
DA:164,0
DA:165,0
DA:166,0
DA:167,0
DA:170,0
DA:173,0
DA:174,0
DA:178,0
DA:179,0
DA:180,0
DA:183,0
DA:185,0
DA:189,0
DA:195,0
DA:196,0
DA:199,0
DA:217,6
DA:218,0
DA:221,6
DA:222,6
DA:223,1
DA:226,5
DA:229,5
DA:230,5
DA:233,0
DA:234,0
DA:235,0
DA:237,0
DA:238,0
DA:239,6
DA:241,0
DA:245,0
DA:251,0
DA:252,0
DA:255,0
LF:91
LH:52
BRDA:22,0,0,1
BRDA:22,0,1,0
BRDA:22,1,0,0
BRDA:22,1,1,0
BRDA:25,2,0,1
BRDA:25,2,1,0
BRDA:25,3,0,1
BRDA:25,3,1,1
BRDA:25,3,2,0
BRDA:31,4,0,0
BRDA:31,4,1,1
BRDA:31,5,0,1
BRDA:31,5,1,0
BRDA:41,6,0,0
BRDA:41,6,1,30
BRDA:42,7,0,0
BRDA:42,7,1,0
BRDA:64,8,0,0
BRDA:64,8,1,24
BRDA:64,9,0,24
BRDA:64,9,1,0
BRDA:69,10,0,13
BRDA:69,10,1,11
BRDA:69,11,0,24
BRDA:69,11,1,12
BRDA:77,12,0,4
BRDA:77,12,1,7
BRDA:88,13,0,1
BRDA:88,13,1,5
BRDA:88,14,0,6
BRDA:88,14,1,1
BRDA:93,15,0,2
BRDA:93,15,1,3
BRDA:93,16,0,5
BRDA:93,16,1,3
BRDA:113,17,0,2
BRDA:113,17,1,28
BRDA:113,18,0,30
BRDA:113,18,1,30
BRDA:131,19,0,24
BRDA:132,20,0,24
BRDA:134,21,0,0
BRDA:134,21,1,24
BRDA:139,22,0,1
BRDA:139,22,1,23
BRDA:140,23,0,0
BRDA:140,23,1,1
BRDA:154,24,0,23
BRDA:154,24,1,0
BRDA:160,25,0,0
BRDA:160,25,1,0
BRDA:160,26,0,0
BRDA:160,26,1,0
BRDA:173,27,0,0
BRDA:173,27,1,0
BRDA:179,28,0,0
BRDA:179,28,1,0
BRDA:185,29,0,0
BRDA:185,29,1,0
BRDA:190,30,0,0
BRDA:190,30,1,0
BRDA:195,31,0,0
BRDA:195,31,1,0
BRDA:214,32,0,6
BRDA:215,33,0,6
BRDA:217,34,0,0
BRDA:217,34,1,6
BRDA:222,35,0,1
BRDA:222,35,1,5
BRDA:223,36,0,0
BRDA:223,36,1,1
BRDA:229,37,0,5
BRDA:229,37,1,0
BRDA:238,38,0,0
BRDA:238,38,1,0
BRDA:241,39,0,0
BRDA:241,39,1,0
BRDA:246,40,0,0
BRDA:246,40,1,0
BRDA:251,41,0,0
BRDA:251,41,1,0
BRF:81
BRH:41
end_of_record
TN:
SF:lib\scroll-to-section.ts
FN:29,getNavbarHeight
FN:49,getStickyBreadcrumbHeight
FN:78,getScrollOffset
FN:120,scrollToElementWithOffset
FNF:4
FNH:4
FNDA:14,getNavbarHeight
FNDA:7,getStickyBreadcrumbHeight
FNDA:16,getScrollOffset
FNDA:3,scrollToElementWithOffset
DA:1,3
DA:2,3
DA:3,3
DA:4,3
DA:6,3
DA:7,3
DA:11,3
DA:30,14
DA:31,14
DA:32,8
DA:33,8
DA:34,8
DA:35,8
DA:39,6
DA:40,6
DA:43,14
DA:46,14
DA:50,7
DA:53,7
DA:54,4
DA:57,4
DA:60,3
DA:61,3
DA:62,0
DA:65,0
DA:68,3
DA:72,3
DA:75,3
DA:85,16
DA:86,1
DA:91,15
DA:93,16
DA:94,16
DA:99,16
DA:101,16
DA:103,16
DA:117,16
DA:131,3
DA:132,1
DA:135,2
DA:143,2
DA:144,2
DA:146,2
DA:156,3
DA:162,3
LF:45
LH:43
BRDA:31,0,0,8
BRDA:31,0,1,6
BRDA:33,1,0,8
BRDA:33,1,1,0
BRDA:40,2,0,0
BRDA:40,2,1,6
BRDA:44,3,0,0
BRDA:44,3,1,6
BRDA:53,4,0,4
BRDA:53,4,1,3
BRDA:61,5,0,0
BRDA:61,5,1,3
BRDA:61,6,0,3
BRDA:61,6,1,3
BRDA:78,7,0,16
BRDA:79,8,0,16
BRDA:80,9,0,16
BRDA:81,10,0,16
BRDA:83,11,0,16
BRDA:85,12,0,1
BRDA:85,12,1,15
BRDA:91,13,0,11
BRDA:91,13,1,4
BRDA:93,14,0,14
BRDA:93,14,1,1
BRDA:94,15,0,7
BRDA:94,15,1,8
BRDA:99,16,0,3
BRDA:99,16,1,12
BRDA:112,17,0,3
BRDA:112,17,1,12
BRDA:122,18,0,3
BRDA:123,19,0,3
BRDA:124,20,0,3
BRDA:125,21,0,3
BRDA:126,22,0,3
BRDA:128,23,0,3
BRDA:131,24,0,1
BRDA:131,24,1,2
BRDA:147,25,0,2
BRDA:147,25,1,0
BRDA:147,25,2,0
BRF:42
BRH:36
end_of_record
TN:
SF:lib\site-config.ts
FN:107,(anonymous_0)
FN:130,(anonymous_1)
FN:141,(anonymous_2)
FN:145,(anonymous_3)
FN:149,(anonymous_4)
FN:154,(anonymous_5)
FN:158,(anonymous_6)
FNF:7
FNH:0
FNDA:0,(anonymous_0)
FNDA:0,(anonymous_1)
FNDA:0,(anonymous_2)
FNDA:0,(anonymous_3)
FNDA:0,(anonymous_4)
FNDA:0,(anonymous_5)
FNDA:0,(anonymous_6)
DA:9,1
DA:11,1
DA:108,0
DA:131,0
DA:142,0
DA:146,0
DA:150,0
DA:155,0
DA:158,0
LF:9
LH:2
BRDA:9,0,0,1
BRDA:9,0,1,0
BRDA:114,1,0,0
BRDA:114,1,1,0
BRF:4
BRH:1
end_of_record
TN:
SF:lib\use-animated-borders.tsx
FN:24,useAnimatedBorders
FN:47,AnimatedBorders
FN:60,(anonymous_2)
FNF:3
FNH:3
FNDA:4,useAnimatedBorders
FNDA:2,AnimatedBorders
FNDA:4,(anonymous_2)
DA:25,4
DA:26,4
DA:28,4
DA:34,4
DA:40,4
DA:60,4
DA:61,2
DA:63,2
DA:64,0
DA:78,2
LF:10
LH:9
BRDA:50,0,0,2
BRDA:63,1,0,0
BRDA:63,1,1,2
BRDA:69,2,0,0
BRDA:69,2,1,0
BRDA:86,3,0,2
BRDA:86,3,1,0
BRF:7
BRH:3
end_of_record
TN:
SF:lib\utils.ts
FN:29,cn
FNF:1
FNH:1
FNDA:2,cn
DA:30,2
LF:1
LH:1
BRF:0
BRH:0
end_of_record
TN:
SF:lib\actions\validate-search-params.ts
FN:25,validateProjectsSearchParams
FN:47,validateNewsHubSearchParams
FN:78,validateErrorTestSearchParams
FN:88,safeValidateProjectsParams
FN:109,safeValidateNewsHubParams
FN:129,safeValidateErrorTestParams
FNF:6
FNH:2
FNDA:0,validateProjectsSearchParams
FNDA:2,validateNewsHubSearchParams
FNDA:0,validateErrorTestSearchParams
FNDA:0,safeValidateProjectsParams
FNDA:1,safeValidateNewsHubParams
FNDA:0,safeValidateErrorTestParams
DA:1,1
DA:28,0
DA:31,0
DA:32,0
DA:41,0
DA:50,2
DA:52,2
DA:57,0
DA:66,2
DA:81,0
DA:91,0
DA:92,0
DA:94,0
DA:95,0
DA:100,0
DA:102,0
DA:112,1
DA:113,1
DA:115,0
DA:116,0
DA:120,0
DA:122,0
DA:132,0
DA:133,0
DA:135,0
DA:136,0
DA:140,0
DA:142,0
LF:28
LH:6
BRDA:31,0,0,0
BRDA:31,0,1,0
BRDA:31,1,0,0
BRDA:31,1,1,0
BRDA:52,2,0,0
BRDA:52,2,1,2
BRDA:53,3,0,2
BRDA:53,3,1,2
BRDA:53,3,2,0
BRDA:94,4,0,0
BRDA:94,4,1,0
BRDA:115,5,0,0
BRDA:115,5,1,0
BRDA:135,6,0,0
BRDA:135,6,1,0
BRF:15
BRH:3
end_of_record
TN:
SF:lib\email\config\email-config-builder.ts
FN:86,resolveAbsoluteUrl
FN:95,lighten
FN:100,(anonymous_2)
FN:103,darken
FN:108,(anonymous_4)
FN:111,parseUrgencyColors
FN:151,parseSlaValues
FN:202,buildEmailConfig
FN:271,getLogoHtml
FN:284,getSharedHeaderHtml
FN:372,getSharedFooterHtml
FN:407,getUrgencyBadgeStyleFromConfig
FNF:12
FNH:0
FNDA:0,resolveAbsoluteUrl
FNDA:0,lighten
FNDA:0,(anonymous_2)
FNDA:0,darken
FNDA:0,(anonymous_4)
FNDA:0,parseUrgencyColors
FNDA:0,parseSlaValues
FNDA:0,buildEmailConfig
FNDA:0,getLogoHtml
FNDA:0,getSharedHeaderHtml
FNDA:0,getSharedFooterHtml
FNDA:0,getUrgencyBadgeStyleFromConfig
DA:84,1
DA:87,0
DA:88,0
DA:91,0
DA:96,0
DA:97,0
DA:98,0
DA:99,0
DA:100,0
DA:104,0
DA:105,0
DA:106,0
DA:107,0
DA:108,0
DA:114,0
DA:135,0
DA:137,0
DA:138,0
DA:141,0
DA:147,0
DA:152,0
DA:160,0
DA:161,0
DA:162,0
DA:163,0
DA:169,0
DA:203,0
DA:204,0
DA:206,0
DA:211,0
DA:213,0
DA:261,0
DA:272,0
DA:273,0
DA:275,0
DA:297,0
DA:298,0
DA:299,0
DA:300,0
DA:301,0
DA:305,0
DA:322,0
DA:323,0
DA:326,0
DA:343,0
DA:376,0
DA:379,0
DA:382,0
DA:383,0
DA:394,0
DA:411,0
DA:412,0
LF:52
LH:1
BRDA:87,0,0,0
BRDA:87,0,1,0
BRDA:87,1,0,0
BRDA:87,1,1,0
BRDA:135,2,0,0
BRDA:135,2,1,0
BRDA:160,3,0,0
BRDA:160,3,1,0
BRDA:203,4,0,0
BRDA:203,4,1,0
BRDA:204,5,0,0
BRDA:204,5,1,0
BRDA:211,6,0,0
BRDA:211,6,1,0
BRDA:215,7,0,0
BRDA:215,7,1,0
BRDA:217,8,0,0
BRDA:217,8,1,0
BRDA:218,9,0,0
BRDA:218,9,1,0
BRDA:219,10,0,0
BRDA:219,10,1,0
BRDA:222,11,0,0
BRDA:222,11,1,0
BRDA:222,11,2,0
BRDA:225,12,0,0
BRDA:225,12,1,0
BRDA:227,13,0,0
BRDA:227,13,1,0
BRDA:228,14,0,0
BRDA:228,14,1,0
BRDA:236,15,0,0
BRDA:236,15,1,0
BRDA:238,16,0,0
BRDA:238,16,1,0
BRDA:242,17,0,0
BRDA:242,17,1,0
BRDA:244,18,0,0
BRDA:244,18,1,0
BRDA:244,18,2,0
BRDA:248,19,0,0
BRDA:248,19,1,0
BRDA:248,19,2,0
BRDA:251,20,0,0
BRDA:251,20,1,0
BRDA:252,21,0,0
BRDA:252,21,1,0
BRDA:253,22,0,0
BRDA:253,22,1,0
BRDA:254,23,0,0
BRDA:254,23,1,0
BRDA:255,24,0,0
BRDA:255,24,1,0
BRDA:273,25,0,0
BRDA:273,25,1,0
BRDA:297,26,0,0
BRDA:297,26,1,0
BRDA:298,27,0,0
BRDA:298,27,1,0
BRDA:299,28,0,0
BRDA:299,28,1,0
BRDA:300,29,0,0
BRDA:300,29,1,0
BRDA:301,30,0,0
BRDA:301,30,1,0
BRDA:323,31,0,0
BRDA:323,31,1,0
BRDA:326,32,0,0
BRDA:326,32,1,0
BRDA:336,33,0,0
BRDA:336,33,1,0
BRDA:365,34,0,0
BRDA:365,34,1,0
BRDA:374,35,0,0
BRDA:379,36,0,0
BRDA:379,36,1,0
BRDA:382,37,0,0
BRDA:382,37,1,0
BRDA:387,38,0,0
BRDA:387,38,1,0
BRF:80
BRH:0
end_of_record
TN:
SF:lib\email\config\email-config.ts
FNF:0
FNH:0
LF:0
LH:0
BRF:0
BRH:0
end_of_record
TN:
SF:lib\email\services\delivery-log.ts
FN:55,getStore
FN:69,logDelivery
FN:103,getDeliveryLogs
FN:110,(anonymous_3)
FN:113,(anonymous_4)
FN:116,(anonymous_5)
FN:120,(anonymous_6)
FN:142,getDeliveryStats
FN:189,clearDeliveryLogs
FNF:9
FNH:0
FNDA:0,getStore
FNDA:0,logDelivery
FNDA:0,getDeliveryLogs
FNDA:0,(anonymous_3)
FNDA:0,(anonymous_4)
FNDA:0,(anonymous_5)
FNDA:0,(anonymous_6)
FNDA:0,getDeliveryStats
FNDA:0,clearDeliveryLogs
DA:1,1
DA:52,1
DA:53,1
DA:56,0
DA:57,0
DA:58,0
DA:60,0
DA:67,1
DA:72,0
DA:73,0
DA:75,0
DA:82,0
DA:83,0
DA:84,0
DA:87,0
DA:106,0
DA:107,0
DA:109,0
DA:110,0
DA:112,0
DA:113,0
DA:115,0
DA:116,0
DA:118,0
DA:119,0
DA:120,0
DA:122,0
DA:130,0
DA:131,0
DA:132,0
DA:133,0
DA:135,0
DA:143,0
DA:144,0
DA:145,0
DA:146,0
DA:148,0
DA:161,0
DA:163,0
DA:164,0
DA:165,0
DA:166,0
DA:169,0
DA:172,0
DA:175,0
DA:176,0
DA:177,0
DA:180,0
DA:182,0
DA:190,0
DA:191,0
DA:192,0
DA:193,0
LF:53
LH:4
BRDA:57,0,0,0
BRDA:57,0,1,0
BRDA:83,1,0,0
BRDA:83,1,1,0
BRDA:104,2,0,0
BRDA:109,3,0,0
BRDA:109,3,1,0
BRDA:112,4,0,0
BRDA:112,4,1,0
BRDA:115,5,0,0
BRDA:115,5,1,0
BRDA:118,6,0,0
BRDA:118,6,1,0
BRDA:122,7,0,0
BRDA:122,7,1,0
BRDA:122,7,2,0
BRDA:122,7,3,0
BRDA:122,7,4,0
BRDA:122,7,5,0
BRDA:122,7,6,0
BRDA:131,8,0,0
BRDA:131,8,1,0
BRDA:132,9,0,0
BRDA:132,9,1,0
BRDA:163,10,0,0
BRDA:163,10,1,0
BRDA:163,11,0,0
BRDA:163,11,1,0
BRDA:164,12,0,0
BRDA:164,12,1,0
BRDA:165,13,0,0
BRDA:165,13,1,0
BRDA:166,14,0,0
BRDA:166,14,1,0
BRDA:176,15,0,0
BRDA:176,15,1,0
BRDA:177,16,0,0
BRDA:177,16,1,0
BRDA:180,17,0,0
BRDA:180,17,1,0
BRF:40
BRH:0
end_of_record
TN:
SF:lib\email\services\email-config.tsx
FN:164,(anonymous_0)
FN:171,(anonymous_1)
FN:181,(anonymous_2)
FN:188,(anonymous_3)
FN:196,(anonymous_4)
FN:202,(anonymous_5)
FN:216,getHeaderGradient
FN:222,getDefaultHeaderGradient
FN:227,getUrgencyBadgeStyle
FN:233,getUrgencyCardStyle
FN:239,getFooterHtml
FN:256,getContactInfoHtml
FNF:12
FNH:0
FNDA:0,(anonymous_0)
FNDA:0,(anonymous_1)
FNDA:0,(anonymous_2)
FNDA:0,(anonymous_3)
FNDA:0,(anonymous_4)
FNDA:0,(anonymous_5)
FNDA:0,getHeaderGradient
FNDA:0,getDefaultHeaderGradient
FNDA:0,getUrgencyBadgeStyle
FNDA:0,getUrgencyCardStyle
FNDA:0,getFooterHtml
FNDA:0,getContactInfoHtml
DA:16,1
DA:44,1
DA:85,1
DA:126,1
DA:162,1
DA:165,0
DA:172,0
DA:182,0
DA:189,0
DA:196,0
DA:203,0
DA:217,0
DA:218,0
DA:223,0
DA:228,0
DA:229,0
DA:234,0
DA:235,0
DA:242,0
DA:243,0
DA:248,0
DA:257,0
LF:22
LH:5
BRDA:172,0,0,0
BRDA:172,0,1,0
BRDA:174,1,0,0
BRDA:174,1,1,0
BRDA:189,2,0,0
BRDA:189,2,1,0
BRDA:203,3,0,0
BRDA:203,3,1,0
BRDA:235,4,0,0
BRDA:235,4,1,0
BRDA:240,5,0,0
BRDA:242,6,0,0
BRDA:242,6,1,0
BRF:13
BRH:0
end_of_record
TN:
SF:lib\hooks\use-cycling-text.ts
FN:61,useCyclingText
FN:80,(anonymous_1)
FN:108,(anonymous_2)
FN:109,(anonymous_3)
FN:123,(anonymous_4)
FNF:5
FNH:5
FNDA:14,useCyclingText
FNDA:7,(anonymous_1)
FNDA:7,(anonymous_2)
FNDA:5,(anonymous_3)
FNDA:3,(anonymous_4)
DA:1,1
DA:66,14
DA:69,14
DA:72,14
DA:75,14
DA:78,14
DA:80,14
DA:82,7
DA:85,7
DA:86,4
DA:87,3
DA:89,4
DA:90,4
DA:94,3
DA:95,0
DA:96,0
DA:100,3
DA:101,0
DA:102,0
DA:106,3
DA:108,3
DA:109,7
DA:110,5
DA:113,5
DA:114,1
DA:115,1
DA:118,4
DA:123,3
DA:124,3
DA:125,3
DA:130,14
LF:31
LH:27
BRDA:63,0,0,14
BRDA:72,1,0,14
BRDA:72,1,1,8
BRDA:78,2,0,14
BRDA:78,2,1,1
BRDA:85,3,0,4
BRDA:85,3,1,3
BRDA:86,4,0,3
BRDA:86,4,1,1
BRDA:94,5,0,0
BRDA:94,5,1,3
BRDA:100,6,0,0
BRDA:100,6,1,3
BRDA:113,7,0,1
BRDA:113,7,1,4
BRDA:124,8,0,3
BRDA:124,8,1,0
BRF:17
BRH:14
end_of_record
TN:
SF:lib\hooks\useIntersectionObserverAnimation.ts
FN:73,useIntersectionObserverAnimation
FN:83,(anonymous_1)
FN:88,(anonymous_2)
FN:91,(anonymous_3)
FN:110,(anonymous_4)
FNF:5
FNH:4
FNDA:44,useIntersectionObserverAnimation
FNDA:22,(anonymous_1)
FNDA:44,(anonymous_2)
FNDA:0,(anonymous_3)
FNDA:22,(anonymous_4)
DA:1,1
DA:78,44
DA:79,44
DA:80,44
DA:83,44
DA:84,22
DA:88,44
DA:89,44
DA:91,22
DA:93,0
DA:94,0
DA:97,0
DA:98,0
DA:107,44
DA:108,44
DA:110,44
DA:111,22
DA:116,44
LF:18
LH:14
BRDA:75,0,0,44
BRDA:76,1,0,44
BRDA:89,2,0,22
BRDA:89,2,1,22
BRDA:89,3,0,44
BRDA:89,3,1,22
BRDA:97,4,0,0
BRDA:97,4,1,0
BRDA:102,5,0,0
BRDA:102,5,1,22
BRDA:117,6,0,22
BRDA:117,6,1,22
BRF:12
BRH:9
end_of_record
TN:
SF:lib\sanitize\input-sanitizer.ts
FN:12,(anonymous_0)
FN:27,(anonymous_1)
FN:35,(anonymous_2)
FN:46,(anonymous_3)
FN:57,(anonymous_4)
FNF:5
FNH:0
FNDA:0,(anonymous_0)
FNDA:0,(anonymous_1)
FNDA:0,(anonymous_2)
FNDA:0,(anonymous_3)
FNDA:0,(anonymous_4)
DA:8,1
DA:13,0
DA:15,0
DA:28,0
DA:29,0
DA:36,0
DA:37,0
DA:47,0
DA:48,0
DA:58,0
DA:59,0
LF:11
LH:1
BRDA:13,0,0,0
BRDA:13,0,1,0
BRDA:28,1,0,0
BRDA:28,1,1,0
BRDA:36,2,0,0
BRDA:36,2,1,0
BRDA:47,3,0,0
BRDA:47,3,1,0
BRDA:58,4,0,0
BRDA:58,4,1,0
BRF:10
BRH:0
end_of_record
TN:
SF:lib\schemas\search-params.ts
FN:50,validateSearchParams
FN:66,safeValidateSearchParams
FNF:2
FNH:2
FNDA:12,validateSearchParams
FNDA:5,safeValidateSearchParams
DA:14,1
DA:27,1
DA:40,1
DA:55,12
DA:59,12
DA:71,5
DA:72,5
DA:74,3
DA:75,2
DA:76,2
DA:78,1
LF:11
LH:11
BRDA:55,0,0,2
BRDA:55,0,1,10
BRDA:74,1,0,2
BRDA:74,1,1,1
BRF:4
BRH:4
end_of_record
TN:
SF:lib\schemas\timeline.ts
FN:3,(anonymous_0)
FNF:1
FNH:1
FNDA:54,(anonymous_0)
DA:3,3
DA:4,54
DA:6,3
DA:7,3
DA:8,3
DA:14,3
DA:30,3
DA:39,3
DA:48,3
DA:52,3
DA:62,3
DA:66,3
DA:75,3
DA:77,3
DA:84,3
DA:93,3
LF:16
LH:16
BRF:0
BRH:0
end_of_record
TN:
SF:lib\security\csrf.ts
FN:26,generateCsrfToken
FN:33,setCsrfToken
FN:51,getCsrfToken
FN:60,validateCsrfToken
FN:78,timingSafeEqual
FN:96,validateOrigin
FN:108,(anonymous_6)
FN:124,securityCheck
FNF:8
FNH:0
FNDA:0,generateCsrfToken
FNDA:0,setCsrfToken
FNDA:0,getCsrfToken
FNDA:0,validateCsrfToken
FNDA:0,timingSafeEqual
FNDA:0,validateOrigin
FNDA:0,(anonymous_6)
FNDA:0,securityCheck
DA:20,1
DA:21,1
DA:27,0
DA:34,0
DA:35,0
DA:37,0
DA:45,0
DA:52,0
DA:53,0
DA:61,0
DA:62,0
DA:64,0
DA:65,0
DA:67,0
DA:68,0
DA:72,0
DA:79,0
DA:80,0
DA:83,0
DA:84,0
DA:85,0
DA:88,0
DA:97,0
DA:98,0
DA:99,0
DA:101,0
DA:103,0
DA:107,0
DA:108,0
DA:112,0
DA:113,0
DA:114,0
DA:116,0
DA:130,0
DA:133,0
DA:134,0
DA:135,0
DA:136,0
DA:140,0
LF:39
LH:2
BRDA:67,0,0,0
BRDA:67,0,1,0
BRDA:67,1,0,0
BRDA:67,1,1,0
BRDA:79,2,0,0
BRDA:79,2,1,0
BRDA:101,3,0,0
BRDA:101,3,1,0
BRDA:107,4,0,0
BRDA:107,4,1,0
BRDA:107,5,0,0
BRDA:107,5,1,0
BRDA:125,6,0,0
BRDA:130,7,0,0
BRDA:133,8,0,0
BRDA:133,8,1,0
BRDA:135,9,0,0
BRDA:135,9,1,0
BRF:18
BRH:0
end_of_record
TN:
SF:lib\security\rate-limiter.ts
FN:42,startCleanup
FN:45,(anonymous_1)
FN:63,createRateLimiter
FN:71,(anonymous_3)
FN:111,(anonymous_4)
FN:156,getClientIdentifier
FNF:6
FNH:2
FNDA:5,startCleanup
FNDA:0,(anonymous_1)
FNDA:5,createRateLimiter
FNDA:0,(anonymous_3)
FNDA:0,(anonymous_4)
FNDA:0,getClientIdentifier
DA:35,1
DA:38,1
DA:40,1
DA:43,5
DA:45,1
DA:46,0
DA:47,0
DA:48,0
DA:49,0
DA:55,1
DA:56,1
DA:64,5
DA:66,5
DA:72,0
DA:73,0
DA:74,0
DA:77,0
DA:78,0
DA:82,0
DA:90,0
DA:93,0
DA:94,0
DA:101,0
DA:112,0
DA:120,1
DA:157,0
DA:158,0
DA:162,0
DA:163,0
DA:164,0
DA:167,0
DA:168,0
DA:169,0
DA:172,0
LF:34
LH:10
BRDA:43,0,0,4
BRDA:43,0,1,1
BRDA:48,1,0,0
BRDA:48,1,1,0
BRDA:55,2,0,1
BRDA:55,2,1,0
BRDA:77,3,0,0
BRDA:77,3,1,0
BRDA:77,4,0,0
BRDA:77,4,1,0
BRDA:93,5,0,0
BRDA:93,5,1,0
BRDA:157,6,0,0
BRDA:157,6,1,0
BRDA:163,7,0,0
BRDA:163,7,1,0
BRDA:168,8,0,0
BRDA:168,8,1,0
BRF:18
BRH:3
end_of_record
TN:
SF:lib\security\turnstile.ts
FN:23,normalizeHostname
FN:30,(anonymous_1)
FN:31,(anonymous_2)
FN:40,resolveExpectedTurnstileHostnames
FN:61,mapTurnstileFailure
FN:76,verifyTurnstileToken
FN:101,(anonymous_6)
FNF:7
FNH:0
FNDA:0,normalizeHostname
FNDA:0,(anonymous_1)
FNDA:0,(anonymous_2)
FNDA:0,resolveExpectedTurnstileHostnames
FNDA:0,mapTurnstileFailure
FNDA:0,verifyTurnstileToken
FNDA:0,(anonymous_6)
DA:21,1
DA:24,0
DA:25,0
DA:28,0
DA:30,0
DA:31,0
DA:33,0
DA:34,0
DA:37,0
DA:44,0
DA:45,0
DA:46,0
DA:48,0
DA:49,0
DA:52,0
DA:53,0
DA:56,0
DA:58,0
DA:62,0
DA:63,0
DA:66,0
DA:70,0
DA:73,0
DA:85,0
DA:86,0
DA:92,0
DA:99,0
DA:100,0
DA:101,0
DA:103,0
DA:109,0
DA:110,0
DA:113,0
DA:122,0
DA:123,0
DA:125,0
DA:126,0
DA:130,0
DA:136,0
DA:138,0
DA:139,0
DA:144,0
DA:150,0
DA:152,0
DA:156,0
DA:161,0
DA:162,0
LF:47
LH:1
BRDA:24,0,0,0
BRDA:24,0,1,0
BRDA:33,1,0,0
BRDA:33,1,1,0
BRDA:37,2,0,0
BRDA:37,2,1,0
BRDA:48,3,0,0
BRDA:48,3,1,0
BRDA:52,4,0,0
BRDA:52,4,1,0
BRDA:62,5,0,0
BRDA:62,5,1,0
BRDA:66,6,0,0
BRDA:66,6,1,0
BRDA:67,7,0,0
BRDA:67,7,1,0
BRDA:83,8,0,0
BRDA:85,9,0,0
BRDA:85,9,1,0
BRDA:109,10,0,0
BRDA:109,10,1,0
BRDA:123,11,0,0
BRDA:123,11,1,0
BRDA:125,12,0,0
BRDA:125,12,1,0
BRDA:125,13,0,0
BRDA:125,13,1,0
BRDA:138,14,0,0
BRDA:138,14,1,0
BRDA:138,15,0,0
BRDA:138,15,1,0
BRDA:153,16,0,0
BRDA:153,16,1,0
BRDA:161,17,0,0
BRDA:161,17,1,0
BRF:35
BRH:0
end_of_record
TN:
SF:lib\strapi\global\company-settings\company-settings.ts
FN:12,getCompanySettings
FNF:1
FNH:0
FNDA:0,getCompanySettings
DA:13,0
LF:1
LH:0
BRF:0
BRH:0
end_of_record
TN:
SF:lib\strapi\global\email-settings\email-settings.ts
FN:14,getEmailSettings
FNF:1
FNH:0
FNDA:0,getEmailSettings
DA:15,0
LF:1
LH:0
BRF:0
BRH:0
end_of_record
TN:
SF:lib\timeline\progress-controller.ts
FN:24,clamp01
FN:28,applyTopWeightedActivationBias
FN:34,createLinearThresholds
FN:39,(anonymous_3)
FN:42,createGeometryThresholdsFromSamples
FN:50,(anonymous_5)
FN:54,(anonymous_6)
FN:61,createGeometryThresholdsFromElements
FN:66,(anonymous_8)
FN:79,createTimelineScrollOffsetPercent
FN:106,toTimelineScrollOffset
FN:115,getFixedHeaderHeight
FN:128,getTimelineNodeState
FN:156,useTimelineProgressController
FN:162,(anonymous_14)
FN:170,(anonymous_15)
FN:176,(anonymous_16)
FN:184,(anonymous_17)
FN:190,(anonymous_18)
FN:209,(anonymous_19)
FN:215,(anonymous_20)
FN:217,(anonymous_21)
FN:224,(anonymous_22)
FNF:23
FNH:21
FNDA:6,clamp01
FNDA:3,applyTopWeightedActivationBias
FNDA:9,createLinearThresholds
FNDA:25,(anonymous_3)
FNDA:5,createGeometryThresholdsFromSamples
FNDA:3,(anonymous_5)
FNDA:3,(anonymous_6)
FNDA:3,createGeometryThresholdsFromElements
FNDA:11,(anonymous_8)
FNDA:4,createTimelineScrollOffsetPercent
FNDA:4,toTimelineScrollOffset
FNDA:3,getFixedHeaderHeight
FNDA:2,getTimelineNodeState
FNDA:6,useTimelineProgressController
FNDA:3,(anonymous_14)
FNDA:3,(anonymous_15)
FNDA:11,(anonymous_16)
FNDA:3,(anonymous_17)
FNDA:3,(anonymous_18)
FNDA:0,(anonymous_19)
FNDA:11,(anonymous_20)
FNDA:0,(anonymous_21)
FNDA:3,(anonymous_22)
DA:1,2
DA:19,2
DA:20,2
DA:21,2
DA:22,2
DA:25,6
DA:29,3
DA:30,3
DA:31,3
DA:35,9
DA:36,3
DA:39,25
DA:46,5
DA:47,4
DA:50,1
DA:51,3
DA:54,1
DA:55,3
DA:56,3
DA:57,3
DA:65,3
DA:66,3
DA:68,11
DA:69,11
DA:76,3
DA:82,4
DA:84,4
DA:85,4
DA:88,4
DA:92,4
DA:103,4
DA:109,4
DA:116,3
DA:117,0
DA:120,3
DA:133,2
DA:134,0
DA:137,2
DA:138,1
DA:141,1
DA:162,6
DA:163,3
DA:165,6
DA:170,6
DA:171,3
DA:172,0
DA:175,3
DA:176,3
DA:177,11
DA:180,3
DA:181,0
DA:184,3
DA:185,3
DA:190,3
DA:192,3
DA:196,3
DA:206,3
DA:207,3
DA:209,3
DA:210,0
DA:211,0
DA:214,3
DA:215,11
DA:217,3
DA:218,0
DA:219,0
DA:222,3
DA:224,3
DA:225,3
DA:226,3
DA:230,6
LF:71
LH:63
BRDA:35,0,0,3
BRDA:35,0,1,6
BRDA:46,1,0,4
BRDA:46,1,1,1
BRDA:84,2,0,4
BRDA:84,2,1,4
BRDA:85,3,0,4
BRDA:85,3,1,4
BRDA:88,4,0,4
BRDA:88,4,1,0
BRDA:116,5,0,0
BRDA:116,5,1,3
BRDA:133,6,0,0
BRDA:133,6,1,2
BRDA:137,7,0,1
BRDA:137,7,1,1
BRDA:137,8,0,2
BRDA:137,8,1,1
BRDA:160,9,0,6
BRDA:171,10,0,0
BRDA:171,10,1,3
BRDA:180,11,0,0
BRDA:180,11,1,3
BRDA:180,12,0,3
BRDA:180,12,1,3
BRDA:192,13,0,3
BRDA:192,13,1,0
BRDA:192,14,0,3
BRDA:192,14,1,3
BRF:29
BRH:23
end_of_record
TN:
SF:lib\timeline\adapters\_utils.ts
FN:6,(anonymous_0)
FN:10,(anonymous_1)
FN:23,slugify
FN:31,createTimelineId
FNF:4
FNH:4
FNDA:2,(anonymous_0)
FNDA:2,(anonymous_1)
FNDA:38,slugify
FNDA:19,createTimelineId
DA:8,2
DA:11,2
DA:16,2
DA:17,2
DA:18,2
DA:19,2
DA:24,38
DA:37,19
DA:38,19
DA:39,19
LF:10
LH:10
BRDA:8,0,0,2
BRDA:8,0,1,0
BRDA:11,1,0,2
BRDA:11,1,1,0
BRF:4
BRH:2
end_of_record
TN:
SF:lib\timeline\adapters\company.ts
FN:11,adaptCompanyTimeline
FN:21,(anonymous_1)
FNF:2
FNH:2
FNDA:3,adaptCompanyTimeline
FNDA:10,(anonymous_1)
DA:14,3
DA:15,3
DA:17,3
DA:21,10
DA:34,1
LF:5
LH:5
BRDA:30,0,0,10
BRDA:30,0,1,1
BRF:2
BRH:2
end_of_record
TN:
SF:lib\timeline\adapters\index.ts
FNF:0
FNH:0
LF:0
LH:0
BRF:0
BRH:0
end_of_record
TN:
SF:lib\timeline\adapters\news.ts
FN:13,normalizeTimelineText
FN:21,adaptNewsTimeline
FN:31,(anonymous_2)
FNF:3
FNH:3
FNDA:22,normalizeTimelineText
FNDA:3,adaptNewsTimeline
FNDA:4,(anonymous_2)
DA:9,2
DA:10,2
DA:11,2
DA:14,22
DA:24,3
DA:25,3
DA:27,3
DA:31,4
DA:51,0
LF:9
LH:8
BRDA:44,0,0,2
BRDA:44,0,1,2
BRF:2
BRH:2
end_of_record
TN:
SF:lib\timeline\adapters\project.ts
FN:13,normalizeTimelineText
FN:21,adaptProjectTimeline
FN:31,(anonymous_2)
FNF:3
FNH:3
FNDA:30,normalizeTimelineText
FNDA:4,adaptProjectTimeline
FNDA:5,(anonymous_2)
DA:9,2
DA:10,2
DA:11,2
DA:14,30
DA:24,4
DA:25,4
DA:27,4
DA:31,5
DA:50,1
LF:9
LH:9
BRF:0
BRH:0
end_of_record
