TN:
SF:lib\rate-limit.ts
FN:40,canUseRateLimit
FN:56,checkMemoryRateLimit
FN:85,getMemoryRemaining
FN:107,hashIp
FN:111,normalizeClientKey
FN:129,checkRateLimit
FN:212,getRemainingSubmissions
FNF:7
FNH:7
FNDA:30,canUseRateLimit
FNDA:24,checkMemoryRateLimit
FNDA:6,getMemoryRemaining
FNDA:28,hashIp
FNDA:30,normalizeClientKey
FNDA:24,checkRateLimit
FNDA:6,getRemainingSubmissions
DA:13,1
DA:19,1
DA:22,1
DA:25,1
DA:31,1
DA:32,0
DA:35,1
DA:37,1
DA:38,1
DA:41,30
DA:42,0
DA:43,0
DA:48,0
DA:50,0
DA:53,30
DA:61,24
DA:63,24
DA:64,24
DA:65,0
DA:68,24
DA:69,24
DA:70,13
DA:71,13
DA:74,11
DA:75,11
DA:77,11
DA:78,4
DA:79,4
DA:82,7
DA:86,6
DA:87,6
DA:88,6
DA:89,1
DA:92,5
DA:93,5
DA:94,2
DA:97,3
DA:108,28
DA:112,30
DA:113,30
DA:114,2
DA:117,28
DA:134,24
DA:135,0
DA:138,24
DA:139,24
DA:140,1
DA:141,0
DA:145,0
DA:148,1
DA:151,23
DA:154,23
DA:155,23
DA:159,0
DA:160,0
DA:161,0
DA:164,0
DA:165,0
DA:166,0
DA:167,0
DA:170,0
DA:173,0
DA:174,0
DA:178,0
DA:179,0
DA:180,0
DA:183,0
DA:185,0
DA:189,0
DA:195,0
DA:196,0
DA:199,0
DA:217,6
DA:218,0
DA:221,6
DA:222,6
DA:223,1
DA:226,5
DA:229,5
DA:230,5
DA:233,0
DA:234,0
DA:235,0
DA:237,0
DA:238,0
DA:239,6
DA:241,0
DA:245,0
DA:251,0
DA:252,0
DA:255,0
LF:91
LH:52
BRDA:22,0,0,1
BRDA:22,0,1,0
BRDA:22,1,0,0
BRDA:22,1,1,0
BRDA:25,2,0,1
BRDA:25,2,1,0
BRDA:25,3,0,1
BRDA:25,3,1,1
BRDA:25,3,2,0
BRDA:31,4,0,0
BRDA:31,4,1,1
BRDA:31,5,0,1
BRDA:31,5,1,0
BRDA:41,6,0,0
BRDA:41,6,1,30
BRDA:42,7,0,0
BRDA:42,7,1,0
BRDA:64,8,0,0
BRDA:64,8,1,24
BRDA:64,9,0,24
BRDA:64,9,1,0
BRDA:69,10,0,13
BRDA:69,10,1,11
BRDA:69,11,0,24
BRDA:69,11,1,12
BRDA:77,12,0,4
BRDA:77,12,1,7
BRDA:88,13,0,1
BRDA:88,13,1,5
BRDA:88,14,0,6
BRDA:88,14,1,1
BRDA:93,15,0,2
BRDA:93,15,1,3
BRDA:93,16,0,5
BRDA:93,16,1,3
BRDA:113,17,0,2
BRDA:113,17,1,28
BRDA:113,18,0,30
BRDA:113,18,1,30
BRDA:131,19,0,24
BRDA:132,20,0,24
BRDA:134,21,0,0
BRDA:134,21,1,24
BRDA:139,22,0,1
BRDA:139,22,1,23
BRDA:140,23,0,0
BRDA:140,23,1,1
BRDA:154,24,0,23
BRDA:154,24,1,0
BRDA:160,25,0,0
BRDA:160,25,1,0
BRDA:160,26,0,0
BRDA:160,26,1,0
BRDA:173,27,0,0
BRDA:173,27,1,0
BRDA:179,28,0,0
BRDA:179,28,1,0
BRDA:185,29,0,0
BRDA:185,29,1,0
BRDA:190,30,0,0
BRDA:190,30,1,0
BRDA:195,31,0,0
BRDA:195,31,1,0
BRDA:214,32,0,6
BRDA:215,33,0,6
BRDA:217,34,0,0
BRDA:217,34,1,6
BRDA:222,35,0,1
BRDA:222,35,1,5
BRDA:223,36,0,0
BRDA:223,36,1,1
BRDA:229,37,0,5
BRDA:229,37,1,0
BRDA:238,38,0,0
BRDA:238,38,1,0
BRDA:241,39,0,0
BRDA:241,39,1,0
BRDA:246,40,0,0
BRDA:246,40,1,0
BRDA:251,41,0,0
BRDA:251,41,1,0
BRF:81
BRH:41
end_of_record
